{"numTotalTestSuites":530,"numPassedTestSuites":530,"numFailedTestSuites":0,"numPendingTestSuites":0,"numTotalTests":1362,"numPassedTests":1357,"numFailedTests":0,"numPendingTests":5,"numTodoTests":0,"snapshot":{"added":0,"failure":false,"filesAdded":0,"filesRemoved":0,"filesRemovedList":[],"filesUnmatched":0,"filesUpdated":0,"matched":0,"total":0,"unchecked":0,"uncheckedKeysByFile":[],"unmatched":0,"updated":0,"didUpdate":false},"startTime":1785829801059,"success":true,"testResults":[{"assertionResults":[{"ancestorTitles":["CodeYangX","main.js detection"],"fullName":"CodeYangX main.js detection should check if main.js exists","status":"passed","title":"should check if main.js exists","duration":4.415000000000077,"failureMessages":[],"meta":{},"tags":[]},{"ancestorTitles":["CodeYangX","electron binary detection"],"fullName":"CodeYangX electron binary detection should handle Windows platform","status":"passed","title":"should handle Windows platform","duration":4.70029999999997,"failureMessages":[],"meta":{},"tags":[]},{"ancestorTitles":["CodeYangX","electron binary detection"],"fullName":"CodeYangX electron binary detection should handle Unix platforms","status":"passed","title":"should handle Unix platforms","duration":1.457300000000032,"failureMessages":[],"meta":{},"tags":[]},{"ancestorTitles":["CodeYangX","spawn behavior"],"fullName":"CodeYangX spawn behavior should spawn electron process","status":"passed","title":"should spawn electron process","duration":0.6657000000000153,"failureMessages":[],"meta":{},"tags":[]},{"ancestorTitles":["CodeYangX","error handling"],"fullName":"CodeYangX error handling should handle ENOENT error","status":"passed","title":"should handle ENOENT error","duration":0.47100000000000364,"failureMessages":[],"meta":{},"tags":[]},{"ancestorTitles":["CodeYangX","error handling"],"fullName":"CodeYangX error handling should handle generic errors","status":"passed","title":"should handle generic errors","duration":0.34699999999998,"failureMessages":[],"meta":{},"tags":[]}],"startTime":1785829821800,"endTime":1785829821813.347,"status":"passed","message":"","name":"C:/Users/Ehua/codeyang/src/codeyangx.test.ts"},{"assertionResults":[{"ancestorTitles":["Commands - Extended Coverage","/exit and /quit"],"fullName":"Commands - Extended Coverage /exit and /quit should handle /exit command","status":"passed","title":"should handle /exit command","duration":31.80709999999999,"failureMessages":[],"meta":{},"tags":[]},{"ancestorTitles":["Commands - Extended Coverage","/exit and /quit"],"fullName":"Commands - Extended Coverage /exit and /quit should handle /quit command","status":"passed","title":"should handle /quit command","duration":15.23870000000079,"failureMessages":[],"meta":{},"tags":[]},{"ancestorTitles":["Commands - Extended Coverage","/help"],"fullName":"Commands - Extended Coverage /help should display help information","status":"passed","title":"should display help information","duration":14.270000000000437,"failureMessages":[],"meta":{},"tags":[]},{"ancestorTitles":["Commands - Extended Coverage","/model"],"fullName":"Commands - Extended Coverage /model should display current model","status":"passed","title":"should display current model","duration":2.6273000000001048,"failureMessages":[],"meta":{},"tags":[]},{"ancestorTitles":["Commands - Extended Coverage","/model"],"fullName":"Commands - Extended Coverage /model should handle model switching","status":"passed","title":"should handle model switching","duration":4.777900000000045,"failureMessages":[],"meta":{},"tags":[]},{"ancestorTitles":["Commands - Extended Coverage","/ponytail"],"fullName":"Commands - Extended Coverage /ponytail should display ponytail status","status":"passed","title":"should display ponytail status","duration":3.7450000000008004,"failureMessages":[],"meta":{},"tags":[]},{"ancestorTitles":["Commands - Extended Coverage","/ponytail"],"fullName":"Commands - Extended Coverage /ponytail should handle ponytail level change","status":"passed","title":"should handle ponytail level change","duration":4.95719999999983,"failureMessages":[],"meta":{},"tags":[]},{"ancestorTitles":["Commands - Extended Coverage","/config"],"fullName":"Commands - Extended Coverage /config should display configuration","status":"passed","title":"should display configuration","duration":3.227100000000064,"failureMessages":[],"meta":{},"tags":[]},{"ancestorTitles":["Commands - Extended Coverage","/reload"],"fullName":"Commands - Extended Coverage /reload should reload configuration","status":"passed","title":"should reload configuration","duration":5.067199999999502,"failureMessages":[],"meta":{},"tags":[]},{"ancestorTitles":["Commands - Extended Coverage","/sessions"],"fullName":"Commands - Extended Coverage /sessions should list sessions","status":"passed","title":"should list sessions","duration":38.53480000000036,"failureMessages":[],"meta":{},"tags":[]},{"ancestorTitles":["Commands - Extended Coverage","/plan"],"fullName":"Commands - Extended Coverage /plan should show current plan","status":"passed","title":"should show current plan","duration":3290.022,"failureMessages":[],"meta":{},"tags":[]},{"ancestorTitles":["Commands - Extended Coverage","/tag"],"fullName":"Commands - Extended Coverage /tag should create checkpoint","status":"passed","title":"should create checkpoint","duration":2.434799999999086,"failureMessages":[],"meta":{},"tags":[]},{"ancestorTitles":["Commands - Extended Coverage","/ctx_viz and /context"],"fullName":"Commands - Extended Coverage /ctx_viz and /context should show context visualization with /ctx_viz","status":"passed","title":"should show context visualization with /ctx_viz","duration":21.618599999999788,"failureMessages":[],"meta":{},"tags":[]},{"ancestorTitles":["Commands - Extended Coverage","/ctx_viz and /context"],"fullName":"Commands - Extended Coverage /ctx_viz and /context should show context visualization with /context","status":"passed","title":"should show context visualization with /context","duration":2.0336999999999534,"failureMessages":[],"meta":{},"tags":[]},{"ancestorTitles":["Commands - Extended Coverage","Git commands"],"fullName":"Commands - Extended Coverage Git commands should handle /diff command","status":"passed","title":"should handle /diff command","duration":299.4426000000003,"failureMessages":[],"meta":{},"tags":[]},{"ancestorTitles":["Commands - Extended Coverage","Git commands"],"fullName":"Commands - Extended Coverage Git commands should handle /branch command","status":"passed","title":"should handle /branch command","duration":158.76370000000134,"failureMessages":[],"meta":{},"tags":[]},{"ancestorTitles":["Commands - Extended Coverage","Git commands"],"fullName":"Commands - Extended Coverage Git commands should handle /commit with message","status":"passed","title":"should handle /commit with message","duration":787.5127000000011,"failureMessages":[],"meta":{},"tags":[]},{"ancestorTitles":["Commands - Extended Coverage","Git commands"],"fullName":"Commands - Extended Coverage Git commands should handle /commit without message","status":"passed","title":"should handle /commit without message","duration":1.4143000000003667,"failureMessages":[],"meta":{},"tags":[]},{"ancestorTitles":["Commands - Extended Coverage","Command parsing"],"fullName":"Commands - Extended Coverage Command parsing should handle commands with extra whitespace","status":"passed","title":"should handle commands with extra whitespace","duration":1.7374999999992724,"failureMessages":[],"meta":{},"tags":[]},{"ancestorTitles":["Commands - Extended Coverage","Command parsing"],"fullName":"Commands - Extended Coverage Command parsing should handle uppercase commands","status":"passed","title":"should handle uppercase commands","duration":1.102100000000064,"failureMessages":[],"meta":{},"tags":[]},{"ancestorTitles":["Commands - Extended Coverage","Command parsing"],"fullName":"Commands - Extended Coverage Command parsing should handle mixed case commands","status":"passed","title":"should handle mixed case commands","duration":0.8996000000006461,"failureMessages":[],"meta":{},"tags":[]},{"ancestorTitles":["Commands - Extended Coverage","Error scenarios"],"fullName":"Commands - Extended Coverage Error scenarios should handle agent errors gracefully","status":"passed","title":"should handle agent errors gracefully","duration":1.5187000000005355,"failureMessages":[],"meta":{},"tags":[]}],"startTime":1785829807193,"endTime":1785829811889.5188,"status":"passed","message":"","name":"C:/Users/Ehua/codeyang/src/commands.extended.test.ts"},{"assertionResults":[{"ancestorTitles":["Commands","/clear"],"fullName":"Commands /clear should clear agent history","status":"passed","title":"should clear agent history","duration":7.664099999999962,"failureMessages":[],"meta":{},"tags":[]},{"ancestorTitles":["Commands","/tasks"],"fullName":"Commands /tasks should show task list","status":"passed","title":"should show task list","duration":39.17570000000069,"failureMessages":[],"meta":{},"tags":[]},{"ancestorTitles":["Commands","/rewind"],"fullName":"Commands /rewind should rewind to checkpoint when available","status":"passed","title":"should rewind to checkpoint when available","duration":1.8121000000001004,"failureMessages":[],"meta":{},"tags":[]},{"ancestorTitles":["Commands","/rewind"],"fullName":"Commands /rewind should handle no checkpoints","status":"passed","title":"should handle no checkpoints","duration":1.3216000000002168,"failureMessages":[],"meta":{},"tags":[]},{"ancestorTitles":["Commands","/stats"],"fullName":"Commands /stats should show tool statistics","status":"passed","title":"should show tool statistics","duration":1.6399000000001251,"failureMessages":[],"meta":{},"tags":[]},{"ancestorTitles":["Commands","/mcp"],"fullName":"Commands /mcp should show MCP server status","status":"passed","title":"should show MCP server status","duration":1.6742000000003827,"failureMessages":[],"meta":{},"tags":[]},{"ancestorTitles":["Commands","/tools"],"fullName":"Commands /tools should list all tools","status":"passed","title":"should list all tools","duration":3312.6047,"failureMessages":[],"meta":{},"tags":[]},{"ancestorTitles":["Commands","unhandled commands"],"fullName":"Commands unhandled commands should handle unknown slash commands","status":"passed","title":"should handle unknown slash commands","duration":1.905799999998635,"failureMessages":[],"meta":{},"tags":[]},{"ancestorTitles":["Commands","unhandled commands"],"fullName":"Commands unhandled commands should return handled=false for regular text","status":"passed","title":"should return handled=false for regular text","duration":1.3184999999994034,"failureMessages":[],"meta":{},"tags":[]}],"startTime":1785829807146,"endTime":1785829810517.3186,"status":"passed","message":"","name":"C:/Users/Ehua/codeyang/src/commands.test.ts"},{"assertionResults":[{"ancestorTitles":["CLI Index - Extended Coverage","API Key resolution"],"fullName":"CLI Index - Extended Coverage API Key resolution should prioritize command-line API key","status":"passed","title":"should prioritize command-line API key","duration":3.718099999999936,"failureMessages":[],"meta":{},"tags":[]},{"ancestorTitles":["CLI Index - Extended Coverage","API Key resolution"],"fullName":"CLI Index - Extended Coverage API Key resolution should fall back to CODEYANG_API_KEY","status":"passed","title":"should fall back to CODEYANG_API_KEY","duration":0.6678999999999178,"failureMessages":[],"meta":{},"tags":[]},{"ancestorTitles":["CLI Index - Extended Coverage","API Key resolution"],"fullName":"CLI Index - Extended Coverage API Key resolution should fall back to DEEPSEEK_API_KEY","status":"passed","title":"should fall back to DEEPSEEK_API_KEY","duration":0.35450000000003,"failureMessages":[],"meta":{},"tags":[]},{"ancestorTitles":["CLI Index - Extended Coverage","Model configuration"],"fullName":"CLI Index - Extended Coverage Model configuration should use command-line model","status":"passed","title":"should use command-line model","duration":0.44240000000002055,"failureMessages":[],"meta":{},"tags":[]},{"ancestorTitles":["CLI Index - Extended Coverage","Model configuration"],"fullName":"CLI Index - Extended Coverage Model configuration should fall back to environment model","status":"passed","title":"should fall back to environment model","duration":0.37189999999998236,"failureMessages":[],"meta":{},"tags":[]},{"ancestorTitles":["CLI Index - Extended Coverage","Model configuration"],"fullName":"CLI Index - Extended Coverage Model configuration should use default model","status":"passed","title":"should use default model","duration":0.28150000000005093,"failureMessages":[],"meta":{},"tags":[]},{"ancestorTitles":["CLI Index - Extended Coverage","Max tokens configuration"],"fullName":"CLI Index - Extended Coverage Max tokens configuration should parse max tokens from string","status":"passed","title":"should parse max tokens from string","duration":0.282100000000014,"failureMessages":[],"meta":{},"tags":[]},{"ancestorTitles":["CLI Index - Extended Coverage","Max tokens configuration"],"fullName":"CLI Index - Extended Coverage Max tokens configuration should validate max tokens range","status":"passed","title":"should validate max tokens range","duration":0.6032000000000153,"failureMessages":[],"meta":{},"tags":[]},{"ancestorTitles":["CLI Index - Extended Coverage","Max tokens configuration"],"fullName":"CLI Index - Extended Coverage Max tokens configuration should handle invalid max tokens","status":"passed","title":"should handle invalid max tokens","duration":0.4270999999999958,"failureMessages":[],"meta":{},"tags":[]},{"ancestorTitles":["CLI Index - Extended Coverage","Base URL configuration"],"fullName":"CLI Index - Extended Coverage Base URL configuration should use custom base URL","status":"passed","title":"should use custom base URL","duration":0.73599999999999,"failureMessages":[],"meta":{},"tags":[]},{"ancestorTitles":["CLI Index - Extended Coverage","Base URL configuration"],"fullName":"CLI Index - Extended Coverage Base URL configuration should validate URL format","status":"passed","title":"should validate URL format","duration":0.5119999999999436,"failureMessages":[],"meta":{},"tags":[]},{"ancestorTitles":["CLI Index - Extended Coverage","Working directory"],"fullName":"CLI Index - Extended Coverage Working directory should use current working directory","status":"passed","title":"should use current working directory","duration":0.4453999999999496,"failureMessages":[],"meta":{},"tags":[]},{"ancestorTitles":["CLI Index - Extended Coverage","Working directory"],"fullName":"CLI Index - Extended Coverage Working directory should handle custom working directory","status":"passed","title":"should handle custom working directory","duration":0.22540000000003602,"failureMessages":[],"meta":{},"tags":[]},{"ancestorTitles":["CLI Index - Extended Coverage","CLI flags"],"fullName":"CLI Index - Extended Coverage CLI flags should recognize --help flag","status":"passed","title":"should recognize --help flag","duration":1.9406999999999925,"failureMessages":[],"meta":{},"tags":[]},{"ancestorTitles":["CLI Index - Extended Coverage","CLI flags"],"fullName":"CLI Index - Extended Coverage CLI flags should recognize --version flag","status":"passed","title":"should recognize --version flag","duration":0.5721999999999525,"failureMessages":[],"meta":{},"tags":[]},{"ancestorTitles":["CLI Index - Extended Coverage","CLI flags"],"fullName":"CLI Index - Extended Coverage CLI flags should recognize --model flag","status":"passed","title":"should recognize --model flag","duration":0.4732999999999947,"failureMessages":[],"meta":{},"tags":[]},{"ancestorTitles":["CLI Index - Extended Coverage","CLI flags"],"fullName":"CLI Index - Extended Coverage CLI flags should recognize --api-key flag","status":"passed","title":"should recognize --api-key flag","duration":0.2778999999999314,"failureMessages":[],"meta":{},"tags":[]},{"ancestorTitles":["CLI Index - Extended Coverage","CLI flags"],"fullName":"CLI Index - Extended Coverage CLI flags should recognize --max-tokens flag","status":"passed","title":"should recognize --max-tokens flag","duration":0.1955000000000382,"failureMessages":[],"meta":{},"tags":[]},{"ancestorTitles":["CLI Index - Extended Coverage","CLI flags"],"fullName":"CLI Index - Extended Coverage CLI flags should recognize --base-url flag","status":"passed","title":"should recognize --base-url flag","duration":0.6268000000000029,"failureMessages":[],"meta":{},"tags":[]},{"ancestorTitles":["CLI Index - Extended Coverage","Environment variable priority"],"fullName":"CLI Index - Extended Coverage Environment variable priority should respect priority order","status":"passed","title":"should respect priority order","duration":0.2884999999999991,"failureMessages":[],"meta":{},"tags":[]},{"ancestorTitles":["CLI Index - Extended Coverage","Configuration validation"],"fullName":"CLI Index - Extended Coverage Configuration validation should validate complete configuration","status":"passed","title":"should validate complete configuration","duration":0.41030000000000655,"failureMessages":[],"meta":{},"tags":[]},{"ancestorTitles":["CLI Index - Extended Coverage","Configuration validation"],"fullName":"CLI Index - Extended Coverage Configuration validation should handle missing required fields","status":"passed","title":"should handle missing required fields","duration":0.27129999999999654,"failureMessages":[],"meta":{},"tags":[]},{"ancestorTitles":["CLI Index - Extended Coverage","Error handling"],"fullName":"CLI Index - Extended Coverage Error handling should handle missing API key gracefully","status":"passed","title":"should handle missing API key gracefully","duration":0.16390000000001237,"failureMessages":[],"meta":{},"tags":[]},{"ancestorTitles":["CLI Index - Extended Coverage","Error handling"],"fullName":"CLI Index - Extended Coverage Error handling should handle invalid model name","status":"passed","title":"should handle invalid model name","duration":0.15299999999990632,"failureMessages":[],"meta":{},"tags":[]},{"ancestorTitles":["CLI Index - Extended Coverage","Error handling"],"fullName":"CLI Index - Extended Coverage Error handling should handle invalid max tokens","status":"passed","title":"should handle invalid max tokens","duration":0.22919999999999163,"failureMessages":[],"meta":{},"tags":[]}],"startTime":1785829820440,"endTime":1785829820456.2712,"status":"passed","message":"","name":"C:/Users/Ehua/codeyang/src/index.extended.test.ts"},{"assertionResults":[{"ancestorTitles":["CLI Entry Point","Argument parsing"],"fullName":"CLI Entry Point Argument parsing should parse --help flag","status":"passed","title":"should parse --help flag","duration":6.81919999999991,"failureMessages":[],"meta":{},"tags":[]},{"ancestorTitles":["CLI Entry Point","Argument parsing"],"fullName":"CLI Entry Point Argument parsing should parse --version flag","status":"passed","title":"should parse --version flag","duration":0.7521999999999025,"failureMessages":[],"meta":{},"tags":[]},{"ancestorTitles":["CLI Entry Point","Argument parsing"],"fullName":"CLI Entry Point Argument parsing should parse --model flag","status":"passed","title":"should parse --model flag","duration":0.7105999999999995,"failureMessages":[],"meta":{},"tags":[]},{"ancestorTitles":["CLI Entry Point","Argument parsing"],"fullName":"CLI Entry Point Argument parsing should parse --api-key flag","status":"passed","title":"should parse --api-key flag","duration":0.7111999999999625,"failureMessages":[],"meta":{},"tags":[]},{"ancestorTitles":["CLI Entry Point","Environment variables"],"fullName":"CLI Entry Point Environment variables should read CODEYANG_API_KEY from env","status":"passed","title":"should read CODEYANG_API_KEY from env","duration":0.691599999999994,"failureMessages":[],"meta":{},"tags":[]},{"ancestorTitles":["CLI Entry Point","Environment variables"],"fullName":"CLI Entry Point Environment variables should read CODEYANG_MODEL from env","status":"passed","title":"should read CODEYANG_MODEL from env","duration":0.4897999999999456,"failureMessages":[],"meta":{},"tags":[]},{"ancestorTitles":["CLI Entry Point","Environment variables"],"fullName":"CLI Entry Point Environment variables should read CODEYANG_MAX_TOKENS from env","status":"passed","title":"should read CODEYANG_MAX_TOKENS from env","duration":0.43439999999998236,"failureMessages":[],"meta":{},"tags":[]},{"ancestorTitles":["CLI Entry Point","Environment variables"],"fullName":"CLI Entry Point Environment variables should read CODEYANG_BASE_URL from env","status":"passed","title":"should read CODEYANG_BASE_URL from env","duration":1.720199999999977,"failureMessages":[],"meta":{},"tags":[]},{"ancestorTitles":["CLI Entry Point","API key validation"],"fullName":"CLI Entry Point API key validation should handle missing API key","status":"passed","title":"should handle missing API key","duration":0.656099999999924,"failureMessages":[],"meta":{},"tags":[]},{"ancestorTitles":["CLI Entry Point","API key validation"],"fullName":"CLI Entry Point API key validation should prefer CODEYANG_API_KEY over DEEPSEEK_API_KEY","status":"passed","title":"should prefer CODEYANG_API_KEY over DEEPSEEK_API_KEY","duration":0.5113000000000056,"failureMessages":[],"meta":{},"tags":[]},{"ancestorTitles":["CLI Entry Point","API key validation"],"fullName":"CLI Entry Point API key validation should fall back to DEEPSEEK_API_KEY","status":"passed","title":"should fall back to DEEPSEEK_API_KEY","duration":0.39639999999997144,"failureMessages":[],"meta":{},"tags":[]},{"ancestorTitles":["CLI Entry Point","Configuration validation"],"fullName":"CLI Entry Point Configuration validation should validate model name format","status":"passed","title":"should validate model name format","duration":0.9715999999999667,"failureMessages":[],"meta":{},"tags":[]},{"ancestorTitles":["CLI Entry Point","Configuration validation"],"fullName":"CLI Entry Point Configuration validation should validate max tokens is a number","status":"passed","title":"should validate max tokens is a number","duration":0.394800000000032,"failureMessages":[],"meta":{},"tags":[]},{"ancestorTitles":["CLI Entry Point","Configuration validation"],"fullName":"CLI Entry Point Configuration validation should validate base URL format","status":"passed","title":"should validate base URL format","duration":0.29930000000001655,"failureMessages":[],"meta":{},"tags":[]},{"ancestorTitles":["CLI Entry Point","Working directory"],"fullName":"CLI Entry Point Working directory should use current working directory by default","status":"passed","title":"should use current working directory by default","duration":0.41430000000002565,"failureMessages":[],"meta":{},"tags":[]},{"ancestorTitles":["CLI Entry Point","Working directory"],"fullName":"CLI Entry Point Working directory should handle custom working directory","status":"passed","title":"should handle custom working directory","duration":0.3170000000000073,"failureMessages":[],"meta":{},"tags":[]},{"ancestorTitles":["CLI Entry Point","Error handling"],"fullName":"CLI Entry Point Error handling should handle invalid arguments gracefully","status":"passed","title":"should handle invalid arguments gracefully","duration":0.3267999999999347,"failureMessages":[],"meta":{},"tags":[]},{"ancestorTitles":["CLI Entry Point","Error handling"],"fullName":"CLI Entry Point Error handling should handle empty arguments","status":"passed","title":"should handle empty arguments","duration":0.21330000000000382,"failureMessages":[],"meta":{},"tags":[]}],"startTime":1785829819581,"endTime":1785829819599.327,"status":"passed","message":"","name":"C:/Users/Ehua/codeyang/src/index.test.ts"},{"assertionResults":[{"ancestorTitles":["Web Server","Configuration"],"fullName":"Web Server Configuration should use default port","status":"passed","title":"should use default port","duration":5.547800000000052,"failureMessages":[],"meta":{},"tags":[]},{"ancestorTitles":["Web Server","Configuration"],"fullName":"Web Server Configuration should accept custom port from environment","status":"passed","title":"should accept custom port from environment","duration":0.6498000000000275,"failureMessages":[],"meta":{},"tags":[]},{"ancestorTitles":["Web Server","Configuration"],"fullName":"Web Server Configuration should validate port number","status":"passed","title":"should validate port number","duration":0.6023000000000138,"failureMessages":[],"meta":{},"tags":[]},{"ancestorTitles":["Web Server","Server initialization"],"fullName":"Web Server Server initialization should handle server startup","status":"passed","title":"should handle server startup","duration":0.6198000000000548,"failureMessages":[],"meta":{},"tags":[]},{"ancestorTitles":["Web Server","Server initialization"],"fullName":"Web Server Server initialization should handle CORS configuration","status":"passed","title":"should handle CORS configuration","duration":1.915200000000027,"failureMessages":[],"meta":{},"tags":[]},{"ancestorTitles":["Web Server","Route handling"],"fullName":"Web Server Route handling should define health check route","status":"passed","title":"should define health check route","duration":2.373800000000074,"failureMessages":[],"meta":{},"tags":[]},{"ancestorTitles":["Web Server","Route handling"],"fullName":"Web Server Route handling should define API routes","status":"passed","title":"should define API routes","duration":1.8097999999999956,"failureMessages":[],"meta":{},"tags":[]},{"ancestorTitles":["Web Server","Error handling"],"fullName":"Web Server Error handling should handle 404 errors","status":"passed","title":"should handle 404 errors","duration":0.8396999999999935,"failureMessages":[],"meta":{},"tags":[]},{"ancestorTitles":["Web Server","Error handling"],"fullName":"Web Server Error handling should handle 500 errors","status":"passed","title":"should handle 500 errors","duration":0.5210999999999331,"failureMessages":[],"meta":{},"tags":[]},{"ancestorTitles":["Web Server","Static file serving"],"fullName":"Web Server Static file serving should serve static files from public directory","status":"passed","title":"should serve static files from public directory","duration":0.4479000000000042,"failureMessages":[],"meta":{},"tags":[]},{"ancestorTitles":["Web Server","Static file serving"],"fullName":"Web Server Static file serving should handle index.html fallback","status":"passed","title":"should handle index.html fallback","duration":0.4875000000000682,"failureMessages":[],"meta":{},"tags":[]},{"ancestorTitles":["Web Server","WebSocket support"],"fullName":"Web Server WebSocket support should support WebSocket connections","status":"passed","title":"should support WebSocket connections","duration":0.3048000000000002,"failureMessages":[],"meta":{},"tags":[]},{"ancestorTitles":["Web Server","WebSocket support"],"fullName":"Web Server WebSocket support should handle WebSocket messages","status":"passed","title":"should handle WebSocket messages","duration":0.3265999999999849,"failureMessages":[],"meta":{},"tags":[]},{"ancestorTitles":["Web Server","Request validation"],"fullName":"Web Server Request validation should validate request body","status":"passed","title":"should validate request body","duration":0.4738999999999578,"failureMessages":[],"meta":{},"tags":[]},{"ancestorTitles":["Web Server","Request validation"],"fullName":"Web Server Request validation should validate request headers","status":"passed","title":"should validate request headers","duration":0.20810000000005857,"failureMessages":[],"meta":{},"tags":[]},{"ancestorTitles":["Web Server","Response formatting"],"fullName":"Web Server Response formatting should format JSON responses","status":"passed","title":"should format JSON responses","duration":0.278699999999958,"failureMessages":[],"meta":{},"tags":[]},{"ancestorTitles":["Web Server","Response formatting"],"fullName":"Web Server Response formatting should include status codes","status":"passed","title":"should include status codes","duration":1.2848999999999933,"failureMessages":[],"meta":{},"tags":[]}],"startTime":1785829821079,"endTime":1785829821099.285,"status":"passed","message":"","name":"C:/Users/Ehua/codeyang/src/web-server.test.ts"},{"assertionResults":[{"ancestorTitles":["InProcessChannel"],"fullName":"InProcessChannel should send and receive messages","status":"passed","title":"should send and receive messages","duration":6.215099999999893,"failureMessages":[],"meta":{},"tags":[]},{"ancestorTitles":["InProcessChannel"],"fullName":"InProcessChannel should throw when sending to closed channel","status":"passed","title":"should throw when sending to closed channel","duration":5.956200000000081,"failureMessages":[],"meta":{},"tags":[]},{"ancestorTitles":["InProcessChannel"],"fullName":"InProcessChannel should report closed status","status":"passed","title":"should report closed status","duration":1.2838000000001557,"failureMessages":[],"meta":{},"tags":[]},{"ancestorTitles":["InProcessChannel"],"fullName":"InProcessChannel should handle multiple messages in order","status":"passed","title":"should handle multiple messages in order","duration":1.4148000000000138,"failureMessages":[],"meta":{},"tags":[]},{"ancestorTitles":["AgentRegistry","Registration"],"fullName":"AgentRegistry Registration should register agent and return channel","status":"passed","title":"should register agent and return channel","duration":1.675000000000182,"failureMessages":[],"meta":{},"tags":[]},{"ancestorTitles":["AgentRegistry","Registration"],"fullName":"AgentRegistry Registration should retrieve registered agent card","status":"passed","title":"should retrieve registered agent card","duration":0.4333999999998923,"failureMessages":[],"meta":{},"tags":[]},{"ancestorTitles":["AgentRegistry","Registration"],"fullName":"AgentRegistry Registration should retrieve channel for registered agent","status":"passed","title":"should retrieve channel for registered agent","duration":0.39200000000005275,"failureMessages":[],"meta":{},"tags":[]},{"ancestorTitles":["AgentRegistry","Registration"],"fullName":"AgentRegistry Registration should return undefined for non-existent agent","status":"passed","title":"should return undefined for non-existent agent","duration":0.31320000000005166,"failureMessages":[],"meta":{},"tags":[]},{"ancestorTitles":["AgentRegistry","Registration"],"fullName":"AgentRegistry Registration should unregister agent and close channel","status":"passed","title":"should unregister agent and close channel","duration":0.429300000000012,"failureMessages":[],"meta":{},"tags":[]},{"ancestorTitles":["AgentRegistry","Agent discovery"],"fullName":"AgentRegistry Agent discovery should find agents by capability","status":"passed","title":"should find agents by capability","duration":2.021400000000085,"failureMessages":[],"meta":{},"tags":[]},{"ancestorTitles":["AgentRegistry","Agent discovery"],"fullName":"AgentRegistry Agent discovery should return empty array if no agents match capability","status":"passed","title":"should return empty array if no agents match capability","duration":0.5868000000000393,"failureMessages":[],"meta":{},"tags":[]},{"ancestorTitles":["AgentRegistry","Agent discovery"],"fullName":"AgentRegistry Agent discovery should find best agent for task","status":"passed","title":"should find best agent for task","duration":0.5725999999999658,"failureMessages":[],"meta":{},"tags":[]},{"ancestorTitles":["AgentRegistry","Agent discovery"],"fullName":"AgentRegistry Agent discovery should return null if no agent matches","status":"passed","title":"should return null if no agent matches","duration":0.873299999999972,"failureMessages":[],"meta":{},"tags":[]},{"ancestorTitles":["AgentRegistry","Agent discovery"],"fullName":"AgentRegistry Agent discovery should list all agents","status":"passed","title":"should list all agents","duration":2.2537999999999556,"failureMessages":[],"meta":{},"tags":[]},{"ancestorTitles":["buildA2AMessage"],"fullName":"buildA2AMessage should build message with all fields","status":"passed","title":"should build message with all fields","duration":0.99350000000004,"failureMessages":[],"meta":{},"tags":[]},{"ancestorTitles":["buildA2AMessage"],"fullName":"buildA2AMessage should generate unique IDs","status":"passed","title":"should generate unique IDs","duration":0.7075999999999567,"failureMessages":[],"meta":{},"tags":[]},{"ancestorTitles":["A2AProtocol","Configuration"],"fullName":"A2AProtocol Configuration should use default config","status":"passed","title":"should use default config","duration":1.2533000000000811,"failureMessages":[],"meta":{},"tags":[]},{"ancestorTitles":["A2AProtocol","Configuration"],"fullName":"A2AProtocol Configuration should use custom config","status":"passed","title":"should use custom config","duration":0.5365999999999076,"failureMessages":[],"meta":{},"tags":[]},{"ancestorTitles":["A2AProtocol","Configuration"],"fullName":"A2AProtocol Configuration should expose registry","status":"passed","title":"should expose registry","duration":0.3989000000001397,"failureMessages":[],"meta":{},"tags":[]},{"ancestorTitles":["A2AProtocol","Message handling"],"fullName":"A2AProtocol Message handling should handle ping message","status":"passed","title":"should handle ping message","duration":0.7679000000000542,"failureMessages":[],"meta":{},"tags":[]},{"ancestorTitles":["A2AProtocol","Message handling"],"fullName":"A2AProtocol Message handling should throw if target agent not found","status":"passed","title":"should throw if target agent not found","duration":1.4286000000001877,"failureMessages":[],"meta":{},"tags":[]},{"ancestorTitles":["A2AProtocol","Message handling"],"fullName":"A2AProtocol Message handling should send task to registered agent","status":"passed","title":"should send task to registered agent","duration":3.277900000000045,"failureMessages":[],"meta":{},"tags":[]},{"ancestorTitles":["A2AProtocol","Message handling"],"fullName":"A2AProtocol Message handling should timeout if agent does not respond","status":"passed","title":"should timeout if agent does not respond","duration":102.30079999999998,"failureMessages":[],"meta":{},"tags":[]},{"ancestorTitles":["A2AProtocol","Conversation tracking"],"fullName":"A2AProtocol Conversation tracking should track conversation messages when handling requests","status":"passed","title":"should track conversation messages when handling requests","duration":0.6328999999998359,"failureMessages":[],"meta":{},"tags":[]},{"ancestorTitles":["A2AProtocol","Conversation tracking"],"fullName":"A2AProtocol Conversation tracking should count active conversations","status":"passed","title":"should count active conversations","duration":0.32819999999992433,"failureMessages":[],"meta":{},"tags":[]}],"startTime":1785829816013,"endTime":1785829816155.3281,"status":"passed","message":"","name":"C:/Users/Ehua/codeyang/src/a2a/A2AProtocol.test.ts"},{"assertionResults":[{"ancestorTitles":["Agent Loop Integration","full agent loop: text → tool → result → text"],"fullName":"Agent Loop Integration full agent loop: text → tool → result → text completes a full cycle with a real Bash tool call","status":"passed","title":"completes a full cycle with a real Bash tool call","duration":16788.9976,"failureMessages":[],"meta":{},"tags":[]},{"ancestorTitles":["Agent Loop Integration","full agent loop: text → tool → result → text"],"fullName":"Agent Loop Integration full agent loop: text → tool → result → text completes a cycle with Write + Read tool calls","status":"passed","title":"completes a cycle with Write + Read tool calls","duration":14.054299999999785,"failureMessages":[],"meta":{},"tags":[]},{"ancestorTitles":["Agent Loop Integration","full agent loop: text → tool → result → text"],"fullName":"Agent Loop Integration full agent loop: text → tool → result → text completes a cycle with Edit tool call","status":"passed","title":"completes a cycle with Edit tool call","duration":31.514999999999418,"failureMessages":[],"meta":{},"tags":[]},{"ancestorTitles":["Agent Loop Integration","full agent loop: text → tool → result → text"],"fullName":"Agent Loop Integration full agent loop: text → tool → result → text completes a cycle with Glob + Grep tool calls","status":"passed","title":"completes a cycle with Glob + Grep tool calls","duration":99.52760000000126,"failureMessages":[],"meta":{},"tags":[]},{"ancestorTitles":["Agent Loop Integration","parallel tool calls"],"fullName":"Agent Loop Integration parallel tool calls executes multiple tools in one turn","status":"passed","title":"executes multiple tools in one turn","duration":9.360000000000582,"failureMessages":[],"meta":{},"tags":[]},{"ancestorTitles":["Agent Loop Integration","parallel tool calls"],"fullName":"Agent Loop Integration parallel tool calls handles mixed success and error in parallel batch","status":"passed","title":"handles mixed success and error in parallel batch","duration":11.771899999999732,"failureMessages":[],"meta":{},"tags":[]},{"ancestorTitles":["Agent Loop Integration","max turns enforcement"],"fullName":"Agent Loop Integration max turns enforcement stops after reaching max turns","status":"passed","title":"stops after reaching max turns","duration":20477.1771,"failureMessages":[],"meta":{},"tags":[]},{"ancestorTitles":["Agent Loop Integration","tool error handling"],"fullName":"Agent Loop Integration tool error handling gracefully handles tool returning an error result","status":"passed","title":"gracefully handles tool returning an error result","duration":5.2245000000039,"failureMessages":[],"meta":{},"tags":[]},{"ancestorTitles":["Agent Loop Integration","tool error handling"],"fullName":"Agent Loop Integration tool error handling handles unknown tool gracefully","status":"passed","title":"handles unknown tool gracefully","duration":1.88119999999617,"failureMessages":[],"meta":{},"tags":[]},{"ancestorTitles":["Agent Loop Integration","session persistence"],"fullName":"Agent Loop Integration session persistence preserves conversation history with tool calls","status":"passed","title":"preserves conversation history with tool calls","duration":16931.672999999995,"failureMessages":[],"meta":{},"tags":[]},{"ancestorTitles":["Agent Loop Integration","session persistence"],"fullName":"Agent Loop Integration session persistence preserves tool results in exported messages","status":"passed","title":"preserves tool results in exported messages","duration":3.0524999999979627,"failureMessages":[],"meta":{},"tags":[]},{"ancestorTitles":["Agent Loop Integration","checkpoint / restore"],"fullName":"Agent Loop Integration checkpoint / restore saves and restores conversation state","status":"passed","title":"saves and restores conversation state","duration":1.30109999999695,"failureMessages":[],"meta":{},"tags":[]},{"ancestorTitles":["Agent Loop Integration","checkpoint / restore"],"fullName":"Agent Loop Integration checkpoint / restore restoreCheckpoint returns false when no checkpoints","status":"passed","title":"restoreCheckpoint returns false when no checkpoints","duration":0.7776000000012573,"failureMessages":[],"meta":{},"tags":[]},{"ancestorTitles":["Agent Loop Integration","token usage tracking"],"fullName":"Agent Loop Integration token usage tracking accumulates tokens across multiple runs","status":"passed","title":"accumulates tokens across multiple runs","duration":1.720099999998638,"failureMessages":[],"meta":{},"tags":[]},{"ancestorTitles":["Agent Loop Integration","token usage tracking"],"fullName":"Agent Loop Integration token usage tracking resets token usage on agent.reset()","status":"passed","title":"resets token usage on agent.reset()","duration":0.9138999999995576,"failureMessages":[],"meta":{},"tags":[]},{"ancestorTitles":["Agent Loop Integration","tool statistics tracking"],"fullName":"Agent Loop Integration tool statistics tracking tracks per-tool call counts","status":"passed","title":"tracks per-tool call counts","duration":3366.0043000000005,"failureMessages":[],"meta":{},"tags":[]},{"ancestorTitles":["Agent Loop Integration","agent reset"],"fullName":"Agent Loop Integration agent reset clears all state on reset","status":"passed","title":"clears all state on reset","duration":3350.406299999995,"failureMessages":[],"meta":{},"tags":[]},{"ancestorTitles":["Agent Loop Integration","callbacks"],"fullName":"Agent Loop Integration callbacks fires onToolBatch and onToolStart with correct counts","status":"passed","title":"fires onToolBatch and onToolStart with correct counts","duration":3212.281400000007,"failureMessages":[],"meta":{},"tags":[]},{"ancestorTitles":["Agent Loop Integration","callbacks"],"fullName":"Agent Loop Integration callbacks fires onAgentDelta for streaming text","status":"passed","title":"fires onAgentDelta for streaming text","duration":1.028600000005099,"failureMessages":[],"meta":{},"tags":[]},{"ancestorTitles":["Agent Loop Integration","realistic coding workflow"],"fullName":"Agent Loop Integration realistic coding workflow handles write → read → edit → glob → bash","status":"passed","title":"handles write → read → edit → glob → bash","duration":3199.854099999997,"failureMessages":[],"meta":{},"tags":[]}],"startTime":1785829805984,"endTime":1785829873493.854,"status":"passed","message":"","name":"C:/Users/Ehua/codeyang/src/agent/Agent-integration.test.ts"},{"assertionResults":[{"ancestorTitles":["Agent","construction"],"fullName":"Agent construction creates an Agent with apiKey set","status":"passed","title":"creates an Agent with apiKey set","duration":6.026999999999816,"failureMessages":[],"meta":{},"tags":[]},{"ancestorTitles":["Agent","reset"],"fullName":"Agent reset clears conversation state","status":"passed","title":"clears conversation state","duration":2.945500000000038,"failureMessages":[],"meta":{},"tags":[]},{"ancestorTitles":["Agent","waitingForAnswer / answerQuestion"],"fullName":"Agent waitingForAnswer / answerQuestion is not waiting for answer initially","status":"passed","title":"is not waiting for answer initially","duration":1.0246999999999389,"failureMessages":[],"meta":{},"tags":[]},{"ancestorTitles":["Agent","waitingForAnswer / answerQuestion"],"fullName":"Agent waitingForAnswer / answerQuestion can cancel a question without error","status":"passed","title":"can cancel a question without error","duration":0.8860999999999422,"failureMessages":[],"meta":{},"tags":[]},{"ancestorTitles":["Agent","setCallbacks"],"fullName":"Agent setCallbacks accepts and stores callbacks","status":"passed","title":"accepts and stores callbacks","duration":0.8888999999999214,"failureMessages":[],"meta":{},"tags":[]},{"ancestorTitles":["Agent","exportMessages"],"fullName":"Agent exportMessages returns empty array for fresh agent","status":"passed","title":"returns empty array for fresh agent","duration":2.1076000000000477,"failureMessages":[],"meta":{},"tags":[]},{"ancestorTitles":["Agent","loadMessages"],"fullName":"Agent loadMessages restores user and assistant messages","status":"passed","title":"restores user and assistant messages","duration":2.794700000000148,"failureMessages":[],"meta":{},"tags":[]},{"ancestorTitles":["Agent","loadMessages"],"fullName":"Agent loadMessages restores messages with tool calls","status":"passed","title":"restores messages with tool calls","duration":1.5686000000000604,"failureMessages":[],"meta":{},"tags":[]},{"ancestorTitles":["Agent","loadMessages"],"fullName":"Agent loadMessages handles messages without tool calls/result","status":"passed","title":"handles messages without tool calls/result","duration":1.4110000000000582,"failureMessages":[],"meta":{},"tags":[]},{"ancestorTitles":["Agent","run — streaming text"],"fullName":"Agent run — streaming text streams text response from LLM","status":"passed","title":"streams text response from LLM","duration":12.406200000000126,"failureMessages":[],"meta":{},"tags":[]},{"ancestorTitles":["Agent","run — streaming text"],"fullName":"Agent run — streaming text sends user message to LLM API","status":"passed","title":"sends user message to LLM API","duration":2.9980000000000473,"failureMessages":[],"meta":{},"tags":[]},{"ancestorTitles":["Agent","run — streaming text"],"fullName":"Agent run — streaming text calls onUserMessage callback","status":"passed","title":"calls onUserMessage callback","duration":2.6244000000001506,"failureMessages":[],"meta":{},"tags":[]},{"ancestorTitles":["Agent","run — streaming text"],"fullName":"Agent run — streaming text calls onAgentDelta for streaming text","status":"passed","title":"calls onAgentDelta for streaming text","duration":2.02780000000007,"failureMessages":[],"meta":{},"tags":[]},{"ancestorTitles":["Agent","run — tool calls"],"fullName":"Agent run — tool calls executes tool calls from LLM and sends results back","status":"passed","title":"executes tool calls from LLM and sends results back","duration":5.176999999999907,"failureMessages":[],"meta":{},"tags":[]},{"ancestorTitles":["Agent","run — tool calls"],"fullName":"Agent run — tool calls handles unknown tools gracefully","status":"passed","title":"handles unknown tools gracefully","duration":4.817199999999957,"failureMessages":[],"meta":{},"tags":[]},{"ancestorTitles":["Agent","run — token usage tracking"],"fullName":"Agent run — token usage tracking accumulates token usage from usage events","status":"passed","title":"accumulates token usage from usage events","duration":5.190600000000131,"failureMessages":[],"meta":{},"tags":[]},{"ancestorTitles":["Agent","run — token usage tracking"],"fullName":"Agent run — token usage tracking resets token usage on agent reset","status":"passed","title":"resets token usage on agent reset","duration":1.7308000000000447,"failureMessages":[],"meta":{},"tags":[]}],"startTime":1785829818126,"endTime":1785829818184.7307,"status":"passed","message":"","name":"C:/Users/Ehua/codeyang/src/agent/Agent.test.ts"},{"assertionResults":[{"ancestorTitles":["config"],"fullName":"config has a default model","status":"passed","title":"has a default model","duration":2.6190999999998894,"failureMessages":[],"meta":{},"tags":[]},{"ancestorTitles":["config"],"fullName":"config has a sensible default maxTokens","status":"passed","title":"has a sensible default maxTokens","duration":0.45719999999982974,"failureMessages":[],"meta":{},"tags":[]},{"ancestorTitles":["config"],"fullName":"config returns empty string for apiKey when no env var is set","status":"passed","title":"returns empty string for apiKey when no env var is set","duration":0.3643000000001848,"failureMessages":[],"meta":{},"tags":[]},{"ancestorTitles":["config"],"fullName":"config defaults to deepseek-chat model","status":"passed","title":"defaults to deepseek-chat model","duration":0.16429999999991196,"failureMessages":[],"meta":{},"tags":[]}],"startTime":1785829824484,"endTime":1785829824487.3643,"status":"passed","message":"","name":"C:/Users/Ehua/codeyang/src/agent/config.test.ts"},{"assertionResults":[{"ancestorTitles":["ConversationManager","history management"],"fullName":"ConversationManager history management should initialize with empty history","status":"passed","title":"should initialize with empty history","duration":5.287099999999896,"failureMessages":[],"meta":{},"tags":[]},{"ancestorTitles":["ConversationManager","history management"],"fullName":"ConversationManager history management should push messages to history","status":"passed","title":"should push messages to history","duration":1.7320000000000846,"failureMessages":[],"meta":{},"tags":[]},{"ancestorTitles":["ConversationManager","history management"],"fullName":"ConversationManager history management should push multiple messages at once","status":"passed","title":"should push multiple messages at once","duration":0.7176999999999225,"failureMessages":[],"meta":{},"tags":[]},{"ancestorTitles":["ConversationManager","history management"],"fullName":"ConversationManager history management should replace entire history","status":"passed","title":"should replace entire history","duration":0.6367999999999938,"failureMessages":[],"meta":{},"tags":[]},{"ancestorTitles":["ConversationManager","history management"],"fullName":"ConversationManager history management should set history","status":"passed","title":"should set history","duration":0.5149000000000115,"failureMessages":[],"meta":{},"tags":[]},{"ancestorTitles":["ConversationManager","token usage tracking"],"fullName":"ConversationManager token usage tracking should initialize with zero tokens","status":"passed","title":"should initialize with zero tokens","duration":0.5404999999999518,"failureMessages":[],"meta":{},"tags":[]},{"ancestorTitles":["ConversationManager","token usage tracking"],"fullName":"ConversationManager token usage tracking should accumulate token usage","status":"passed","title":"should accumulate token usage","duration":0.4055999999999358,"failureMessages":[],"meta":{},"tags":[]},{"ancestorTitles":["ConversationManager","token usage tracking"],"fullName":"ConversationManager token usage tracking should reset token usage","status":"passed","title":"should reset token usage","duration":0.36829999999997654,"failureMessages":[],"meta":{},"tags":[]},{"ancestorTitles":["ConversationManager","token usage tracking"],"fullName":"ConversationManager token usage tracking should return copy of token usage (not reference)","status":"passed","title":"should return copy of token usage (not reference)","duration":0.3103999999999587,"failureMessages":[],"meta":{},"tags":[]},{"ancestorTitles":["ConversationManager","checkpoints"],"fullName":"ConversationManager checkpoints should save checkpoint","status":"passed","title":"should save checkpoint","duration":0.716199999999958,"failureMessages":[],"meta":{},"tags":[]},{"ancestorTitles":["ConversationManager","checkpoints"],"fullName":"ConversationManager checkpoints should restore from checkpoint","status":"passed","title":"should restore from checkpoint","duration":0.5365000000000464,"failureMessages":[],"meta":{},"tags":[]},{"ancestorTitles":["ConversationManager","checkpoints"],"fullName":"ConversationManager checkpoints should limit checkpoint count","status":"passed","title":"should limit checkpoint count","duration":0.7812000000000126,"failureMessages":[],"meta":{},"tags":[]},{"ancestorTitles":["ConversationManager","checkpoints"],"fullName":"ConversationManager checkpoints should discard oldest checkpoints when limit exceeded","status":"passed","title":"should discard oldest checkpoints when limit exceeded","duration":0.5927000000000362,"failureMessages":[],"meta":{},"tags":[]},{"ancestorTitles":["ConversationManager","checkpoints"],"fullName":"ConversationManager checkpoints should return false when restoring with no checkpoints","status":"passed","title":"should return false when restoring with no checkpoints","duration":0.2219000000000051,"failureMessages":[],"meta":{},"tags":[]},{"ancestorTitles":["ConversationManager","message conversion"],"fullName":"ConversationManager message conversion should convert internal to external format","status":"passed","title":"should convert internal to external format","duration":3.148400000000038,"failureMessages":[],"meta":{},"tags":[]},{"ancestorTitles":["ConversationManager","message conversion"],"fullName":"ConversationManager message conversion should handle structured content blocks","status":"passed","title":"should handle structured content blocks","duration":0.9233000000000402,"failureMessages":[],"meta":{},"tags":[]},{"ancestorTitles":["ConversationManager","message conversion"],"fullName":"ConversationManager message conversion should load messages from external format","status":"passed","title":"should load messages from external format","duration":0.5185000000000173,"failureMessages":[],"meta":{},"tags":[]},{"ancestorTitles":["ConversationManager","anti-repetition detection"],"fullName":"ConversationManager anti-repetition detection should detect exact repetition","status":"passed","title":"should detect exact repetition","duration":0.4510999999999967,"failureMessages":[],"meta":{},"tags":[]},{"ancestorTitles":["ConversationManager","anti-repetition detection"],"fullName":"ConversationManager anti-repetition detection should detect fuzzy repetition","status":"passed","title":"should detect fuzzy repetition","duration":0.26340000000004693,"failureMessages":[],"meta":{},"tags":[]},{"ancestorTitles":["ConversationManager","anti-repetition detection"],"fullName":"ConversationManager anti-repetition detection should not flag different messages as repeats","status":"passed","title":"should not flag different messages as repeats","duration":0.23699999999996635,"failureMessages":[],"meta":{},"tags":[]},{"ancestorTitles":["ConversationManager","anti-repetition detection"],"fullName":"ConversationManager anti-repetition detection should reset repetition counter on different message","status":"passed","title":"should reset repetition counter on different message","duration":0.2541999999999689,"failureMessages":[],"meta":{},"tags":[]},{"ancestorTitles":["ConversationManager","anti-repetition detection"],"fullName":"ConversationManager anti-repetition detection should track recent assistant texts","status":"passed","title":"should track recent assistant texts","duration":1.1328999999999496,"failureMessages":[],"meta":{},"tags":[]},{"ancestorTitles":["ConversationManager","anti-repetition detection"],"fullName":"ConversationManager anti-repetition detection should limit recent texts history","status":"passed","title":"should limit recent texts history","duration":0.3571000000000595,"failureMessages":[],"meta":{},"tags":[]},{"ancestorTitles":["ConversationManager","anti-repetition detection"],"fullName":"ConversationManager anti-repetition detection should compute similarity","status":"passed","title":"should compute similarity","duration":0.34180000000003474,"failureMessages":[],"meta":{},"tags":[]},{"ancestorTitles":["ConversationManager","context summarization"],"fullName":"ConversationManager context summarization should summarize long context","status":"passed","title":"should summarize long context","duration":1.3574000000000979,"failureMessages":[],"meta":{},"tags":[]},{"ancestorTitles":["ConversationManager","context summarization"],"fullName":"ConversationManager context summarization should return unchanged for short context","status":"passed","title":"should return unchanged for short context","duration":0.36360000000001946,"failureMessages":[],"meta":{},"tags":[]},{"ancestorTitles":["ConversationManager","context summarization"],"fullName":"ConversationManager context summarization should include key information in summary","status":"passed","title":"should include key information in summary","duration":1.669999999999959,"failureMessages":[],"meta":{},"tags":[]},{"ancestorTitles":["ConversationManager","context summarization"],"fullName":"ConversationManager context summarization should estimate message tokens","status":"passed","title":"should estimate message tokens","duration":0.6508000000000038,"failureMessages":[],"meta":{},"tags":[]},{"ancestorTitles":["ConversationManager","edge cases"],"fullName":"ConversationManager edge cases should handle empty history gracefully","status":"passed","title":"should handle empty history gracefully","duration":2.068899999999985,"failureMessages":[],"meta":{},"tags":[]},{"ancestorTitles":["ConversationManager","edge cases"],"fullName":"ConversationManager edge cases should handle restoring when no checkpoints exist","status":"passed","title":"should handle restoring when no checkpoints exist","duration":0.32330000000001746,"failureMessages":[],"meta":{},"tags":[]},{"ancestorTitles":["ConversationManager","edge cases"],"fullName":"ConversationManager edge cases should handle very long messages","status":"passed","title":"should handle very long messages","duration":0.48869999999999436,"failureMessages":[],"meta":{},"tags":[]},{"ancestorTitles":["ConversationManager","edge cases"],"fullName":"ConversationManager edge cases should handle special characters in content","status":"passed","title":"should handle special characters in content","duration":0.2017000000000735,"failureMessages":[],"meta":{},"tags":[]},{"ancestorTitles":["ConversationManager","edge cases"],"fullName":"ConversationManager edge cases should reset all state","status":"passed","title":"should reset all state","duration":0.375699999999938,"failureMessages":[],"meta":{},"tags":[]},{"ancestorTitles":["ConversationManager","edge cases"],"fullName":"ConversationManager edge cases should clone objects deeply","status":"passed","title":"should clone objects deeply","duration":0.33770000000004075,"failureMessages":[],"meta":{},"tags":[]}],"startTime":1785829818114,"endTime":1785829818144.3757,"status":"passed","message":"","name":"C:/Users/Ehua/codeyang/src/agent/ConversationManager.test.ts"},{"assertionResults":[{"ancestorTitles":["LLMClient","createLLMClient"],"fullName":"LLMClient createLLMClient should create Anthropic client by default","status":"passed","title":"should create Anthropic client by default","duration":8.702299999999923,"failureMessages":[],"meta":{},"tags":[]},{"ancestorTitles":["LLMClient","createLLMClient"],"fullName":"LLMClient createLLMClient should create OpenAI client when specified","status":"passed","title":"should create OpenAI client when specified","duration":0.8886999999999716,"failureMessages":[],"meta":{},"tags":[]},{"ancestorTitles":["LLMClient","createLLMClient"],"fullName":"LLMClient createLLMClient should create DeepSeek client when specified","status":"passed","title":"should create DeepSeek client when specified","duration":0.6580000000001291,"failureMessages":[],"meta":{},"tags":[]},{"ancestorTitles":["LLMClient","createLLMClient"],"fullName":"LLMClient createLLMClient should throw error if API key is missing","status":"passed","title":"should throw error if API key is missing","duration":1.8825999999999112,"failureMessages":[],"meta":{},"tags":[]},{"ancestorTitles":["LLMClient","createLLMClient"],"fullName":"LLMClient createLLMClient should respect custom base URL for OpenAI","status":"passed","title":"should respect custom base URL for OpenAI","duration":0.5405000000000655,"failureMessages":[],"meta":{},"tags":[]},{"ancestorTitles":["LLMClient","message format"],"fullName":"LLMClient message format should accept simple text messages","status":"passed","title":"should accept simple text messages","duration":2.8769999999999527,"failureMessages":[],"meta":{},"tags":[]},{"ancestorTitles":["LLMClient","message format"],"fullName":"LLMClient message format should accept structured content blocks","status":"passed","title":"should accept structured content blocks","duration":1.1639999999999873,"failureMessages":[],"meta":{},"tags":[]},{"ancestorTitles":["LLMClient","message format"],"fullName":"LLMClient message format should accept tool result blocks","status":"passed","title":"should accept tool result blocks","duration":0.6832999999999174,"failureMessages":[],"meta":{},"tags":[]},{"ancestorTitles":["LLMClient","tool schema"],"fullName":"LLMClient tool schema should accept valid tool schema","status":"passed","title":"should accept valid tool schema","duration":0.6401000000000749,"failureMessages":[],"meta":{},"tags":[]},{"ancestorTitles":["LLMClient","tool schema"],"fullName":"LLMClient tool schema should support tools without required fields","status":"passed","title":"should support tools without required fields","duration":0.6234999999999218,"failureMessages":[],"meta":{},"tags":[]},{"ancestorTitles":["LLMClient","stream events"],"fullName":"LLMClient stream events should define text_delta event","status":"passed","title":"should define text_delta event","duration":0.39390000000003056,"failureMessages":[],"meta":{},"tags":[]},{"ancestorTitles":["LLMClient","stream events"],"fullName":"LLMClient stream events should define tool_call_start event","status":"passed","title":"should define tool_call_start event","duration":0.34600000000000364,"failureMessages":[],"meta":{},"tags":[]},{"ancestorTitles":["LLMClient","stream events"],"fullName":"LLMClient stream events should define tool_call_delta event","status":"passed","title":"should define tool_call_delta event","duration":0.26579999999989923,"failureMessages":[],"meta":{},"tags":[]},{"ancestorTitles":["LLMClient","stream events"],"fullName":"LLMClient stream events should define tool_call_end event","status":"passed","title":"should define tool_call_end event","duration":0.22510000000011132,"failureMessages":[],"meta":{},"tags":[]},{"ancestorTitles":["LLMClient","stream events"],"fullName":"LLMClient stream events should define usage event","status":"passed","title":"should define usage event","duration":0.2586999999998625,"failureMessages":[],"meta":{},"tags":[]},{"ancestorTitles":["LLMClient","provider detection"],"fullName":"LLMClient provider detection should detect Anthropic from model name","status":"passed","title":"should detect Anthropic from model name","duration":0.26680000000010295,"failureMessages":[],"meta":{},"tags":[]},{"ancestorTitles":["LLMClient","provider detection"],"fullName":"LLMClient provider detection should detect OpenAI from model name","status":"passed","title":"should detect OpenAI from model name","duration":0.1938000000000102,"failureMessages":[],"meta":{},"tags":[]},{"ancestorTitles":["LLMClient","provider detection"],"fullName":"LLMClient provider detection should detect DeepSeek from model name","status":"passed","title":"should detect DeepSeek from model name","duration":0.177599999999984,"failureMessages":[],"meta":{},"tags":[]},{"ancestorTitles":["LLMClient","error handling"],"fullName":"LLMClient error handling should handle rate limit errors with retry logic","status":"passed","title":"should handle rate limit errors with retry logic","duration":15.629699999999957,"failureMessages":[],"meta":{},"tags":[]},{"ancestorTitles":["LLMClient","error handling"],"fullName":"LLMClient error handling should handle network timeouts","status":"passed","title":"should handle network timeouts","duration":16.904199999999946,"failureMessages":[],"meta":{},"tags":[]},{"ancestorTitles":["LLMClient","error handling"],"fullName":"LLMClient error handling should handle connection reset errors","status":"passed","title":"should handle connection reset errors","duration":1.7208000000000538,"failureMessages":[],"meta":{},"tags":[]},{"ancestorTitles":["LLMClient","error handling"],"fullName":"LLMClient error handling should handle upstream errors","status":"passed","title":"should handle upstream errors","duration":0.5711999999998625,"failureMessages":[],"meta":{},"tags":[]},{"ancestorTitles":["LLMClient","token estimation"],"fullName":"LLMClient token estimation should estimate tokens for simple text","status":"passed","title":"should estimate tokens for simple text","duration":0.5519000000001597,"failureMessages":[],"meta":{},"tags":[]},{"ancestorTitles":["LLMClient","token estimation"],"fullName":"LLMClient token estimation should estimate tokens for longer text","status":"passed","title":"should estimate tokens for longer text","duration":0.26710000000002765,"failureMessages":[],"meta":{},"tags":[]},{"ancestorTitles":["LLMClient","token estimation"],"fullName":"LLMClient token estimation should handle empty text","status":"passed","title":"should handle empty text","duration":0.2414000000001124,"failureMessages":[],"meta":{},"tags":[]},{"ancestorTitles":["LLMClient","retry logic"],"fullName":"LLMClient retry logic should identify retryable error patterns","status":"passed","title":"should identify retryable error patterns","duration":0.9365000000000236,"failureMessages":[],"meta":{},"tags":[]},{"ancestorTitles":["LLMClient","retry logic"],"fullName":"LLMClient retry logic should not retry on non-retryable errors","status":"passed","title":"should not retry on non-retryable errors","duration":0.4701000000000022,"failureMessages":[],"meta":{},"tags":[]},{"ancestorTitles":["LLMClient","retry logic"],"fullName":"LLMClient retry logic should use exponential backoff","status":"passed","title":"should use exponential backoff","duration":1.5957999999998265,"failureMessages":[],"meta":{},"tags":[]},{"ancestorTitles":["LLMClient","retry logic"],"fullName":"LLMClient retry logic should cap delay at maximum","status":"passed","title":"should cap delay at maximum","duration":0.34589999999980137,"failureMessages":[],"meta":{},"tags":[]},{"ancestorTitles":["LLMClient","integration scenarios"],"fullName":"LLMClient integration scenarios should handle complete conversation flow","status":"passed","title":"should handle complete conversation flow","duration":0.5815999999999804,"failureMessages":[],"meta":{},"tags":[]},{"ancestorTitles":["LLMClient","integration scenarios"],"fullName":"LLMClient integration scenarios should handle error tool results","status":"passed","title":"should handle error tool results","duration":0.25769999999988613,"failureMessages":[],"meta":{},"tags":[]},{"ancestorTitles":["LLMClient","integration scenarios"],"fullName":"LLMClient integration scenarios should handle multiple tool calls in sequence","status":"passed","title":"should handle multiple tool calls in sequence","duration":0.4719000000000051,"failureMessages":[],"meta":{},"tags":[]},{"ancestorTitles":["LLMClient","edge cases"],"fullName":"LLMClient edge cases should handle empty content array","status":"passed","title":"should handle empty content array","duration":0.39269999999987704,"failureMessages":[],"meta":{},"tags":[]},{"ancestorTitles":["LLMClient","edge cases"],"fullName":"LLMClient edge cases should handle very long tool input","status":"passed","title":"should handle very long tool input","duration":0.3443999999999505,"failureMessages":[],"meta":{},"tags":[]},{"ancestorTitles":["LLMClient","edge cases"],"fullName":"LLMClient edge cases should handle special characters in tool names","status":"passed","title":"should handle special characters in tool names","duration":0.27690000000006876,"failureMessages":[],"meta":{},"tags":[]},{"ancestorTitles":["LLMClient","edge cases"],"fullName":"LLMClient edge cases should handle empty tool schema properties","status":"passed","title":"should handle empty tool schema properties","duration":0.44000000000005457,"failureMessages":[],"meta":{},"tags":[]}],"startTime":1785829817264,"endTime":1785829817329.44,"status":"passed","message":"","name":"C:/Users/Ehua/codeyang/src/agent/LLMClient.test.ts"},{"assertionResults":[{"ancestorTitles":["Bridge Module"],"fullName":"Bridge Module should export expected functions","status":"passed","title":"should export expected functions","duration":188.78160000000003,"failureMessages":[],"meta":{},"tags":[]},{"ancestorTitles":["Bridge Module"],"fullName":"Bridge Module should export expected types","status":"passed","title":"should export expected types","duration":0.7514999999999645,"failureMessages":[],"meta":{},"tags":[]}],"startTime":1785829813232,"endTime":1785829813421.7515,"status":"passed","message":"","name":"C:/Users/Ehua/codeyang/src/bridge/bridge.test.ts"},{"assertionResults":[{"ancestorTitles":["WatcherSystem"],"fullName":"WatcherSystem starts inactive","status":"passed","title":"starts inactive","duration":5.478900000000067,"failureMessages":[],"meta":{},"tags":[]},{"ancestorTitles":["WatcherSystem"],"fullName":"WatcherSystem adds and removes rules","status":"passed","title":"adds and removes rules","duration":0.8625999999999294,"failureMessages":[],"meta":{},"tags":[]},{"ancestorTitles":["WatcherSystem"],"fullName":"WatcherSystem exposes active rules","status":"passed","title":"exposes active rules","duration":2.1996999999998934,"failureMessages":[],"meta":{},"tags":[]},{"ancestorTitles":["WatcherSystem"],"fullName":"WatcherSystem triggers post-tool rules","status":"passed","title":"triggers post-tool rules","duration":1.7291999999999916,"failureMessages":[],"meta":{},"tags":[]},{"ancestorTitles":["WatcherSystem"],"fullName":"WatcherSystem respects condition filter on post-tool","status":"passed","title":"respects condition filter on post-tool","duration":4.0452999999999975,"failureMessages":[],"meta":{},"tags":[]},{"ancestorTitles":["WatcherSystem"],"fullName":"WatcherSystem can start and stop","status":"passed","title":"can start and stop","duration":2.8113999999998214,"failureMessages":[],"meta":{},"tags":[]},{"ancestorTitles":["WatcherSystem"],"fullName":"WatcherSystem does not double-start","status":"passed","title":"does not double-start","duration":1.1162999999999101,"failureMessages":[],"meta":{},"tags":[]},{"ancestorTitles":["VerificationPipeline"],"fullName":"VerificationPipeline returns empty results for non-TS files","status":"passed","title":"returns empty results for non-TS files","duration":9.645199999999932,"failureMessages":[],"meta":{},"tags":[]},{"ancestorTitles":["VerificationPipeline"],"fullName":"VerificationPipeline formatSummary shows all passed","status":"passed","title":"formatSummary shows all passed","duration":1.906900000000178,"failureMessages":[],"meta":{},"tags":[]},{"ancestorTitles":["VerificationPipeline"],"fullName":"VerificationPipeline formatSummary shows failed checks","status":"passed","title":"formatSummary shows failed checks","duration":2.2626000000000204,"failureMessages":[],"meta":{},"tags":[]},{"ancestorTitles":["VerificationPipeline"],"fullName":"VerificationPipeline setMaxFixIterations clamps to valid range","status":"passed","title":"setMaxFixIterations clamps to valid range","duration":2.1765000000000327,"failureMessages":[],"meta":{},"tags":[]},{"ancestorTitles":["VerificationPipeline"],"fullName":"VerificationPipeline runBatch returns results for TS files only","status":"passed","title":"runBatch returns results for TS files only","duration":7473.520999999999,"failureMessages":[],"meta":{},"tags":[]},{"ancestorTitles":["FeedbackInjector"],"fullName":"FeedbackInjector starts with no pending feedback","status":"passed","title":"starts with no pending feedback","duration":0.5093000000015309,"failureMessages":[],"meta":{},"tags":[]},{"ancestorTitles":["FeedbackInjector"],"fullName":"FeedbackInjector pushes and drains feedback","status":"passed","title":"pushes and drains feedback","duration":0.5783999999985099,"failureMessages":[],"meta":{},"tags":[]},{"ancestorTitles":["FeedbackInjector"],"fullName":"FeedbackInjector drain is idempotent (double drain yields empty)","status":"passed","title":"drain is idempotent (double drain yields empty)","duration":0.30760000000009313,"failureMessages":[],"meta":{},"tags":[]},{"ancestorTitles":["FeedbackInjector"],"fullName":"FeedbackInjector injectIntoHistory adds user message with summaries","status":"passed","title":"injectIntoHistory adds user message with summaries","duration":0.5025000000005093,"failureMessages":[],"meta":{},"tags":[]},{"ancestorTitles":["FeedbackInjector"],"fullName":"FeedbackInjector injectIntoHistory is a no-op when no pending feedback","status":"passed","title":"injectIntoHistory is a no-op when no pending feedback","duration":0.3430000000007567,"failureMessages":[],"meta":{},"tags":[]},{"ancestorTitles":["FeedbackInjector"],"fullName":"FeedbackInjector formats auto-verify summary correctly","status":"passed","title":"formats auto-verify summary correctly","duration":0.2581000000009226,"failureMessages":[],"meta":{},"tags":[]}],"startTime":1785829802247,"endTime":1785829809759.258,"status":"passed","message":"","name":"C:/Users/Ehua/codeyang/src/closed-loop/closed-loop.test.ts"},{"assertionResults":[{"ancestorTitles":["EmbeddingService"],"fullName":"EmbeddingService should create singleton instance","status":"passed","title":"should create singleton instance","duration":3.442299999999932,"failureMessages":[],"meta":{},"tags":[]},{"ancestorTitles":["EmbeddingService"],"fullName":"EmbeddingService should generate pseudo-embeddings as fallback","status":"passed","title":"should generate pseudo-embeddings as fallback","duration":89.20940000000019,"failureMessages":[],"meta":{},"tags":[]},{"ancestorTitles":["EmbeddingService"],"fullName":"EmbeddingService should cache embeddings","status":"passed","title":"should cache embeddings","duration":15.289800000000014,"failureMessages":[],"meta":{},"tags":[]},{"ancestorTitles":["EmbeddingService"],"fullName":"EmbeddingService should calculate cosine similarity correctly","status":"passed","title":"should calculate cosine similarity correctly","duration":12.436599999999999,"failureMessages":[],"meta":{},"tags":[]},{"ancestorTitles":["SemanticClassifier"],"fullName":"SemanticClassifier should initialize with type examples","status":"passed","title":"should initialize with type examples","duration":0.9661999999998443,"failureMessages":[],"meta":{},"tags":[]},{"ancestorTitles":["SemanticClassifier"],"fullName":"SemanticClassifier should classify instruction memories","status":"passed","title":"should classify instruction memories","duration":8.042900000000145,"failureMessages":[],"meta":{},"tags":[]},{"ancestorTitles":["SemanticClassifier"],"fullName":"SemanticClassifier should classify preference memories","status":"passed","title":"should classify preference memories","duration":6.154600000000073,"failureMessages":[],"meta":{},"tags":[]},{"ancestorTitles":["SemanticClassifier"],"fullName":"SemanticClassifier should classify fact memories","status":"passed","title":"should classify fact memories","duration":4.899800000000141,"failureMessages":[],"meta":{},"tags":[]},{"ancestorTitles":["SemanticClassifier"],"fullName":"SemanticClassifier should classify context memories","status":"passed","title":"should classify context memories","duration":6.7888000000000375,"failureMessages":[],"meta":{},"tags":[]},{"ancestorTitles":["SemanticClassifier"],"fullName":"SemanticClassifier should handle edge cases","status":"passed","title":"should handle edge cases","duration":16.452600000000075,"failureMessages":[],"meta":{},"tags":[]},{"ancestorTitles":["SemanticClassifier"],"fullName":"SemanticClassifier should allow adding custom examples","status":"passed","title":"should allow adding custom examples","duration":6.121900000000096,"failureMessages":[],"meta":{},"tags":[]},{"ancestorTitles":["SemanticClassifier"],"fullName":"SemanticClassifier should provide confidence scores for all types","status":"passed","title":"should provide confidence scores for all types","duration":5.742199999999912,"failureMessages":[],"meta":{},"tags":[]},{"ancestorTitles":["classifyMemorySemantic helper"],"fullName":"classifyMemorySemantic helper should classify memories using the global classifier","status":"passed","title":"should classify memories using the global classifier","duration":8.4221,"failureMessages":[],"meta":{},"tags":[]},{"ancestorTitles":["Real-world classification scenarios"],"fullName":"Real-world classification scenarios should correctly classify coding standards","status":"passed","title":"should correctly classify coding standards","duration":25.457499999999982,"failureMessages":[],"meta":{},"tags":[]},{"ancestorTitles":["Real-world classification scenarios"],"fullName":"Real-world classification scenarios should correctly classify user preferences","status":"passed","title":"should correctly classify user preferences","duration":20.036599999999908,"failureMessages":[],"meta":{},"tags":[]},{"ancestorTitles":["Real-world classification scenarios"],"fullName":"Real-world classification scenarios should correctly classify technical facts","status":"passed","title":"should correctly classify technical facts","duration":23.25149999999985,"failureMessages":[],"meta":{},"tags":[]},{"ancestorTitles":["Real-world classification scenarios"],"fullName":"Real-world classification scenarios should correctly classify context information","status":"passed","title":"should correctly classify context information","duration":19.207799999999907,"failureMessages":[],"meta":{},"tags":[]}],"startTime":1785829810986,"endTime":1785829811402.2078,"status":"passed","message":"","name":"C:/Users/Ehua/codeyang/src/continual-learning/SemanticClassifier.test.ts"},{"assertionResults":[{"ancestorTitles":["E2E: Multi-turn File Workflow"],"fullName":"E2E: Multi-turn File Workflow should create, read, and edit a file across multiple turns","status":"passed","title":"should create, read, and edit a file across multiple turns","duration":44.26350000000002,"failureMessages":[],"meta":{},"tags":[]},{"ancestorTitles":["E2E: Multi-turn File Workflow"],"fullName":"E2E: Multi-turn File Workflow should search across multiple files","status":"passed","title":"should search across multiple files","duration":362.02700000000004,"failureMessages":[],"meta":{},"tags":[]},{"ancestorTitles":["E2E: Git Workflow"],"fullName":"E2E: Git Workflow should create branch, make changes, and verify commit","status":"passed","title":"should create branch, make changes, and verify commit","duration":1080.7730999999994,"failureMessages":[],"meta":{},"tags":[]},{"ancestorTitles":["E2E: Error Recovery"],"fullName":"E2E: Error Recovery should handle file not found gracefully","status":"passed","title":"should handle file not found gracefully","duration":9.886099999999715,"failureMessages":[],"meta":{},"tags":[]},{"ancestorTitles":["E2E: Error Recovery"],"fullName":"E2E: Error Recovery should recover from a failed operation and continue","status":"passed","title":"should recover from a failed operation and continue","duration":10.98359999999957,"failureMessages":[],"meta":{},"tags":[]}],"startTime":1785829805985,"endTime":1785829808598.9836,"status":"passed","message":"","name":"C:/Users/Ehua/codeyang/src/e2e/e2e.test.ts"},{"assertionResults":[{"ancestorTitles":["Gateway","Request handling"],"fullName":"Gateway Request handling should handle basic internal request","status":"passed","title":"should handle basic internal request","duration":5.489700000000084,"failureMessages":[],"meta":{},"tags":[]},{"ancestorTitles":["Gateway","Request handling"],"fullName":"Gateway Request handling should create request with auto-generated ID","status":"passed","title":"should create request with auto-generated ID","duration":1.8127000000000635,"failureMessages":[],"meta":{},"tags":[]},{"ancestorTitles":["Gateway","Request handling"],"fullName":"Gateway Request handling should reject unauthenticated external requests","status":"passed","title":"should reject unauthenticated external requests","duration":0.8742999999999483,"failureMessages":[],"meta":{},"tags":[]},{"ancestorTitles":["Gateway","Request handling"],"fullName":"Gateway Request handling should accept authenticated requests","status":"passed","title":"should accept authenticated requests","duration":0.8502999999999474,"failureMessages":[],"meta":{},"tags":[]},{"ancestorTitles":["Gateway","ApiKeyAuthProvider"],"fullName":"Gateway ApiKeyAuthProvider should allow internal requests without key","status":"passed","title":"should allow internal requests without key","duration":0.7820000000000391,"failureMessages":[],"meta":{},"tags":[]},{"ancestorTitles":["Gateway","ApiKeyAuthProvider"],"fullName":"Gateway ApiKeyAuthProvider should reject requests without API key","status":"passed","title":"should reject requests without API key","duration":0.5284000000000333,"failureMessages":[],"meta":{},"tags":[]},{"ancestorTitles":["Gateway","ApiKeyAuthProvider"],"fullName":"Gateway ApiKeyAuthProvider should reject invalid API key","status":"passed","title":"should reject invalid API key","duration":0.4601000000000113,"failureMessages":[],"meta":{},"tags":[]},{"ancestorTitles":["Gateway","ApiKeyAuthProvider"],"fullName":"Gateway ApiKeyAuthProvider should accept valid API key","status":"passed","title":"should accept valid API key","duration":0.3786000000000058,"failureMessages":[],"meta":{},"tags":[]},{"ancestorTitles":["Gateway","ApiKeyAuthProvider"],"fullName":"Gateway ApiKeyAuthProvider should manage keys correctly","status":"p
[...]
lureMessages":[],"meta":{},"tags":[]}],"startTime":1785829812148,"endTime":1785829812331.6616,"status":"passed","message":"","name":"C:/Users/Ehua/codeyang/src/qt/tools/QtProFileTool.test.ts"},{"assertionResults":[{"ancestorTitles":["QtQmlTool","Import detection"],"fullName":"QtQmlTool Import detection detects versioned QtQuick import as warning","status":"passed","title":"detects versioned QtQuick import as warning","duration":25.50999999999999,"failureMessages":[],"meta":{},"tags":[]},{"ancestorTitles":["QtQmlTool","Import detection"],"fullName":"QtQmlTool Import detection detects QtQuick.Controls 1.x as warning (removed in Qt6)","status":"passed","title":"detects QtQuick.Controls 1.x as warning (removed in Qt6)","duration":8.551699999999983,"failureMessages":[],"meta":{},"tags":[]},{"ancestorTitles":["QtQmlTool","Import detection"],"fullName":"QtQmlTool Import detection detects deprecated QtGraphicalEffects import","status":"passed","title":"detects deprecated QtGraphicalEffects import","duration":9.367399999999975,"failureMessages":[],"meta":{},"tags":[]},{"ancestorTitles":["QtQmlTool","Import detection"],"fullName":"QtQmlTool Import detection reports imports section in output","status":"passed","title":"reports imports section in output","duration":7.036299999999983,"failureMessages":[],"meta":{},"tags":[]},{"ancestorTitles":["QtQmlTool","Component detection"],"fullName":"QtQmlTool Component detection lists component types used in QML","status":"passed","title":"lists component types used in QML","duration":12.174099999999953,"failureMessages":[],"meta":{},"tags":[]},{"ancestorTitles":["QtQmlTool","Component detection"],"fullName":"QtQmlTool Component detection reports count for each component type","status":"passed","title":"reports count for each component type","duration":28.77819999999997,"failureMessages":[],"meta":{},"tags":[]},{"ancestorTitles":["QtQmlTool","Anti-pattern detection"],"fullName":"QtQmlTool Anti-pattern detection detects anchors + x property conflict","status":"passed","title":"detects anchors + x property conflict","duration":12.37779999999998,"failureMessages":[],"meta":{},"tags":[]},{"ancestorTitles":["QtQmlTool","Anti-pattern detection"],"fullName":"QtQmlTool Anti-pattern detection detects anchors + x property conflict on same line as y","status":"passed","title":"detects anchors + x property conflict on same line as y","duration":8.58800000000008,"failureMessages":[],"meta":{},"tags":[]},{"ancestorTitles":["QtQmlTool","Anti-pattern detection"],"fullName":"QtQmlTool Anti-pattern detection warns about missing id on top-level component","status":"passed","title":"warns about missing id on top-level component","duration":8.978899999999953,"failureMessages":[],"meta":{},"tags":[]},{"ancestorTitles":["QtQmlTool","Anti-pattern detection"],"fullName":"QtQmlTool Anti-pattern detection does not warn when id is present","status":"passed","title":"does not warn when id is present","duration":7.20130000000006,"failureMessages":[],"meta":{},"tags":[]},{"ancestorTitles":["QtQmlTool","Anti-pattern detection"],"fullName":"QtQmlTool Anti-pattern detection detects deeply nested components (>16 spaces indent)","status":"passed","title":"detects deeply nested components (>16 spaces indent)","duration":6.004500000000007,"failureMessages":[],"meta":{},"tags":[]},{"ancestorTitles":["QtQmlTool","C++ integration detection"],"fullName":"QtQmlTool C++ integration detection detects qmlRegisterType calls in C++ Integration section","status":"passed","title":"detects qmlRegisterType calls in C++ Integration section","duration":5.75240000000008,"failureMessages":[],"meta":{},"tags":[]},{"ancestorTitles":["QtQmlTool","C++ integration detection"],"fullName":"QtQmlTool C++ integration detection detects QML_ELEMENT usage in C++ Integration section","status":"passed","title":"detects QML_ELEMENT usage in C++ Integration section","duration":5.437400000000025,"failureMessages":[],"meta":{},"tags":[]},{"ancestorTitles":["QtQmlTool","File handling"],"fullName":"QtQmlTool File handling reports multiple files in directory","status":"passed","title":"reports multiple files in directory","duration":11.13760000000002,"failureMessages":[],"meta":{},"tags":[]},{"ancestorTitles":["QtQmlTool","File handling"],"fullName":"QtQmlTool File handling reports total line count","status":"passed","title":"reports total line count","duration":5.02839999999992,"failureMessages":[],"meta":{},"tags":[]},{"ancestorTitles":["QtQmlTool","File handling"],"fullName":"QtQmlTool File handling handles empty QML directory gracefully","status":"passed","title":"handles empty QML directory gracefully","duration":2.1077999999999975,"failureMessages":[],"meta":{},"tags":[]},{"ancestorTitles":["QtQmlTool","File handling"],"fullName":"QtQmlTool File handling handles non-existent directory gracefully","status":"passed","title":"handles non-existent directory gracefully","duration":3.8439999999999372,"failureMessages":[],"meta":{},"tags":[]},{"ancestorTitles":["QtQmlTool","File handling"],"fullName":"QtQmlTool File handling skips non-QML files","status":"passed","title":"skips non-QML files","duration":6.451199999999972,"failureMessages":[],"meta":{},"tags":[]},{"ancestorTitles":["QtQmlTool","File handling"],"fullName":"QtQmlTool File handling processes .qml files in subdirectories","status":"passed","title":"processes .qml files in subdirectories","duration":7.907799999999952,"failureMessages":[],"meta":{},"tags":[]},{"ancestorTitles":["QtQmlTool","File handling"],"fullName":"QtQmlTool File handling reports file path relative to cwd","status":"passed","title":"reports file path relative to cwd","duration":6.706099999999992,"failureMessages":[],"meta":{},"tags":[]},{"ancestorTitles":["QtQmlTool","Warning and info summary"],"fullName":"QtQmlTool Warning and info summary includes summary with warning/info counts","status":"passed","title":"includes summary with warning/info counts","duration":6.229799999999955,"failureMessages":[],"meta":{},"tags":[]},{"ancestorTitles":["QtQmlTool","Warning and info summary"],"fullName":"QtQmlTool Warning and info summary marks versioned imports with ⚠ icon","status":"passed","title":"marks versioned imports with ⚠ icon","duration":6.593899999999962,"failureMessages":[],"meta":{},"tags":[]}],"startTime":1785829812092,"endTime":1785829812296.594,"status":"passed","message":"","name":"C:/Users/Ehua/codeyang/src/qt/tools/QtQmlTool.test.ts"},{"assertionResults":[{"ancestorTitles":["Tool Definitions","core.def.ts"],"fullName":"Tool Definitions core.def.ts should export a definitions array","status":"passed","title":"should export a definitions array","duration":133.57439999999997,"failureMessages":[],"meta":{},"tags":[]},{"ancestorTitles":["Tool Definitions","core.def.ts"],"fullName":"Tool Definitions core.def.ts each definition should have required fields","status":"passed","title":"each definition should have required fields","duration":4.429700000000025,"failureMessages":[],"meta":{},"tags":[]},{"ancestorTitles":["Tool Definitions","core.def.ts"],"fullName":"Tool Definitions core.def.ts each execute function should return a string","status":"passed","title":"each execute function should return a string","duration":3.6222999999999956,"failureMessages":[],"meta":{},"tags":[]},{"ancestorTitles":["Tool Definitions","filesystem.def.ts"],"fullName":"Tool Definitions filesystem.def.ts should export a definitions array","status":"passed","title":"should export a definitions array","duration":134.85500000000002,"failureMessages":[],"meta":{},"tags":[]},{"ancestorTitles":["Tool Definitions","filesystem.def.ts"],"fullName":"Tool Definitions filesystem.def.ts each definition should have required fields","status":"passed","title":"each definition should have required fields","duration":1.814799999999991,"failureMessages":[],"meta":{},"tags":[]},{"ancestorTitles":["Tool Definitions","filesystem.def.ts"],"fullName":"Tool Definitions filesystem.def.ts each execute function should return a string","status":"passed","title":"each execute function should return a string","duration":10.6019,"failureMessages":[],"meta":{},"tags":[]},{"ancestorTitles":["Tool Definitions","git.def.ts"],"fullName":"Tool Definitions git.def.ts should export a definitions array","status":"passed","title":"should export a definitions array","duration":28.703499999999963,"failureMessages":[],"meta":{},"tags":[]},{"ancestorTitles":["Tool Definitions","git.def.ts"],"fullName":"Tool Definitions git.def.ts each definition should have required fields","status":"passed","title":"each definition should have required fields","duration":4.312799999999925,"failureMessages":[],"meta":{},"tags":[]},{"ancestorTitles":["Tool Definitions","git.def.ts"],"fullName":"Tool Definitions git.def.ts each execute function should return a string","status":"passed","title":"each execute function should return a string","duration":2.70130000000006,"failureMessages":[],"meta":{},"tags":[]},{"ancestorTitles":["Tool Definitions","data.def.ts"],"fullName":"Tool Definitions data.def.ts should export a definitions array","status":"passed","title":"should export a definitions array","duration":474.94449999999995,"failureMessages":[],"meta":{},"tags":[]},{"ancestorTitles":["Tool Definitions","data.def.ts"],"fullName":"Tool Definitions data.def.ts each definition should have required fields","status":"passed","title":"each definition should have required fields","duration":2.729000000000042,"failureMessages":[],"meta":{},"tags":[]},{"ancestorTitles":["Tool Definitions","data.def.ts"],"fullName":"Tool Definitions data.def.ts each execute function should return a string","status":"passed","title":"each execute function should return a string","duration":16.1096,"failureMessages":[],"meta":{},"tags":[]},{"ancestorTitles":["Tool Definitions","network.def.ts"],"fullName":"Tool Definitions network.def.ts should export a definitions array","status":"passed","title":"should export a definitions array","duration":565.7074,"failureMessages":[],"meta":{},"tags":[]},{"ancestorTitles":["Tool Definitions","network.def.ts"],"fullName":"Tool Definitions network.def.ts each definition should have required fields","status":"passed","title":"each definition should have required fields","duration":1.9320000000000164,"failureMessages":[],"meta":{},"tags":[]},{"ancestorTitles":["Tool Definitions","network.def.ts"],"fullName":"Tool Definitions network.def.ts each execute function should return a string","status":"passed","title":"each execute function should return a string","duration":3.4430999999999585,"failureMessages":[],"meta":{},"tags":[]},{"ancestorTitles":["Tool Definitions","code.def.ts"],"fullName":"Tool Definitions code.def.ts should export a definitions array","status":"passed","title":"should export a definitions array","duration":1229.6378,"failureMessages":[],"meta":{},"tags":[]},{"ancestorTitles":["Tool Definitions","code.def.ts"],"fullName":"Tool Definitions code.def.ts each definition should have required fields","status":"passed","title":"each definition should have required fields","duration":2.7867999999998574,"failureMessages":[],"meta":{},"tags":[]},{"ancestorTitles":["Tool Definitions","code.def.ts"],"fullName":"Tool Definitions code.def.ts each execute function should return a string","status":"passed","title":"each execute function should return a string","duration":103.44490000000042,"failureMessages":[],"meta":{},"tags":[]},{"ancestorTitles":["Tool Definitions","search.def.ts"],"fullName":"Tool Definitions search.def.ts should export a definitions array","status":"passed","title":"should export a definitions array","duration":20.789099999999962,"failureMessages":[],"meta":{},"tags":[]},{"ancestorTitles":["Tool Definitions","search.def.ts"],"fullName":"Tool Definitions search.def.ts each definition should have required fields","status":"passed","title":"each definition should have required fields","duration":2.0459999999998217,"failureMessages":[],"meta":{},"tags":[]},{"ancestorTitles":["Tool Definitions","search.def.ts"],"fullName":"Tool Definitions search.def.ts each execute function should return a string","status":"passed","title":"each execute function should return a string","duration":225.47400000000016,"failureMessages":[],"meta":{},"tags":[]},{"ancestorTitles":["Tool Definitions","search-web.def.ts"],"fullName":"Tool Definitions search-web.def.ts should export a definitions array","status":"passed","title":"should export a definitions array","duration":17.413300000000163,"failureMessages":[],"meta":{},"tags":[]},{"ancestorTitles":["Tool Definitions","search-web.def.ts"],"fullName":"Tool Definitions search-web.def.ts each definition should have required fields","status":"passed","title":"each definition should have required fields","duration":0.6876999999999498,"failureMessages":[],"meta":{},"tags":[]},{"ancestorTitles":["Tool Definitions","search-web.def.ts"],"fullName":"Tool Definitions search-web.def.ts each execute function should return a string","status":"passed","title":"each execute function should return a string","duration":0.4776999999999134,"failureMessages":[],"meta":{},"tags":[]},{"ancestorTitles":["Tool Definitions","shell.def.ts"],"fullName":"Tool Definitions shell.def.ts should export a definitions array","status":"passed","title":"should export a definitions array","duration":14.401500000000397,"failureMessages":[],"meta":{},"tags":[]},{"ancestorTitles":["Tool Definitions","shell.def.ts"],"fullName":"Tool Definitions shell.def.ts each definition should have required fields","status":"passed","title":"each definition should have required fields","duration":0.6247999999995955,"failureMessages":[],"meta":{},"tags":[]},{"ancestorTitles":["Tool Definitions","shell.def.ts"],"fullName":"Tool Definitions shell.def.ts each execute function should return a string","status":"passed","title":"each execute function should return a string","duration":0.6452999999996791,"failureMessages":[],"meta":{},"tags":[]},{"ancestorTitles":["Tool Definitions","memory.def.ts"],"fullName":"Tool Definitions memory.def.ts should export a definitions array","status":"passed","title":"should export a definitions array","duration":37.61409999999978,"failureMessages":[],"meta":{},"tags":[]},{"ancestorTitles":["Tool Definitions","memory.def.ts"],"fullName":"Tool Definitions memory.def.ts each definition should have required fields","status":"passed","title":"each definition should have required fields","duration":1.1319000000003143,"failureMessages":[],"meta":{},"tags":[]},{"ancestorTitles":["Tool Definitions","memory.def.ts"],"fullName":"Tool Definitions memory.def.ts each execute function should return a string","status":"passed","title":"each execute function should return a string","duration":12.813700000000154,"failureMessages":[],"meta":{},"tags":[]},{"ancestorTitles":["Tool Definitions","image.def.ts"],"fullName":"Tool Definitions image.def.ts should export a definitions array","status":"passed","title":"should export a definitions array","duration":13.3746000000001,"failureMessages":[],"meta":{},"tags":[]},{"ancestorTitles":["Tool Definitions","image.def.ts"],"fullName":"Tool Definitions image.def.ts each definition should have required fields","status":"passed","title":"each definition should have required fields","duration":1.5036000000000058,"failureMessages":[],"meta":{},"tags":[]},{"ancestorTitles":["Tool Definitions","image.def.ts"],"fullName":"Tool Definitions image.def.ts each execute function should return a string","status":"passed","title":"each execute function should return a string","duration":4.276699999999892,"failureMessages":[],"meta":{},"tags":[]},{"ancestorTitles":["Tool Definitions","plan.def.ts"],"fullName":"Tool Definitions plan.def.ts should export a definitions array","status":"passed","title":"should export a definitions array","duration":15.783100000000104,"failureMessages":[],"meta":{},"tags":[]},{"ancestorTitles":["Tool Definitions","plan.def.ts"],"fullName":"Tool Definitions plan.def.ts each definition should have required fields","status":"passed","title":"each definition should have required fields","duration":0.7480000000000473,"failureMessages":[],"meta":{},"tags":[]},{"ancestorTitles":["Tool Definitions","plan.def.ts"],"fullName":"Tool Definitions plan.def.ts each execute function should return a string","status":"passed","title":"each execute function should return a string","duration":0.6127000000001317,"failureMessages":[],"meta":{},"tags":[]},{"ancestorTitles":["Tool Definitions","agent.def.ts"],"fullName":"Tool Definitions agent.def.ts should export a definitions array","status":"passed","title":"should export a definitions array","duration":814.1580000000004,"failureMessages":[],"meta":{},"tags":[]},{"ancestorTitles":["Tool Definitions","agent.def.ts"],"fullName":"Tool Definitions agent.def.ts each definition should have required fields","status":"passed","title":"each definition should have required fields","duration":0.7726000000002387,"failureMessages":[],"meta":{},"tags":[]},{"ancestorTitles":["Tool Definitions","agent.def.ts"],"fullName":"Tool Definitions agent.def.ts each execute function should return a string","status":"passed","title":"each execute function should return a string","duration":1.7251999999998588,"failureMessages":[],"meta":{},"tags":[]},{"ancestorTitles":["Tool Definitions","task.def.ts"],"fullName":"Tool Definitions task.def.ts should export a definitions array","status":"passed","title":"should export a definitions array","duration":39.4987000000001,"failureMessages":[],"meta":{},"tags":[]},{"ancestorTitles":["Tool Definitions","task.def.ts"],"fullName":"Tool Definitions task.def.ts each definition should have required fields","status":"passed","title":"each definition should have required fields","duration":2.590400000000045,"failureMessages":[],"meta":{},"tags":[]},{"ancestorTitles":["Tool Definitions","task.def.ts"],"fullName":"Tool Definitions task.def.ts each execute function should return a string","status":"passed","title":"each execute function should return a string","duration":37.159599999999955,"failureMessages":[],"meta":{},"tags":[]},{"ancestorTitles":["Tool Definitions","query.def.ts"],"fullName":"Tool Definitions query.def.ts should export a definitions array","status":"passed","title":"should export a definitions array","duration":507.8895999999995,"failureMessages":[],"meta":{},"tags":[]},{"ancestorTitles":["Tool Definitions","query.def.ts"],"fullName":"Tool Definitions query.def.ts each definition should have required fields","status":"passed","title":"each definition should have required fields","duration":1.1724000000003798,"failureMessages":[],"meta":{},"tags":[]},{"ancestorTitles":["Tool Definitions","query.def.ts"],"fullName":"Tool Definitions query.def.ts each execute function should return a string","status":"passed","title":"each execute function should return a string","duration":1587.6614,"failureMessages":[],"meta":{},"tags":[]},{"ancestorTitles":["Tool Definitions","github.def.ts"],"fullName":"Tool Definitions github.def.ts should export a definitions array","status":"passed","title":"should export a definitions array","duration":12.04240000000027,"failureMessages":[],"meta":{},"tags":[]},{"ancestorTitles":["Tool Definitions","github.def.ts"],"fullName":"Tool Definitions github.def.ts each definition should have required fields","status":"passed","title":"each definition should have required fields","duration":0.4489999999996144,"failureMessages":[],"meta":{},"tags":[]},{"ancestorTitles":["Tool Definitions","github.def.ts"],"fullName":"Tool Definitions github.def.ts each execute function should return a string","status":"passed","title":"each execute function should return a string","duration":0.4305999999996857,"failureMessages":[],"meta":{},"tags":[]}],"startTime":1785829801760,"endTime":1785829807869.449,"status":"passed","message":"","name":"C:/Users/Ehua/codeyang/src/tools/definitions/definitions.test.ts"}]}