{"numTotalTestSuites":575,"numPassedTestSuites":569,"numFailedTestSuites":6,"numPendingTestSuites":0,"numTotalTests":1485,"numPassedTests":1478,"numFailedTests":2,"numPendingTests":5,"numTodoTests":0,"snapshot":{"added":0,"failure":false,"filesAdded":0,"filesRemoved":0,"filesRemovedList":[],"filesUnmatched":0,"filesUpdated":0,"matched":0,"total":0,"unchecked":0,"uncheckedKeysByFile":[],"unmatched":0,"updated":0,"didUpdate":false},"startTime":1785923664418,"success":false,"testResults":[{"assertionResults":[{"ancestorTitles":["CodeYangX","main.js detection"],"fullName":"CodeYangX main.js detection should check if main.js exists","status":"passed","title":"should check if main.js exists","duration":4.216099999999983,"failureMessages":[],"meta":{},"tags":[]},{"ancestorTitles":["CodeYangX","electron binary detection"],"fullName":"CodeYangX electron binary detection should handle Windows platform","status":"passed","title":"should handle Windows platform","duration":2.0225000000000364,"failureMessages":[],"meta":{},"tags":[]},{"ancestorTitles":["CodeYangX","electron binary detection"],"fullName":"CodeYangX electron binary detection should handle Unix platforms","status":"passed","title":"should handle Unix platforms","duration":0.9099999999999682,"failureMessages":[],"meta":{},"tags":[]},{"ancestorTitles":["CodeYangX","spawn behavior"],"fullName":"CodeYangX spawn behavior should spawn electron process","status":"passed","title":"should spawn electron process","duration":0.8023000000000593,"failureMessages":[],"meta":{},"tags":[]},{"ancestorTitles":["CodeYangX","error handling"],"fullName":"CodeYangX error handling should handle ENOENT error","status":"passed","title":"should handle ENOENT error","duration":0.4576999999999316,"failureMessages":[],"meta":{},"tags":[]},{"ancestorTitles":["CodeYangX","error handling"],"fullName":"CodeYangX error handling should handle generic errors","status":"passed","title":"should handle generic errors","duration":0.3465999999999667,"failureMessages":[],"meta":{},"tags":[]}],"startTime":1785923687878,"endTime":1785923687887.4578,"status":"passed","message":"","name":"C:/Users/Ehua/codeyang/src/codeyangx.test.ts"},{"assertionResults":[{"ancestorTitles":["Commands - Extended Coverage","/exit and /quit"],"fullName":"Commands - Extended Coverage /exit and /quit should handle /exit command","status":"passed","title":"should handle /exit command","duration":54.95439999999962,"failureMessages":[],"meta":{},"tags":[]},{"ancestorTitles":["Commands - Extended Coverage","/exit and /quit"],"fullName":"Commands - Extended Coverage /exit and /quit should handle /quit command","status":"passed","title":"should handle /quit command","duration":68.0581000000002,"failureMessages":[],"meta":{},"tags":[]},{"ancestorTitles":["Commands - Extended Coverage","/help"],"fullName":"Commands - Extended Coverage /help should display help information","status":"passed","title":"should display help information","duration":17.014500000000226,"failureMessages":[],"meta":{},"tags":[]},{"ancestorTitles":["Commands - Extended Coverage","/model"],"fullName":"Commands - Extended Coverage /model should display current model","status":"passed","title":"should display current model","duration":2.1012000000000626,"failureMessages":[],"meta":{},"tags":[]},{"ancestorTitles":["Commands - Extended Coverage","/model"],"fullName":"Commands - Extended Coverage /model should handle model switching","status":"passed","title":"should handle model switching","duration":1.625,"failureMessages":[],"meta":{},"tags":[]},{"ancestorTitles":["Commands - Extended Coverage","/ponytail"],"fullName":"Commands - Extended Coverage /ponytail should display ponytail status","status":"passed","title":"should display ponytail status","duration":3.9668000000001484,"failureMessages":[],"meta":{},"tags":[]},{"ancestorTitles":["Commands - Extended Coverage","/ponytail"],"fullName":"Commands - Extended Coverage /ponytail should handle ponytail level change","status":"passed","title":"should handle ponytail level change","duration":4.0536999999994805,"failureMessages":[],"meta":{},"tags":[]},{"ancestorTitles":["Commands - Extended Coverage","/config"],"fullName":"Commands - Extended Coverage /config should display configuration","status":"passed","title":"should display configuration","duration":5.678100000000086,"failureMessages":[],"meta":{},"tags":[]},{"ancestorTitles":["Commands - Extended Coverage","/reload"],"fullName":"Commands - Extended Coverage /reload should reload configuration","status":"passed","title":"should reload configuration","duration":14.577800000000025,"failureMessages":[],"meta":{},"tags":[]},{"ancestorTitles":["Commands - Extended Coverage","/sessions"],"fullName":"Commands - Extended Coverage /sessions should list sessions","status":"passed","title":"should list sessions","duration":68.42140000000018,"failureMessages":[],"meta":{},"tags":[]},{"ancestorTitles":["Commands - Extended Coverage","/plan"],"fullName":"Commands - Extended Coverage /plan should show current plan","status":"passed","title":"should show current plan","duration":4098.099399999999,"failureMessages":[],"meta":{},"tags":[]},{"ancestorTitles":["Commands - Extended Coverage","/tag"],"fullName":"Commands - Extended Coverage /tag should create checkpoint","status":"passed","title":"should create checkpoint","duration":2.0288999999993393,"failureMessages":[],"meta":{},"tags":[]},{"ancestorTitles":["Commands - Extended Coverage","/ctx_viz and /context"],"fullName":"Commands - Extended Coverage /ctx_viz and /context should show context visualization with /ctx_viz","status":"passed","title":"should show context visualization with /ctx_viz","duration":20.73739999999998,"failureMessages":[],"meta":{},"tags":[]},{"ancestorTitles":["Commands - Extended Coverage","/ctx_viz and /context"],"fullName":"Commands - Extended Coverage /ctx_viz and /context should show context visualization with /context","status":"passed","title":"should show context visualization with /context","duration":2.7819999999992433,"failureMessages":[],"meta":{},"tags":[]},{"ancestorTitles":["Commands - Extended Coverage","Git commands"],"fullName":"Commands - Extended Coverage Git commands should handle /diff command","status":"passed","title":"should handle /diff command","duration":278.52529999999933,"failureMessages":[],"meta":{},"tags":[]},{"ancestorTitles":["Commands - Extended Coverage","Git commands"],"fullName":"Commands - Extended Coverage Git commands should handle /branch command","status":"passed","title":"should handle /branch command","duration":259.2505000000001,"failureMessages":[],"meta":{},"tags":[]},{"ancestorTitles":["Commands - Extended Coverage","Git commands"],"fullName":"Commands - Extended Coverage Git commands should handle /commit with message","status":"passed","title":"should handle /commit with message","duration":928.2795000000006,"failureMessages":[],"meta":{},"tags":[]},{"ancestorTitles":["Commands - Extended Coverage","Git commands"],"fullName":"Commands - Extended Coverage Git commands should handle /commit without message","status":"passed","title":"should handle /commit without message","duration":2.6766000000006898,"failureMessages":[],"meta":{},"tags":[]},{"ancestorTitles":["Commands - Extended Coverage","Command parsing"],"fullName":"Commands - Extended Coverage Command parsing should handle commands with extra whitespace","status":"passed","title":"should handle commands with extra whitespace","duration":2.2541000000001077,"failureMessages":[],"meta":{},"tags":[]},{"ancestorTitles":["Commands - Extended Coverage","Command parsing"],"fullName":"Commands - Extended Coverage Command parsing should handle uppercase commands","status":"passed","title":"should handle uppercase commands","duration":1.5447999999996682,"failureMessages":[],"meta":{},"tags":[]},{"ancestorTitles":["Commands - Extended Coverage","Command parsing"],"fullName":"Commands - Extended Coverage Command parsing should handle mixed case commands","status":"passed","title":"should handle mixed case commands","duration":1.2507000000005064,"failureMessages":[],"meta":{},"tags":[]},{"ancestorTitles":["Commands - Extended Coverage","Error scenarios"],"fullName":"Commands - Extended Coverage Error scenarios should handle agent errors gracefully","status":"passed","title":"should handle agent errors gracefully","duration":1.8919000000005326,"failureMessages":[],"meta":{},"tags":[]}],"startTime":1785923671748,"endTime":1785923677590.8918,"status":"passed","message":"","name":"C:/Users/Ehua/codeyang/src/commands.extended.test.ts"},{"assertionResults":[{"ancestorTitles":["Commands","/clear"],"fullName":"Commands /clear should clear agent history","status":"passed","title":"should clear agent history","duration":9.665200000000368,"failureMessages":[],"meta":{},"tags":[]},{"ancestorTitles":["Commands","/tasks"],"fullName":"Commands /tasks should show task list","status":"passed","title":"should show task list","duration":41.537100000000464,"failureMessages":[],"meta":{},"tags":[]},{"ancestorTitles":["Commands","/rewind"],"fullName":"Commands /rewind should rewind to checkpoint when available","status":"passed","title":"should rewind to checkpoint when available","duration":6.03229999999985,"failureMessages":[],"meta":{},"tags":[]},{"ancestorTitles":["Commands","/rewind"],"fullName":"Commands /rewind should handle no checkpoints","status":"passed","title":"should handle no checkpoints","duration":1.9826999999995678,"failureMessages":[],"meta":{},"tags":[]},{"ancestorTitles":["Commands","/stats"],"fullName":"Commands /stats should show tool statistics","status":"passed","title":"should show tool statistics","duration":2.2138999999997395,"failureMessages":[],"meta":{},"tags":[]},{"ancestorTitles":["Commands","/mcp"],"fullName":"Commands /mcp should show MCP server status","status":"passed","title":"should show MCP server status","duration":3.068699999999808,"failureMessages":[],"meta":{},"tags":[]},{"ancestorTitles":["Commands","/tools"],"fullName":"Commands /tools should list all tools","status":"passed","title":"should list all tools","duration":4043.8538,"failureMessages":[],"meta":{},"tags":[]},{"ancestorTitles":["Commands","unhandled commands"],"fullName":"Commands unhandled commands should handle unknown slash commands","status":"passed","title":"should handle unknown slash commands","duration":2.1138999999984662,"failureMessages":[],"meta":{},"tags":[]},{"ancestorTitles":["Commands","unhandled commands"],"fullName":"Commands unhandled commands should return handled=false for regular text","status":"passed","title":"should return handled=false for regular text","duration":1.7377999999989697,"failureMessages":[],"meta":{},"tags":[]}],"startTime":1785923671751,"endTime":1785923675864.7378,"status":"passed","message":"","name":"C:/Users/Ehua/codeyang/src/commands.test.ts"},{"assertionResults":[{"ancestorTitles":["CLI Index - Extended Coverage","API Key resolution"],"fullName":"CLI Index - Extended Coverage API Key resolution should prioritize command-line API key","status":"passed","title":"should prioritize command-line API key","duration":4.241199999999935,"failureMessages":[],"meta":{},"tags":[]},{"ancestorTitles":["CLI Index - Extended Coverage","API Key resolution"],"fullName":"CLI Index - Extended Coverage API Key resolution should fall back to CODEYANG_API_KEY","status":"passed","title":"should fall back to CODEYANG_API_KEY","duration":0.5365000000000464,"failureMessages":[],"meta":{},"tags":[]},{"ancestorTitles":["CLI Index - Extended Coverage","API Key resolution"],"fullName":"CLI Index - Extended Coverage API Key resolution should fall back to DEEPSEEK_API_KEY","status":"passed","title":"should fall back to DEEPSEEK_API_KEY","duration":0.3088999999999942,"failureMessages":[],"meta":{},"tags":[]},{"ancestorTitles":["CLI Index - Extended Coverage","Model configuration"],"fullName":"CLI Index - Extended Coverage Model configuration should use command-line model","status":"passed","title":"should use command-line model","duration":0.3953000000000202,"failureMessages":[],"meta":{},"tags":[]},{"ancestorTitles":["CLI Index - Extended Coverage","Model configuration"],"fullName":"CLI Index - Extended Coverage Model configuration should fall back to environment model","status":"passed","title":"should fall back to environment model","duration":0.3044999999999618,"failureMessages":[],"meta":{},"tags":[]},{"ancestorTitles":["CLI Index - Extended Coverage","Model configuration"],"fullName":"CLI Index - Extended Coverage Model configuration should use default model","status":"passed","title":"should use default model","duration":0.2642999999999347,"failureMessages":[],"meta":{},"tags":[]},{"ancestorTitles":["CLI Index - Extended Coverage","Max tokens configuration"],"fullName":"CLI Index - Extended Coverage Max tokens configuration should parse max tokens from string","status":"passed","title":"should parse max tokens from string","duration":0.28920000000005075,"failureMessages":[],"meta":{},"tags":[]},{"ancestorTitles":["CLI Index - Extended Coverage","Max tokens configuration"],"fullName":"CLI Index - Extended Coverage Max tokens configuration should validate max tokens range","status":"passed","title":"should validate max tokens range","duration":0.5529000000000224,"failureMessages":[],"meta":{},"tags":[]},{"ancestorTitles":["CLI Index - Extended Coverage","Max tokens configuration"],"fullName":"CLI Index - Extended Coverage Max tokens configuration should handle invalid max tokens","status":"passed","title":"should handle invalid max tokens","duration":0.5720999999999776,"failureMessages":[],"meta":{},"tags":[]},{"ancestorTitles":["CLI Index - Extended Coverage","Base URL configuration"],"fullName":"CLI Index - Extended Coverage Base URL configuration should use custom base URL","status":"passed","title":"should use custom base URL","duration":0.6996000000000322,"failureMessages":[],"meta":{},"tags":[]},{"ancestorTitles":["CLI Index - Extended Coverage","Base URL configuration"],"fullName":"CLI Index - Extended Coverage Base URL configuration should validate URL format","status":"passed","title":"should validate URL format","duration":0.6539999999999964,"failureMessages":[],"meta":{},"tags":[]},{"ancestorTitles":["CLI Index - Extended Coverage","Working directory"],"fullName":"CLI Index - Extended Coverage Working directory should use current working directory","status":"passed","title":"should use current working directory","duration":1.2128999999999905,"failureMessages":[],"meta":{},"tags":[]},{"ancestorTitles":["CLI Index - Extended Coverage","Working directory"],"fullName":"CLI Index - Extended Coverage Working directory should handle custom working directory","status":"passed","title":"should handle custom working directory","duration":0.8394000000000688,"failureMessages":[],"meta":{},"tags":[]},{"ancestorTitles":["CLI Index - Extended Coverage","CLI flags"],"fullName":"CLI Index - Extended Coverage CLI flags should recognize --help flag","status":"passed","title":"should recognize --help flag","duration":2.2093999999999596,"failureMessages":[],"meta":{},"tags":[]},{"ancestorTitles":["CLI Index - Extended Coverage","CLI flags"],"fullName":"CLI Index - Extended Coverage CLI flags should recognize --version flag","status":"passed","title":"should recognize --version flag","duration":0.49860000000001037,"failureMessages":[],"meta":{},"tags":[]},{"ancestorTitles":["CLI Index - Extended Coverage","CLI flags"],"fullName":"CLI Index - Extended Coverage CLI flags should recognize --model flag","status":"passed","title":"should recognize --model flag","duration":0.8990999999999758,"failureMessages":[],"meta":{},"tags":[]},{"ancestorTitles":["CLI Index - Extended Coverage","CLI flags"],"fullName":"CLI Index - Extended Coverage CLI flags should recognize --api-key flag","status":"passed","title":"should recognize --api-key flag","duration":0.363399999999956,"failureMessages":[],"meta":{},"tags":[]},{"ancestorTitles":["CLI Index - Extended Coverage","CLI flags"],"fullName":"CLI Index - Extended Coverage CLI flags should recognize --max-tokens flag","status":"passed","title":"should recognize --max-tokens flag","duration":0.20939999999995962,"failureMessages":[],"meta":{},"tags":[]},{"ancestorTitles":["CLI Index - Extended Coverage","CLI flags"],"fullName":"CLI Index - Extended Coverage CLI flags should recognize --base-url flag","status":"passed","title":"should recognize --base-url flag","duration":0.18299999999999272,"failureMessages":[],"meta":{},"tags":[]},{"ancestorTitles":["CLI Index - Extended Coverage","Environment variable priority"],"fullName":"CLI Index - Extended Coverage Environment variable priority should respect priority order","status":"passed","title":"should respect priority order","duration":0.2518999999999778,"failureMessages":[],"meta":{},"tags":[]},{"ancestorTitles":["CLI Index - Extended Coverage","Configuration validation"],"fullName":"CLI Index - Extended Coverage Configuration validation should validate complete configuration","status":"passed","title":"should validate complete configuration","duration":0.7183999999999742,"failureMessages":[],"meta":{},"tags":[]},{"ancestorTitles":["CLI Index - Extended Coverage","Configuration validation"],"fullName":"CLI Index - Extended Coverage Configuration validation should handle missing required fields","status":"passed","title":"should handle missing required fields","duration":0.4009000000000924,"failureMessages":[],"meta":{},"tags":[]},{"ancestorTitles":["CLI Index - Extended Coverage","Error handling"],"fullName":"CLI Index - Extended Coverage Error handling should handle missing API key gracefully","status":"passed","title":"should handle missing API key gracefully","duration":0.27549999999996544,"failureMessages":[],"meta":{},"tags":[]},{"ancestorTitles":["CLI Index - Extended Coverage","Error handling"],"fullName":"CLI Index - Extended Coverage Error handling should handle invalid model name","status":"passed","title":"should handle invalid model name","duration":0.18389999999999418,"failureMessages":[],"meta":{},"tags":[]},{"ancestorTitles":["CLI Index - Extended Coverage","Error handling"],"fullName":"CLI Index - Extended Coverage Error handling should handle invalid max tokens","status":"passed","title":"should handle invalid max tokens","duration":3.72079999999994,"failureMessages":[],"meta":{},"tags":[]}],"startTime":1785923686973,"endTime":1785923686996.7207,"status":"passed","message":"","name":"C:/Users/Ehua/codeyang/src/index.extended.test.ts"},{"assertionResults":[{"ancestorTitles":["CLI Entry Point","Argument parsing"],"fullName":"CLI Entry Point Argument parsing should parse --help flag","status":"passed","title":"should parse --help flag","duration":7.119500000000016,"failureMessages":[],"meta":{},"tags":[]},{"ancestorTitles":["CLI Entry Point","Argument parsing"],"fullName":"CLI Entry Point Argument parsing should parse --version flag","status":"passed","title":"should parse --version flag","duration":0.5924999999999727,"failureMessages":[],"meta":{},"tags":[]},{"ancestorTitles":["CLI Entry Point","Argument parsing"],"fullName":"CLI Entry Point Argument parsing should parse --model flag","status":"passed","title":"should parse --model flag","duration":0.6796000000000504,"failureMessages":[],"meta":{},"tags":[]},{"ancestorTitles":["CLI Entry Point","Argument parsing"],"fullName":"CLI Entry Point Argument parsing should parse --api-key flag","status":"passed","title":"should parse --api-key flag","duration":0.44620000000008986,"failureMessages":[],"meta":{},"tags":[]},{"ancestorTitles":["CLI Entry Point","Environment variables"],"fullName":"CLI Entry Point Environment variables should read CODEYANG_API_KEY from env","status":"passed","title":"should read CODEYANG_API_KEY from env","duration":0.49709999999993215,"failureMessages":[],"meta":{},"tags":[]},{"ancestorTitles":["CLI Entry Point","Environment variables"],"fullName":"CLI Entry Point Environment variables should read CODEYANG_MODEL from env","status":"passed","title":"should read CODEYANG_MODEL from env","duration":0.38609999999994216,"failureMessages":[],"meta":{},"tags":[]},{"ancestorTitles":["CLI Entry Point","Environment variables"],"fullName":"CLI Entry Point Environment variables should read CODEYANG_MAX_TOKENS from env","status":"passed","title":"should read CODEYANG_MAX_TOKENS from env","duration":0.3775999999999158,"failureMessages":[],"meta":{},"tags":[]},{"ancestorTitles":["CLI Entry Point","Environment variables"],"fullName":"CLI Entry Point Environment variables should read CODEYANG_BASE_URL from env","status":"passed","title":"should read CODEYANG_BASE_URL from env","duration":0.373299999999972,"failureMessages":[],"meta":{},"tags":[]},{"ancestorTitles":["CLI Entry Point","API key validation"],"fullName":"CLI Entry Point API key validation should handle missing API key","status":"passed","title":"should handle missing API key","duration":0.49469999999996617,"failureMessages":[],"meta":{},"tags":[]},{"ancestorTitles":["CLI Entry Point","API key validation"],"fullName":"CLI Entry Point API key validation should prefer CODEYANG_API_KEY over DEEPSEEK_API_KEY","status":"passed","title":"should prefer CODEYANG_API_KEY over DEEPSEEK_API_KEY","duration":0.44400000000007367,"failureMessages":[],"meta":{},"tags":[]},{"ancestorTitles":["CLI Entry Point","API key validation"],"fullName":"CLI Entry Point API key validation should fall back to DEEPSEEK_API_KEY","status":"passed","title":"should fall back to DEEPSEEK_API_KEY","duration":0.352800000000002,"failureMessages":[],"meta":{},"tags":[]},{"ancestorTitles":["CLI Entry Point","Configuration validation"],"fullName":"CLI Entry Point Configuration validation should validate model name format","status":"passed","title":"should validate model name format","duration":0.9226999999999634,"failureMessages":[],"meta":{},"tags":[]},{"ancestorTitles":["CLI Entry Point","Configuration validation"],"fullName":"CLI Entry Point Configuration validation should validate max tokens is a number","status":"passed","title":"should validate max tokens is a number","duration":0.5400000000000773,"failureMessages":[],"meta":{},"tags":[]},{"ancestorTitles":["CLI Entry Point","Configuration validation"],"fullName":"CLI Entry Point Configuration validation should validate base URL format","status":"passed","title":"should validate base URL format","duration":0.4352999999999838,"failureMessages":[],"meta":{},"tags":[]},{"ancestorTitles":["CLI Entry Point","Working directory"],"fullName":"CLI Entry Point Working directory should use current working directory by default","status":"passed","title":"should use current working directory by default","duration":1.6410000000000764,"failureMessages":[],"meta":{},"tags":[]},{"ancestorTitles":["CLI Entry Point","Working directory"],"fullName":"CLI Entry Point Working directory should handle custom working directory","status":"passed","title":"should handle custom working directory","duration":0.8378999999999905,"failureMessages":[],"meta":{},"tags":[]},{"ancestorTitles":["CLI Entry Point","Error handling"],"fullName":"CLI Entry Point Error handling should handle invalid arguments gracefully","status":"passed","title":"should handle invalid arguments gracefully","duration":0.4735000000000582,"failureMessages":[],"meta":{},"tags":[]},{"ancestorTitles":["CLI Entry Point","Error handling"],"fullName":"CLI Entry Point Error handling should handle empty arguments","status":"passed","title":"should handle empty arguments","duration":0.4695000000000391,"failureMessages":[],"meta":{},"tags":[]}],"startTime":1785923687001,"endTime":1785923687019.4695,"status":"passed","message":"","name":"C:/Users/Ehua/codeyang/src/index.test.ts"},{"assertionResults":[{"ancestorTitles":["Web Server","Configuration"],"fullName":"Web Server Configuration should use default port","status":"passed","title":"should use default port","duration":7.60570000000007,"failureMessages":[],"meta":{},"tags":[]},{"ancestorTitles":["Web Server","Configuration"],"fullName":"Web Server Configuration should accept custom port from environment","status":"passed","title":"should accept custom port from environment","duration":0.6786999999999352,"failureMessages":[],"meta":{},"tags":[]},{"ancestorTitles":["Web Server","Configuration"],"fullName":"Web Server Configuration should validate port number","status":"passed","title":"should validate port number","duration":1.7335000000000491,"failureMessages":[],"meta":{},"tags":[]},{"ancestorTitles":["Web Server","Server initialization"],"fullName":"Web Server Server initialization should handle server startup","status":"passed","title":"should handle server startup","duration":0.5309999999999491,"failureMessages":[],"meta":{},"tags":[]},{"ancestorTitles":["Web Server","Server initialization"],"fullName":"Web Server Server initialization should handle CORS configuration","status":"passed","title":"should handle CORS configuration","duration":1.41599999999994,"failureMessages":[],"meta":{},"tags":[]},{"ancestorTitles":["Web Server","Route handling"],"fullName":"Web Server Route handling should define health check route","status":"passed","title":"should define health check route","duration":0.4903999999999087,"failureMessages":[],"meta":{},"tags":[]},{"ancestorTitles":["Web Server","Route handling"],"fullName":"Web Server Route handling should define API routes","status":"passed","title":"should define API routes","duration":0.3947000000000571,"failureMessages":[],"meta":{},"tags":[]},{"ancestorTitles":["Web Server","Error handling"],"fullName":"Web Server Error handling should handle 404 errors","status":"passed","title":"should handle 404 errors","duration":0.3208999999999378,"failureMessages":[],"meta":{},"tags":[]},{"ancestorTitles":["Web Server","Error handling"],"fullName":"Web Server Error handling should handle 500 errors","status":"passed","title":"should handle 500 errors","duration":0.40019999999992706,"failureMessages":[],"meta":{},"tags":[]},{"ancestorTitles":["Web Server","Static file serving"],"fullName":"Web Server Static file serving should serve static files from public directory","status":"passed","title":"should serve static files from public directory","duration":0.5892999999999802,"failureMessages":[],"meta":{},"tags":[]},{"ancestorTitles":["Web Server","Static file serving"],"fullName":"Web Server Static file serving should handle index.html fallback","status":"passed","title":"should handle index.html fallback","duration":0.25679999999999836,"failureMessages":[],"meta":{},"tags":[]},{"ancestorTitles":["Web Server","WebSocket support"],"fullName":"Web Server WebSocket support should support WebSocket connections","status":"passed","title":"should support WebSocket connections","duration":0.24659999999994398,"failureMessages":[],"meta":{},"tags":[]},{"ancestorTitles":["Web Server","WebSocket support"],"fullName":"Web Server WebSocket support should handle WebSocket messages","status":"passed","title":"should handle WebSocket messages","duration":0.32750000000010004,"failureMessages":[],"meta":{},"tags":[]},{"ancestorTitles":["Web Server","Request validation"],"fullName":"Web Server Request validation should validate request body","status":"passed","title":"should validate request body","duration":0.8772999999999911,"failureMessages":[],"meta":{},"tags":[]},{"ancestorTitles":["Web Server","Request validation"],"fullName":"Web Server Request validation should validate request headers","status":"passed","title":"should validate request headers","duration":0.28940000000000055,"failureMessages":[],"meta":{},"tags":[]},{"ancestorTitles":["Web Server","Response formatting"],"fullName":"Web Server Response formatting should format JSON responses","status":"passed","title":"should format JSON responses","duration":0.2979000000000269,"failureMessages":[],"meta":{},"tags":[]},{"ancestorTitles":["Web Server","Response formatting"],"fullName":"Web Server Response formatting should include status codes","status":"passed","title":"should include status codes","duration":0.8700999999999794,"failureMessages":[],"meta":{},"tags":[]}],"startTime":1785923687366,"endTime":1785923687384.87,"status":"passed","message":"","name":"C:/Users/Ehua/codeyang/src/web-server.test.ts"},{"assertionResults":[{"ancestorTitles":["InProcessChannel"],"fullName":"InProcessChannel should send and receive messages","status":"passed","title":"should send and receive messages","duration":7.315599999999904,"failureMessages":[],"meta":{},"tags":[]},{"ancestorTitles":["InProcessChannel"],"fullName":"InProcessChannel should throw when sending to closed channel","status":"passed","title":"should throw when sending to closed channel","duration":2.89870000000019,"failureMessages":[],"meta":{},"tags":[]},{"ancestorTitles":["InProcessChannel"],"fullName":"InProcessChannel should report closed status","status":"passed","title":"should report closed status","duration":0.8178000000002612,"failureMessages":[],"meta":{},"tags":[]},{"ancestorTitles":["InProcessChannel"],"fullName":"InProcessChannel should handle multiple messages in order","status":"passed","title":"should handle multiple messages in order","duration":0.9722999999999047,"failureMessages":[],"meta":{},"tags":[]},{"ancestorTitles":["AgentRegistry","Registration"],"fullName":"AgentRegistry Registration should register agent and return channel","status":"passed","title":"should register agent and return channel","duration":1.317700000000059,"failureMessages":[],"meta":{},"tags":[]},{"ancestorTitles":["AgentRegistry","Registration"],"fullName":"AgentRegistry Registration should retrieve registered agent card","status":"passed","title":"should retrieve registered agent card","duration":0.5369000000000597,"failureMessages":[],"meta":{},"tags":[]},{"ancestorTitles":["AgentRegistry","Registration"],"fullName":"AgentRegistry Registration should retrieve channel for registered agent","status":"passed","title":"should retrieve channel for registered agent","duration":0.3445000000001528,"failureMessages":[],"meta":{},"tags":[]},{"ancestorTitles":["AgentRegistry","Registration"],"fullName":"AgentRegistry Registration should return undefined for non-existent agent","status":"passed","title":"should return undefined for non-existent agent","duration":0.36200000000008004,"failureMessages":[],"meta":{},"tags":[]},{"ancestorTitles":["AgentRegistry","Registration"],"fullName":"AgentRegistry Registration should unregister agent and close channel","status":"passed","title":"should unregister agent and close channel","duration":0.5358999999998559,"failureMessages":[],"meta":{},"tags":[]},{"ancestorTitles":["AgentRegistry","Agent discovery"],"fullName":"AgentRegistry Agent discovery should find agents by capability","status":"passed","title":"should find agents by capability","duration":2.032799999999952,"failureMessages":[],"meta":{},"tags":[]},{"ancestorTitles":["AgentRegistry","Agent discovery"],"fullName":"AgentRegistry Agent discovery should return empty array if no agents match capability","status":"passed","title":"should return empty array if no agents match capability","duration":0.7920999999996639,"failureMessages":[],"meta":{},"tags":[]},{"ancestorTitles":["AgentRegistry","Agent discovery"],"fullName":"AgentRegistry Agent discovery should find best agent for task","status":"passed","title":"should find best agent for task","duration":0.6174999999998363,"failureMessages":[],"meta":{},"tags":[]},{"ancestorTitles":["AgentRegistry","Agent discovery"],"fullName":"AgentRegistry Agent discovery should return null if no agent matches","status":"passed","title":"should return null if no agent matches","duration":0.32189999999991414,"failureMessages":[],"meta":{},"tags":[]},{"ancestorTitles":["AgentRegistry","Agent discovery"],"fullName":"AgentRegistry Agent discovery should list all agents","status":"passed","title":"should list all agents","duration":0.35019999999985885,"failureMessages":[],"meta":{},"tags":[]},{"ancestorTitles":["buildA2AMessage"],"fullName":"buildA2AMessage should build message with all fields","status":"passed","title":"should build message with all fields","duration":0.7148000000001957,"failureMessages":[],"meta":{},"tags":[]},{"ancestorTitles":["buildA2AMessage"],"fullName":"buildA2AMessage should generate unique IDs","status":"passed","title":"should generate unique IDs","duration":0.5277999999998428,"failureMessages":[],"meta":{},"tags":[]},{"ancestorTitles":["A2AProtocol","Configuration"],"fullName":"A2AProtocol Configuration should use default config","status":"passed","title":"should use default config","duration":1.2247999999999593,"failureMessages":[],"meta":{},"tags":[]},{"ancestorTitles":["A2AProtocol","Configuration"],"fullName":"A2AProtocol Configuration should use custom config","status":"passed","title":"should use custom config","duration":0.48649999999997817,"failureMessages":[],"meta":{},"tags":[]},{"ancestorTitles":["A2AProtocol","Configuration"],"fullName":"A2AProtocol Configuration should expose registry","status":"passed","title":"should expose registry","duration":0.30169999999998254,"failureMessages":[],"meta":{},"tags":[]},{"ancestorTitles":["A2AProtocol","Message handling"],"fullName":"A2AProtocol Message handling should handle ping message","status":"passed","title":"should handle ping message","duration":0.7208000000000538,"failureMessages":[],"meta":{},"tags":[]},{"ancestorTitles":["A2AProtocol","Message handling"],"fullName":"A2AProtocol Message handling should throw if target agent not found","status":"passed","title":"should throw if target agent not found","duration":1.0005000000001019,"failureMessages":[],"meta":{},"tags":[]},{"ancestorTitles":["A2AProtocol","Message handling"],"fullName":"A2AProtocol Message handling should send task to registered agent","status":"passed","title":"should send task to registered agent","duration":0.9732999999996537,"failureMessages":[],"meta":{},"tags":[]},{"ancestorTitles":["A2AProtocol","Message handling"],"fullName":"A2AProtocol Message handling should timeout if agent does not respond","status":"passed","title":"should timeout if agent does not respond","duration":108.34660000000031,"failureMessages":[],"meta":{},"tags":[]},{"ancestorTitles":["A2AProtocol","Conversation tracking"],"fullName":"A2AProtocol Conversation tracking should track conversation messages when handling requests","status":"passed","title":"should track conversation messages when handling requests","duration":1.6394000000000233,"failureMessages":[],"meta":{},"tags":[]},{"ancestorTitles":["A2AProtocol","Conversation tracking"],"fullName":"A2AProtocol Conversation tracking should count active conversations","status":"passed","title":"should count active conversations","duration":0.7219000000000051,"failureMessages":[],"meta":{},"tags":[]}],"startTime":1785923682521,"endTime":1785923682659.722,"status":"passed","message":"","name":"C:/Users/Ehua/codeyang/src/a2a/A2AProtocol.test.ts"},{"assertionResults":[{"ancestorTitles":["Agent Loop Integration","full agent loop: text → tool → result → text"],"fullName":"Agent Loop Integration full agent loop: text → tool → result → text completes a full cycle with a real Bash tool call","status":"passed","title":"completes a full cycle with a real Bash tool call","duration":5584.2334,"failureMessages":[],"meta":{},"tags":[]},{"ancestorTitles":["Agent Loop Integration","full agent loop: text → tool → result → text"],"fullName":"Agent Loop Integration full agent loop: text → tool → result → text completes a cycle with Write + Read tool calls","status":"passed","title":"completes a cycle with Write + Read tool calls","duration":8.216800000000148,"failureMessages":[],"meta":{},"tags":[]},{"ancestorTitles":["Agent Loop Integration","full agent loop: text → tool → result → text"],"fullName":"Agent Loop Integration full agent loop: text → tool → result → text completes a cycle with Edit tool call","status":"passed","title":"completes a cycle with Edit tool call","duration":21.964700000000448,"failureMessages":[],"meta":{},"tags":[]},{"ancestorTitles":["Agent Loop Integration","full agent loop: text → tool → result → text"],"fullName":"Agent Loop Integration full agent loop: text → tool → result → text completes a cycle with Glob + Grep tool calls","status":"passed","title":"completes a cycle with Glob + Grep tool calls","duration":80.19000000000051,"failureMessages":[],"meta":{},"tags":[]},{"ancestorTitles":["Agent Loop Integration","parallel tool calls"],"fullName":"Agent Loop Integration parallel tool calls executes multiple tools in one turn","status":"passed","title":"executes multiple tools in one turn","duration":14.784700000000157,"failureMessages":[],"meta":{},"tags":[]},{"ancestorTitles":["Agent Loop Integration","parallel tool calls"],"fullName":"Agent Loop Integration parallel tool calls handles mixed success and error in parallel batch","status":"passed","title":"handles mixed success and error in parallel batch","duration":16.90360000000146,"failureMessages":[],"meta":{},"tags":[]},{"ancestorTitles":["Agent Loop Integration","max turns enforcement"],"fullName":"Agent Loop Integration max turns enforcement stops after reaching max turns","status":"failed","title":"stops after reaching max turns","duration":30058.017700000004,"failureMessages":["Error: STACK_TRACE_ERROR\n    at task (file:///C:/Users/Ehua/codeyang/node_modules/@vitest/runner/dist/chunk-artifact.js:1784:27)\n    at Object.<anonymous> (file:///C:/Users/Ehua/codeyang/node_modules/@vitest/runner/dist/chunk-artifact.js:1817:16)\n    at Object.<anonymous> (file:///C:/Users/Ehua/codeyang/node_modules/@vitest/runner/dist/chunk-artifact.js:1563:28)\n    at chain (file:///C:/Users/Ehua/codeyang/node_modules/@vitest/runner/dist/chunk-artifact.js:599:14)\n    at C:/Users/Ehua/codeyang/src/agent/Agent-integration.test.ts:266:5\n    at file:///C:/Users/Ehua/codeyang/node_modules/@vitest/runner/dist/chunk-artifact.js:1889:40\n    at runWithSuite (file:///C:/Users/Ehua/codeyang/node_modules/@vitest/runner/dist/chunk-artifact.js:2258:8)\n    at Object.collect (file:///C:/Users/Ehua/codeyang/node_modules/@vitest/runner/dist/chunk-artifact.js:1889:10)\n    at Object.collect (file:///C:/Users/Ehua/codeyang/node_modules/@vitest/runner/dist/chunk-artifact.js:1893:54)\n    at processTicksAndRejections (node:internal/process/task_queues:104:5)"],"meta":{},"tags":[]},{"ancestorTitles":["Agent Loop Integration","tool error handling"],"fullName":"Agent Loop Integration tool error handling gracefully handles tool returning an error result","status":"passed","title":"gracefully handles tool returning an error result","duration":639.821100000001,"failureMessages":[],"meta":{},"tags":[]},{"ancestorTitles":["Agent Loop Integration","tool error handling"],"fullName":"Agent Loop Integration tool error handling handles unknown tool gracefully","status":"passed","title":"handles unknown tool gracefully","duration":25.18289999999979,"failureMessages":[],"meta":{},"tags":[]},{"ancestorTitles":["Agent Loop Integration","session persistence"],"fullName":"Agent Loop Integration session persistence preserves conversation history with tool calls","status":"passed","title":"preserves conversation history with tool calls","duration":25569.2218,"failureMessages":[],"meta":{},"tags":[]},{"ancestorTitles":["Agent Loop Integration","session persistence"],"fullName":"Agent Loop Integration session persistence preserves tool results in exported messages","status":"passed","title":"preserves tool results in exported messages","duration":5.922500000000582,"failureMessages":[],"meta":{},"tags":[]},{"ancestorTitles":["Agent Loop Integration","checkpoint / restore"],"fullName":"Agent Loop Integration checkpoint / restore saves and restores conversation state","status":"passed","title":"saves and restores conversation state","duration":1.9835000000020955,"failureMessages":[],"meta":{},"tags":[]},{"ancestorTitles":["Agent Loop Integration","checkpoint / restore"],"fullName":"Agent Loop Integration checkpoint / restore restoreCheckpoint returns false when no checkpoints","status":"passed","title":"restoreCheckpoint returns false when no checkpoints","duration":1.3286999999982072,"failureMessages":[],"meta":{},"tags":[]},{"ancestorTitles":["Agent Loop Integration","token usage tracking"],"fullName":"Agent Loop Integration token usage tracking accumulates tokens across multiple runs","status":"passed","title":"accumulates tokens across multiple runs","duration":4.60559999999532,"failureMessages":[],"meta":{},"tags":[]},{"ancestorTitles":["Agent Loop Integration","token usage tracking"],"fullName":"Agent Loop Integration token usage tracking resets token usage on agent.reset()","status":"passed","title":"resets token usage on agent.reset()","duration":1.6107999999949243,"failureMessages":[],"meta":{},"tags":[]},{"ancestorTitles":["Agent Loop Integration","tool statistics tracking"],"fullName":"Agent Loop Integration tool statistics tracking tracks per-tool call counts","status":"passed","title":"tracks per-tool call counts","duration":5137.764599999995,"failureMessages":[],"meta":{},"tags":[]},{"ancestorTitles":["Agent Loop Integration","agent reset"],"fullName":"Agent Loop Integration agent reset clears all state on reset","status":"passed","title":"clears all state on reset","duration":6899.803799999994,"failureMessages":[],"meta":{},"tags":[]},{"ancestorTitles":["Agent Loop Integration","callbacks"],"fullName":"Agent Loop Integration callbacks fires onToolBatch and onToolStart with correct counts","status":"passed","title":"fires onToolBatch and onToolStart with correct counts","duration":4376.7402,"failureMessages":[],"meta":{},"tags":[]},{"ancestorTitles":["Agent Loop Integration","callbacks"],"fullName":"Agent Loop Integration callbacks fires onAgentDelta for streaming text","status":"passed","title":"fires onAgentDelta for streaming text","duration":3.0434000000095693,"failureMessages":[],"meta":{},"tags":[]},{"ancestorTitles":["Agent Loop Integration","realistic coding workflow"],"fullName":"Agent Loop Integration realistic coding workflow handles write → read → edit → glob → bash","status":"passed","title":"handles write → read → edit → glob → bash","duration":4039.8963000000076,"failureMessages":[],"meta":{},"tags":[]}],"startTime":1785923690953,"endTime":1785923773447.8962,"status":"failed","message":"","name":"C:/Users/Ehua/codeyang/src/agent/Agent-integration.test.ts"},{"assertionResults":[{"ancestorTitles":["Agent","construction"],"fullName":"Agent construction creates an Agent with apiKey set","status":"passed","title":"creates an Agent with apiKey set","duration":7.628500000000258,"failureMessages":[],"meta":{},"tags":[]},{"ancestorTitles":["Agent","reset"],"fullName":"Agent reset clears conversation state","status":"passed","title":"clears conversation state","duration":4.714599999999791,"failureMessages":[],"meta":{},"tags":[]},{"ancestorTitles":["Agent","waitingForAnswer / answerQuestion"],"fullName":"Agent waitingForAnswer / answerQuestion is not waiting for answer initially","status":"passed","title":"is not waiting for answer initially","duration":1.3652999999999338,"failureMessages":[],"meta":{},"tags":[]},{"ancestorTitles":["Agent","waitingForAnswer / answerQuestion"],"fullName":"Agent waitingForAnswer / answerQuestion can cancel a question without error","status":"passed","title":"can cancel a question without error","duration":1.0642000000002554,"failureMessages":[],"meta":{},"tags":[]},{"ancestorTitles":["Agent","setCallbacks"],"fullName":"Agent setCallbacks accepts and stores callbacks","status":"passed","title":"accepts and stores callbacks","duration":1.1317999999996573,"failureMessages":[],"meta":{},"tags":[]},{"ancestorTitles":["Agent","exportMessages"],"fullName":"Agent exportMessages returns empty array for fresh agent","status":"passed","title":"returns empty array for fresh agent","duration":2.5984000000003107,"failureMessages":[],"meta":{},"tags":[]},{"ancestorTitles":["Agent","loadMessages"],"fullName":"Agent loadMessages restores user and assistant messages","status":"passed","title":"restores user and assistant messages","duration":3.7222999999999047,"failureMessages":[],"meta":{},"tags":[]},{"ancestorTitles":["Agent","loadMessages"],"fullName":"Agent loadMessages restores messages with tool calls","status":"passed","title":"restores messages with tool calls","duration":1.9077000000002045,"failureMessages":[],"meta":{},"tags":[]},{"ancestorTitles":["Agent","loadMessages"],"fullName":"Agent loadMessages handles messages without tool calls/result","status":"passed","title":"handles messages without tool calls/result","duration":1.49350000000004,"failureMessages":[],"meta":{},"tags":[]},{"ancestorTitles":["Agent","run — streaming text"],"fullName":"Agent run — streaming text streams text response from LLM","status":"passed","title":"streams text response from LLM","duration":24.4065999999998,"failureMessages":[],"meta":{},"tags":[]},{"ancestorTitles":["Agent","run — streaming text"],"fullName":"Agent run — streaming text sends user message to LLM API","status":"passed","title":"sends user message to LLM API","duration":5.1731000000004315,"failureMessages":[],"meta":{},"tags":[]},{"ancestorTitles":["Agent","run — streaming text"],"fullName":"Agent run — streaming text calls onUserMessage callback","status":"passed","title":"calls onUserMessage callback","duration":4.398200000000088,"failureMessages":[],"meta":{},"tags":[]},{"ancestorTitles":["Agent","run — streaming text"],"fullName":"Agent run — streaming text calls onAgentDelta for streaming text","status":"passed","title":"calls onAgentDelta for streaming text","duration":5.427599999999984,"failureMessages":[],"meta":{},"tags":[]},{"ancestorTitles":["Agent","run — tool calls"],"fullName":"Agent run — tool calls executes tool calls from LLM and sends results back","status":"passed","title":"executes tool calls from LLM and sends results back","duration":9.302800000000389,"failureMessages":[],"meta":{},"tags":[]},{"ancestorTitles":["Agent","run — tool calls"],"fullName":"Agent run — tool calls handles unknown tools gracefully","status":"passed","title":"handles unknown tools gracefully","duration":9.966499999999996,"failureMessages":[],"meta":{},"tags":[]},{"ancestorTitles":["Agent","run — token usage tracking"],"fullName":"Agent run — token usage tracking accumulates token usage from usage events","status":"passed","title":"accumulates token usage from usage events","duration":8.746500000000196,"failureMessages":[],"meta":{},"tags":[]},{"ancestorTitles":["Agent","run — token usage tracking"],"fullName":"Agent run — token usage tracking resets token usage on agent reset","status":"passed","title":"resets token usage on agent reset","duration":2.0054000000000087,"failureMessages":[],"meta":{},"tags":[]}],"startTime":1785923683883,"endTime":1785923683981.0054,"status":"passed","message":"","name":"C:/Users/Ehua/codeyang/src/agent/Agent.test.ts"},{"assertionResults":[{"ancestorTitles":["config"],"fullName":"config has a default model","status":"passed","title":"has a default model","duration":5.076600000000326,"failureMessages":[],"meta":{},"tags":[]},{"ancestorTitles":["config"],"fullName":"config has a sensible default maxTokens","status":"passed","title":"has a sensible default maxTokens","duration":0.6213000000007014,"failureMessages":[],"meta":{},"tags":[]},{"ancestorTitles":["config"],"fullName":"config returns empty string for apiKey when no env var is set","status":"passed","title":"returns empty string for apiKey when no env var is set","duration":0.30859999999938736,"failureMessages":[],"meta":{},"tags":[]},{"ancestorTitles":["config"],"fullName":"config defaults to deepseek-chat model","status":"passed","title":"defaults to deepseek-chat model","duration":0.21380000000044674,"failureMessages":[],"meta":{},"tags":[]}],"startTime":1785923691582,"endTime":1785923691588.2139,"status":"passed","message":"","name":"C:/Users/Ehua/codeyang/src/agent/config.test.ts"},{"assertionResults":[{"ancestorTitles":["ConversationManager","history management"],"fullName":"ConversationManager history management should initialize with empty history","status":"passed","title":"should initialize with empty history","duration":6.079200000000014,"failureMessages":[],"meta":{},"tags":[]},{"ancestorTitles":["ConversationManager","history management"],"fullName":"ConversationManager history management should push messages to history","status":"passed","title":"should push messages to history","duration":3.93629999999996,"failureMessages":[],"meta":{},"tags":[]},{"ancestorTitles":["ConversationManager","history management"],"fullName":"ConversationManager history management should push multiple messages at once","status":"passed","title":"should push multiple messages at once","duration":1.3088000000000193,"failureMessages":[],"meta":{},"tags":[]},{"ancestorTitles":["ConversationManager","history management"],"fullName":"ConversationManager history management should replace entire history","status":"passed","title":"should replace entire history","duration":0.7720999999999094,"failureMessages":[],"meta":{},"tags":[]},{"ancestorTitles":["ConversationManager","history management"],"fullName":"ConversationManager history management should set history","status":"passed","title":"should set history","duration":0.4741999999999962,"failureMessages":[],"meta":{},"tags":[]},{"ancestorTitles":["ConversationManager","token usage tracking"],"fullName":"ConversationManager token usage tracking should initialize with zero tokens","status":"passed","title":"should initialize with zero tokens","duration":0.47249999999996817,"failureMessages":[],"meta":{},"tags":[]},{"ancestorTitles":["ConversationManager","token usage tracking"],"fullName":"ConversationManager token usage tracking should accumulate token usage","status":"passed","title":"should accumulate token usage","duration":0.3713000000000193,"failureMessages":[],"meta":{},"tags":[]},{"ancestorTitles":["ConversationManager","token usage tracking"],"fullName":"ConversationManager token usage tracking should reset token usage","status":"passed","title":"should reset token usage","duration":0.3365000000000009,"failureMessages":[],"meta":{},"tags":[]},{"ancestorTitles":["ConversationManager","token usage tracking"],"fullName":"ConversationManager token usage tracking should return copy of token usage (not reference)","status":"passed","title":"should return copy of token usage (not reference)","duration":3.8926999999999907,"failureMessages":[],"meta":{},"tags":[]},{"ancestorTitles":["ConversationManager","checkpoints"],"fullName":"ConversationManager checkpoints should save checkpoint","status":"passed","title":"should save checkpoint","duration":1.977800000000002,"failureMessages":[],"meta":{},"tags":[]},{"ancestorTitles":["ConversationManager","checkpoints"],"fullName":"ConversationManager checkpoints should restore from checkpoint","status":"passed","title":"should restore from checkpoint","duration":0.8178000000000338,"failureMessages":[],"meta":{},"tags":[]},{"ancestorTitles":["ConversationManager","checkpoints"],"fullName":"ConversationManager checkpoints should limit checkpoint count","status":"passed","title":"should limit checkpoint count","duration":0.8550000000000182,"failureMessages":[],"meta":{},"tags":[]},{"ancestorTitles":["ConversationManager","checkpoints"],"fullName":"ConversationManager checkpoints should discard oldest checkpoints when limit exceeded","status":"passed","title":"should discard oldest checkpoints when limit exceeded","duration":0.621599999999944,"failureMessages":[],"meta":{},"tags":[]},{"ancestorTitles":["ConversationManager","checkpoints"],"fullName":"ConversationManager checkpoints should return false when restoring with no checkpoints","status":"passed","title":"should return false when restoring with no checkpoints","duration":0.2516999999999143,"failureMessages":[],"meta":{},"tags":[]},{"ancestorTitles":["ConversationManager","message conversion"],"fullName":"ConversationManager message conversion should convert internal to external format","status":"passed","title":"should convert internal to external format","duration":3.9242000000000417,"failureMessages":[],"meta":{},"tags":[]},{"ancestorTitles":["ConversationManager","message conversion"],"fullName":"ConversationManager message conversion should handle structured content blocks","status":"passed","title":"should handle structured content blocks","duration":1.4269999999999072,"failureMessages":[],"meta":{},"tags":[]},{"ancestorTitles":["ConversationManager","message conversion"],"fullName":"ConversationManager message conversion should load messages from external format","status":"passed","title":"should load messages from external format","duration":1.466199999999958,"failureMessages":[],"meta":{},"tags":[]},{"ancestorTitles":["ConversationManager","anti-repetition detection"],"fullName":"ConversationManager anti-repetition detection should detect exact repetition","status":"passed","title":"should detect exact repetition","duration":0.6592000000000553,"failureMessages":[],"meta":{},"tags":[]},{"ancestorTitles":["ConversationManager","anti-repetition detection"],"fullName":"ConversationManager anti-repetition detection should detect fuzzy repetition","status":"passed","title":"should detect fuzzy repetition","duration":0.3511999999999489,"failureMessages":[],"meta":{},"tags":[]},{"ancestorTitles":["ConversationManager","anti-repetition detection"],"fullName":"ConversationManager anti-repetition detection should not flag different messages as repeats","status":"passed","title":"should not flag different messages as repeats","duration":0.2602000000000544,"failureMessages":[],"meta":{},"tags":[]},{"ancestorTitles":["ConversationManager","anti-repetition detection"],"fullName":"ConversationManager anti-repetition detection should reset repetition counter on different message","status":"passed","title":"should reset repetition counter on different message","duration":0.2857000000000198,"failureMessages":[],"meta":{},"tags":[]},{"ancestorTitles":["ConversationManager","anti-repetition detection"],"fullName":"ConversationManager anti-repetition detection should track recent assistant texts","status":"passed","title":"should track recent assistant texts","duration":1.223600000000033,"failureMessages":[],"meta":{},"tags":[]},{"ancestorTitles":["ConversationManager","anti-repetition detection"],"fullName":"ConversationManager anti-repetition detection should limit recent texts history","status":"passed","title":"should limit recent texts history","duration":0.3990000000000009,"failureMessages":[],"meta":{},"tags":[]},{"ancestorTitles":["ConversationManager","anti-repetition detection"],"fullName":"ConversationManager anti-repetition detection should compute similarity","status":"passed","title":"should compute similarity","duration":0.3367000000000644,"failureMessages":[],"meta":{},"tags":[]},{"ancestorTitles":["ConversationManager","context summarization"],"fullName":"ConversationManager context summarization should summarize long context","status":"passed","title":"should summarize long context","duration":1.7010999999999967,"failureMessages":[],"meta":{},"tags":[]},{"ancestorTitles":["ConversationManager","context summarization"],"fullName":"ConversationManager context summarization should return unchanged for short context","status":"passed","title":"should return unchanged for short context","duration":0.577199999999948,"failureMessages":[],"meta":{},"tags":[]},{"ancestorTitles":["ConversationManager","context summarization"],"fullName":"ConversationManager context summarization should include key information in summary","status":"passed","title":"should include key information in summary","duration":2.272000000000048,"failureMessages":[],"meta":{},"tags":[]},{"ancestorTitles":["ConversationManager","context summarization"],"fullName":"ConversationManager context summarization should estimate message tokens","status":"passed","title":"should estimate message tokens","duration":1.3460999999999785,"failureMessages":[],"meta":{},"tags":[]},{"ancestorTitles":["ConversationManager","edge cases"],"fullName":"ConversationManager edge cases should handle empty history gracefully","status":"passed","title":"should handle empty history gracefully","duration":2.3193999999999733,"failureMessages":[],"meta":{},"tags":[]},{"ancestorTitles":["ConversationManager","edge cases"],"fullName":"ConversationManager edge cases should handle restoring when no checkpoints exist","status":"passed","title":"should handle restoring when no checkpoints exist","duration":0.33749999999997726,"failureMessages":[],"meta":{},"tags":[]},{"ancestorTitles":["ConversationManager","edge cases"],"fullName":"ConversationManager edge cases should handle very long messages","status":"passed","title":"should handle very long messages","duration":0.5381999999999607,"failureMessages":[],"meta":{},"tags":[]},{"ancestorTitles":["ConversationManager","edge cases"],"fullName":"ConversationManager edge cases should handle special characters in content","status":"passed","title":"should handle special characters in content","duration":0.24300000000005184,"failureMessages":[],"meta":{},"tags":[]},{"ancestorTitles":["ConversationManager","edge cases"],"fullName":"ConversationManager edge cases should reset all state","status":"passed","title":"should reset all state","duration":0.40040000000010423,"failureMessages":[],"meta":{},"tags":[]},{"ancestorTitles":["ConversationManager","edge cases"],"fullName":"ConversationManager edge cases should clone objects deeply","status":"passed","title":"should clone objects deeply","duration":0.44899999999995543,"failureMessages":[],"meta":{},"tags":[]}],"startTime":1785923684408,"endTime":1785923684453.449,"status":"passed","message":"","name":"C:/Users/Ehua/codeyang/src/agent/ConversationManager.test.ts"},{"assertionResults":[{"ancestorTitles":["LLMClient","createLLMClient"],"fullName":"LLMClient createLLMClient should create Anthropic client by default","status":"passed","title":"should create Anthropic client by default","duration":12.371000000000095,"failureMessages":[],"meta":{},"tags":[]},{"ancestorTitles":["LLMClient","createLLMClient"],"fullName":"LLMClient createLLMClient should create OpenAI client when specified","status":"passed","title":"should create OpenAI client when specified","duration":0.8900000000003274,"failureMessages":[],"meta":{},"tags":[]},{"ancestorTitles":["LLMClient","createLLMClient"],"fullName":"LLMClient createLLMClient should create DeepSeek client when specified","status":"passed","title":"should create DeepSeek client when specified","duration":0.6018999999996595,"failureMessages":[],"meta":{},"tags":[]},{"ancestorTitles":["LLMClient","createLLMClient"],"fullName":"LLMClient createLLMClient should throw error if API key is missing","status":"passed","title":"should throw error if API key is missing","duration":6.115200000000186,"failureMessages":[],"meta":{},"tags":[]},{"ancestorTitles":["LLMClient","createLLMClient"],"fullName":"LLMClient createLLMClient should respect custom base URL for OpenAI","status":"passed","title":"should respect custom base URL for OpenAI","duration":0.7579999999998108,"failureMessages":[],"meta":{},"tags":[]},{"ancestorTitles":["LLMClient","message format"],"fullName":"LLMClient message format should accept simple text messages","status":"passed","title":"should accept simple text messages","duration":2.229599999999664,"failureMessages":[],"meta":{},"tags":[]},{"ancestorTitles":["LLMClient","message format"],"fullName":"LLMClient message format should accept structured content blocks","status":"passed","title":"should accept structured content blocks","duration":3.633400000000165,"failureMessages":[],"meta":{},"tags":[]},{"ancestorTitles":["LLMClient","message format"],"fullName":"LLMClient message format should accept tool result blocks","status":"passed","title":"should accept tool result blocks","duration":1.3553000000001703,"failureMessages":[],"meta":{},"tags":[]},{"ancestorTitles":["LLMClient","tool schema"],"fullName":"LLMClient tool schema should accept valid tool schema","status":"passed","title":"should accept valid tool schema","duration":1.6273000000001048,"failureMessages":[],"meta":{},"tags":[]},{"ancestorTitles":["LLMClient","tool schema"],"fullName":"LLMClient tool schema should support tools without required fields","status":"passed","title":"should support tools without required fields","duration":0.8169999999995525,"failureMessages":[],"meta":{},"tags":[]},{"ancestorTitles":["LLMClient","stream events"],"fullName":"LLMClient stream events should define text_delta event","status":"passed","title":"should define text_delta event","duration":0.40499999999974534,"failureMessages":[],"meta":{},"tags":[]},{"ancestorTitles":["LLMClient","stream events"],"fullName":"LLMClient stream events should define tool_call_start event","status":"passed","title":"should define tool_call_start event","duration":0.3831999999997606,"failureMessages":[],"meta":{},"tags":[]},{"ancestorTitles":["LLMClient","stream events"],"fullName":"LLMClient stream events should define tool_call_delta event","status":"passed","title":"should define tool_call_delta event","duration":0.320100000000366,"failureMessages":[],"meta":{},"tags":[]},{"ancestorTitles":["LLMClient","stream events"],"fullName":"LLMClient stream events should define tool_call_end event","status":"passed","title":"should define tool_call_end event","duration":0.23469999999997526,"failureMessages":[],"meta":{},"tags":[]},{"ancestorTitles":["LLMClient","stream events"],"fullName":"LLMClient stream events should define usage event","status":"passed","title":"should define usage event","duration":0.27640000000019427,"failureMessages":[],"meta":{},"tags":[]},{"ancestorTitles":["LLMClient","provider detection"],"fullName":"LLMClient provider detection should detect Anthropic from model name","status":"passed","title":"should detect Anthropic from model name","duration":0.2632000000003245,"failureMessages":[],"meta":{},"tags":[]},{"ancestorTitles":["LLMClient","provider detection"],"fullName":"LLMClient provider detection should detect OpenAI from model name","status":"passed","title":"should detect OpenAI from model name","duration":0.34569999999985157,"failureMessages":[],"meta":{},"tags":[]},{"ancestorTitles":["LLMClient","provider detection"],"fullName":"LLMClient provider detection should detect DeepSeek from model name","status":"passed","title":"should detect DeepSeek from model name","duration":0.8545999999996639,"failureMessages":[],"meta":{},"tags":[]},{"ancestorTitles":["LLMClient","error handling"],"fullName":"LLMClient error handling should handle rate limit errors with retry logic","status":"passed","title":"should handle rate limit errors with retry logic","duration":23.47669999999971,"failureMessages":[],"meta":{},"tags":[]},{"ancestorTitles":["LLMClient","error handling"],"fullName":"LLMClient error handling should handle network timeouts","status":"passed","title":"should handle network timeouts","duration":14.346300000000156,"failureMessages":[],"meta":{},"tags":[]},{"ancestorTitles":["LLMClient","error handling"],"fullName":"LLMClient error handling should handle connection reset errors","status":"passed","title":"should handle connection reset errors","duration":0.6651999999999134,"failureMessages":[],"meta":{},"tags":[]},{"ancestorTitles":["LLMClient","error handling"],"fullName":"LLMClient error handling should handle upstream errors","status":"passed","title":"should handle upstream errors","duration":2.1829999999999927,"failureMessages":[],"meta":{},"tags":[]},{"ancestorTitles":["LLMClient","token estimation"],"fullName":"LLMClient token estimation should estimate tokens for simple text","status":"passed","title":"should estimate tokens for simple text","duration":1.2100000000000364,"failureMessages":[],"meta":{},"tags":[]},{"ancestorTitles":["LLMClient","token estimation"],"fullName":"LLMClient token estimation should estimate tokens for longer text","status":"passed","title":"should estimate tokens for longer text","duration":0.894800000000032,"failureMessages":[],"meta":{},"tags":[]},{"ancestorTitles":["LLMClient","token estimation"],"fullName":"LLMClient token estimation should handle empty text","status":"passed","title":"should handle empty text","duration":0.6756999999997788,"failureMessages":[],"meta":{},"tags":[]},{"ancestorTitles":["LLMClient","retry logic"],"fullName":"LLMClient retry logic should identify retryable error patterns","status":"passed","title":"should identify retryable error patterns","duration":0.914600000000064,"failureMessages":[],"meta":{},"tags":[]},{"ancestorTitles":["LLMClient","retry logic"],"fullName":"LLMClient retry logic should not retry on non-retryable errors","status":"passed","title":"should not retry on non-retryable errors","duration":0.42659999999978027,"failureMessages":[],"meta":{},"tags":[]},{"ancestorTitles":["LLMClient","retry logic"],"fullName":"LLMClient retry logic should use exponential backoff","status":"passed","title":"should use exponential backoff","duration":1.5558000000000902,"failureMessages":[],"meta":{},"tags":[]},{"ancestorTitles":["LLMClient","retry logic"],"fullName":"LLMClient retry logic should cap delay at maximum","status":"passed","title":"should cap delay at maximum","duration":0.37609999999995125,"failureMessages":[],"meta":{},"tags":[]},{"ancestorTitles":["LLMClient","integration scenarios"],"fullName":"LLMClient integration scenarios should handle complete conversation flow","status":"passed","title":"should handle complete conversation flow","duration":0.7957000000001244,"failureMessages":[],"meta":{},"tags":[]},{"ancestorTitles":["LLMClient","integration scenarios"],"fullName":"LLMClient integration scenarios should handle error tool results","status":"passed","title":"should handle error tool results","duration":0.38009999999985666,"failureMessages":[],"meta":{},"tags":[]},{"ancestorTitles":["LLMClient","integration scenarios"],"fullName":"LLMClient integration scenarios should handle multiple tool calls in sequence","status":"passed","title":"should handle multiple tool calls in sequence","duration":0.6697000000003754,"failureMessages":[],"meta":{},"tags":[]},{"ancestorTitles":["LLMClient","edge cases"],"fullName":"LLMClient edge cases should handle empty content array","status":"passed","title":"should handle empty content array","duration":1.1448999999997795,"failureMessages":[],"meta":{},"tags":[]},{"ancestorTitles":["LLMClient","edge cases"],"fullName":"LLMClient edge cases should handle very long tool input","status":"passed","title":"should handle very long tool input","duration":2.0267000000003463,"failureMessages":[],"meta":{},"tags":[]},{"ancestorTitles":["LLMClient","edge cases"],"fullName":"LLMClient edge cases should handle special characters in tool names","status":"passed","title":"should handle special characters in tool names","duration":1.398200000000088,"failureMessages":[],"meta":{},"tags":[]},{"ancestorTitles":["LLMClient","edge cases"],"fullName":"LLMClient edge cases should handle empty tool schema properties","status":"passed","title":"should handle empty tool schema properties","duration":0.4993000000004031,"failureMessages":[],"meta":{},"tags":[]}],"startTime":1785923683169,"endTime":1785923683260.4993,"status":"passed","message":"","name":"C:/Users/Ehua/codeyang/src/agent/LLMClient.test.ts"},{"assertionResults":[{"ancestorTitles":["Bridge Module"],"fullName":"Bridge Module should export expected functions","status":"passed","title":"should export expected functions","duration":329.4903999999999,"failureMessages":[],"meta":{},"tags":[]},{"ancestorTitles":["Bridge Module"],"fullName":"Bridge Module should export expected types","status":"passed","title":"should export expected types","duration":0.9442999999998847,"failureMessages":[],"meta":{},"tags":[]}],"startTime":1785923678611,"endTime":1785923678942.9443,"status":"passed","message":"","name":"C:/Users/Ehua/codeyang/src/bridge/bridge.test.ts"},{"assertionResults":[{"ancestorTitles":["WatcherSystem"],"fullName":"WatcherSystem starts inactive","status":"passed","title":"starts inactive","duration":5.359100000000126,"failureMessages":[],"meta":{},"tags":[]},{"ancestorTitles":["WatcherSystem"],"fullName":"WatcherSystem adds and removes rules","status":"passed","title":"adds and removes rules","duration":1.3322999999998046,"failureMessages":[],"meta":{},"tags":[]},{"ancestorTitles":["WatcherSystem"],"fullName":"WatcherSystem exposes active rules","status":"passed","title":"exposes active rules","duration":2.7659000000001015,"failureMessages":[],"meta":{},"tags":[]},{"ancestorTitles":["WatcherSystem"],"fullName":"WatcherSystem triggers post-tool rules","status":"passed","title":"triggers post-tool rules","duration":2.2605999999998403,"failureMessages":[],"meta":{},"tags":[]},{"ancestorTitles":["WatcherSystem"],"fullName":"WatcherSystem respects condition filter on post-tool","status":"passed","title":"respects condition filter on post-tool","duration":1.2182999999999993,"failureMessages":[],"meta":{},"tags":[]},{"ancestorTitles":["WatcherSystem"],"fullName":"WatcherSystem can start and stop","status":"passed","title":"can start and stop","duration":3.784299999999803,"failureMessages":[],"meta":{},"tags":[]},{"ancestorTitles":["WatcherSystem"],"fullName":"WatcherSystem does not double-start","status":"passed","title":"does not double-start","duration":1.3627000000001317,"failureMessages":[],"meta":{},"tags":[]},{"ancestorTitles":["VerificationPipeline"],"fullName":"VerificationPipeline returns empty results for non-TS files","status":"passed","title":"returns empty results for non-TS files","duration":3.4453000000000884,"failureMessages":[],"meta":{},"tags":[]},{"ancestorTitles":["VerificationPipeline"],"fullName":"VerificationPipeline formatSummary shows all passed","status":"passed","title":"formatSummary shows all passed","duration":3.4135999999998603,"failureMessages":[],"meta":{},"tags":[]},{"ancestorTitles":["VerificationPipeline"],"fullName":"VerificationPipeline formatSummary shows failed checks","status":"passed","title":"formatSummary shows failed checks","duration":2.0830000000000837,"failureMessages":[],"meta":{},"tags":[]},{"ancestorTitles":["VerificationPipeline"],"fullName":"VerificationPipeline setMaxFixIterations clamps to valid range","status":"passed","title":"setMaxFixIterations clamps to valid range","duration":1.2002999999999702,"failureMessages":[],"meta":{},"tags":[]},{"ancestorTitles":["VerificationPipeline"],"fullName":"VerificationPipeline runBatch returns results for TS files only","status":"passed","title":"runBatch returns results for TS files only","duration":9858.7807,"failureMessages":[],"meta":{},"tags":[]},{"ancestorTitles":["FeedbackInjector"],"fullName":"FeedbackInjector starts with no pending feedback","status":"passed","title":"starts with no pending feedback","duration":0.5531999999984691,"failureMessages":[],"meta":{},"tags":[]},{"ancestorTitles":["FeedbackInjector"],"fullName":"FeedbackInjector pushes and drains feedback","status":"passed","title":"pushes and drains feedback","duration":0.5776999999998225,"failureMessages":[],"meta":{},"tags":[]},{"ancestorTitles":["FeedbackInjector"],"fullName":"FeedbackInjector drain is idempotent (double drain yields empty)","status":"passed","title":"drain is idempotent (double drain yields empty)","duration":0.3032999999995809,"failureMessages":[],"meta":{},"tags":[]},{"ancestorTitles":["FeedbackInjector"],"fullName":"FeedbackInjector injectIntoHistory adds user message with summaries","status":"passed","title":"injectIntoHistory adds user message with summaries","duration":0.5261999999984255,"failureMessages":[],"meta":{},"tags":[]},{"ancestorTitles":["FeedbackInjector"],"fullName":"FeedbackInjector injectIntoHistory is a no-op when no pending feedback","status":"passed","title":"injectIntoHistory is a no-op when no pending feedback","duration":0.3474999999998545,"failureMessages":[],"meta":{},"tags":[]},{"ancestorTitles":["FeedbackInjector"],"fullName":"FeedbackInjector formats auto-verify summary correctly","status":"passed","title":"formats auto-verify summary correctly","duration":0.21589999999923748,"failureMessages":[],"meta":{},"tags":[]}],"startTime":1785923665759,"endTime":1785923675650.3474,"status":"passed","message":"","name":"C:/Users/Ehua/codeyang/src/closed-loop/closed-loop.test.ts"},{"assertionResults":[{"ancestorTitles":["EmbeddingService"],"fullName":"EmbeddingService should create singleton instance","status":"passed","title":"should create singleton instance","duration":31.711700000000064,"failureMessages":[],"meta":{},"tags":[]},{"ancestorTitles":["EmbeddingService"],"fullName":"EmbeddingService should generate pseudo-embeddings as fallback","status":"passed","title":"should generate pseudo-embeddings as fallback","duration":141.08940000000007,"failureMessages":[],"meta":{},"tags":[]},{"ancestorTitles":["EmbeddingService"],"fullName":"EmbeddingService should cache embeddings","status":"passed","title":"should cache embeddings","duration":17.221399999999903,"failureMessages":[],"meta":{},"tags":[]},{"ancestorTitles":["EmbeddingService"],"fullName":"EmbeddingService should calculate cosine similarity correctly","status":"passed","title":"should calculate cosine similarity correctly","duration":14.130899999999883,"failureMessages":[],"meta":{},"tags":[]},{"ancestorTitles":["SemanticClassifier"],"fullName":"SemanticClassifier should initialize with type examples","status":"passed","title":"should initialize with type examples","duration":0.9230999999999767,"failureMessages":[],"meta":{},"tags":[]},{"ancestorTitles":["SemanticClassifier"],"fullName":"SemanticClassifier should classify instruction memories","status":"passed","title":"should classify instruction memories","duration":8.798400000000129,"failureMessages":[],"meta":{},"tags":[]},{"ancestorTitles":["SemanticClassifier"],"fullName":"SemanticClassifier should classify preference memories","status":"passed","title":"should classify preference memories","duration":7.958000000000084,"failureMessages":[],"meta":{},"tags":[]},{"ancestorTitles":["SemanticClassifier"],"fullName":"SemanticClassifier should classify fact memories","status":"passed","title":"should classify fact memories","duration":5.6375000000000455,"failureMessages":[],"meta":{},"tags":[]},{"ancestorTitles":["SemanticClassifier"],"fullName":"SemanticClassifier should classify context memories","status":"passed","title":"should classify context memories","duration":7.167799999999943,"failureMessages":[],"meta":{},"tags":[]},{"ancestorTitles":["SemanticClassifier"],"fullName":"SemanticClassifier should handle edge cases","status":"passed","title":"should handle edge cases","duration":19.805500000000166,"failureMessages":[],"meta":{},"tags":[]},{"ancestorTitles":["SemanticClassifier"],"fullName":"SemanticClassifier should allow adding custom examples","status":"passed","title":"should allow adding custom examples","duration":5.8659999999999854,"failureMessages":[],"meta":{},"tags":[]},{"ancestorTitles":["SemanticClassifier"],"fullName":"SemanticClassifier should provide confidence scores for all types","status":"passed","title":"should provide confidence scores for all types","duration":5.724799999999959,"failureMessages":[],"meta":{},"tags":[]},{"ancestorTitles":["classifyMemorySemantic helper"],"fullName":"classifyMemorySemantic helper should classify memories using the global classifier","status":"passed","title":"should classify memories using the global classifier","duration":7.595399999999927,"failureMessages":[],"meta":{},"tags":[]},{"ancestorTitles":["Real-world classification scenarios"],"fullName":"Real-world classification scenarios should correctly classify coding standards","status":"passed","title":"should correctly classify coding standards","duration":27.8288,"failureMessages":[],"meta":{},"tags":[]},{"ancestorTitles":["Real-world classification scenarios"],"fullName":"Real-world classification scenarios should correctly classify user preferences","status":"passed","title":"should correctly classify user preferences","duration":17.82060000000024,"failureMessages":[],"meta":{},"tags":[]},{"ancestorTitles":["Real-world classification scenarios"],"fullName":"Real-world classification scenarios should correctly classify technical facts","status":"passed","title":"should correctly classify technical facts","duration":20.568399999999656,"failureMessages":[],"meta":{},"tags":[]},{"ancestorTitles":["Real-world classification scenarios"],"fullName":"Real-world classification scenarios should correctly classify context information","status":"passed","title":"should correctly classify context information","duration":16.466399999999794,"failureMessages":[],"meta":{},"tags":[]}],"startTime":1785923677376,"endTime":1785923677892.4663,"status":"passed","message":"","name":"C:/Users/Ehua/codeyang/src/continual-learning/SemanticClassifier.test.ts"},{"assertionResults":[{"ancestorTitles":["E2E: Multi-turn File Workflow"],"fullName":"E2E: Multi-turn File Workflow should create, read, and edit a file across multiple turns","status":"passed","title":"should create, read, and edit a file across multiple turns","duration":49.8192999999992,"failureMessages":[],"meta":{},"tags":[]},{"ancestorTitles":["E2E: Multi-turn File Workflow"],"fullName":"E2E: Multi-turn File Workflow should search across multiple files","status":"passed","title":"should search across multiple files","duration":1952.8779999999997,"failureMessages":[],"meta":{},"tags":[]},{"ancestorTitles":["E2E: Git Workflow"],"fullName":"E2E: Git Workflow should create branch, make changes, and verify commit","status":"passed","title":"should create branch, make changes, and verify commit","duration":1137.5242999999991,"failureMessages":[],"meta":{},"tags":[]},{"ancestorTitles":["E2E: Error Recovery"],"fullName":"E2E: Error Recovery should handle file not found gracefully","status":"passed","title":"should handle file not found gracefully","duration":31.57590000000164,"failureMessages":[],"meta":{},"tags":[]},{"ancestorTitles":["E2E: Error Recovery"],"fullName":"E2E: Error Recovery should recover from a failed operation and continue","status":"passed","title":"should recover from a failed operation and continue","duration":78.70849999999882,"failureMessages":[],"meta":{},"tags":[]}],"startTime":1785923670378,"endTime":1785923674761.7085,"status":"passed","message":"","name":"C:/Users/Ehua/codeyang/src/e2e/e2e.test.ts"},{"assertionResults":[{"ancestorTitles":["Gateway","Request handling"],"fullName":"Gateway Request handling should handle basic internal request","status":"passed","title":"should handle basic internal request","duration":8.972600000000057,"failureMessages":[],"meta":{},"tags":[]},{"ancestorTitles":["Gateway","Request handling"],"fullName":"Gateway Request handling should create request with auto-generated ID","status":"passed","title":"should create request with auto-generated ID","duration":1.6263999999999896,"failureMessages":[],"meta":{},"tags":[]},{"ancestorTitles":["Gateway","Request handling"],"fullName":"Gateway Request handling should reject unauthenticated external requests","status":"passed","title":"should reject unauthenticated external requests","duration":0.7347999999999502,"failureMessages":[],"meta":{},"tags":[]},{"ancestorTitles":["Gateway","Request handling"],"fullName":"Gateway Request handling should accept authenticated requests","status":"passed","title":"should accept authenticated requests","duration":0.9517999999999347,"failureMessages":[],"meta":{},"tags":[]},{"ancestorTitles":["Gateway","ApiKeyAuthProvider"],"fullName":"Gateway ApiKeyAuthProvider should allow internal requests witho
[...]
,"meta":{},"tags":[]}],"startTime":1785923676305,"endTime":1785923676912.0425,"status":"passed","message":"","name":"C:/Users/Ehua/codeyang/src/qt/tools/QtProFileTool.test.ts"},{"assertionResults":[{"ancestorTitles":["QtQmlTool","Import detection"],"fullName":"QtQmlTool Import detection detects versioned QtQuick import as warning","status":"passed","title":"detects versioned QtQuick import as warning","duration":35.16719999999998,"failureMessages":[],"meta":{},"tags":[]},{"ancestorTitles":["QtQmlTool","Import detection"],"fullName":"QtQmlTool Import detection detects QtQuick.Controls 1.x as warning (removed in Qt6)","status":"passed","title":"detects QtQuick.Controls 1.x as warning (removed in Qt6)","duration":9.533900000000017,"failureMessages":[],"meta":{},"tags":[]},{"ancestorTitles":["QtQmlTool","Import detection"],"fullName":"QtQmlTool Import detection detects deprecated QtGraphicalEffects import","status":"passed","title":"detects deprecated QtGraphicalEffects import","duration":11.583599999999933,"failureMessages":[],"meta":{},"tags":[]},{"ancestorTitles":["QtQmlTool","Import detection"],"fullName":"QtQmlTool Import detection reports imports section in output","status":"passed","title":"reports imports section in output","duration":23.981499999999983,"failureMessages":[],"meta":{},"tags":[]},{"ancestorTitles":["QtQmlTool","Component detection"],"fullName":"QtQmlTool Component detection lists component types used in QML","status":"passed","title":"lists component types used in QML","duration":24.64420000000007,"failureMessages":[],"meta":{},"tags":[]},{"ancestorTitles":["QtQmlTool","Component detection"],"fullName":"QtQmlTool Component detection reports count for each component type","status":"passed","title":"reports count for each component type","duration":15.183499999999981,"failureMessages":[],"meta":{},"tags":[]},{"ancestorTitles":["QtQmlTool","Anti-pattern detection"],"fullName":"QtQmlTool Anti-pattern detection detects anchors + x property conflict","status":"passed","title":"detects anchors + x property conflict","duration":18.274200000000064,"failureMessages":[],"meta":{},"tags":[]},{"ancestorTitles":["QtQmlTool","Anti-pattern detection"],"fullName":"QtQmlTool Anti-pattern detection detects anchors + x property conflict on same line as y","status":"passed","title":"detects anchors + x property conflict on same line as y","duration":13.021299999999997,"failureMessages":[],"meta":{},"tags":[]},{"ancestorTitles":["QtQmlTool","Anti-pattern detection"],"fullName":"QtQmlTool Anti-pattern detection warns about missing id on top-level component","status":"passed","title":"warns about missing id on top-level component","duration":22.663999999999987,"failureMessages":[],"meta":{},"tags":[]},{"ancestorTitles":["QtQmlTool","Anti-pattern detection"],"fullName":"QtQmlTool Anti-pattern detection does not warn when id is present","status":"passed","title":"does not warn when id is present","duration":30.15840000000003,"failureMessages":[],"meta":{},"tags":[]},{"ancestorTitles":["QtQmlTool","Anti-pattern detection"],"fullName":"QtQmlTool Anti-pattern detection detects deeply nested components (>16 spaces indent)","status":"passed","title":"detects deeply nested components (>16 spaces indent)","duration":18.312599999999975,"failureMessages":[],"meta":{},"tags":[]},{"ancestorTitles":["QtQmlTool","C++ integration detection"],"fullName":"QtQmlTool C++ integration detection detects qmlRegisterType calls in C++ Integration section","status":"passed","title":"detects qmlRegisterType calls in C++ Integration section","duration":11.69679999999994,"failureMessages":[],"meta":{},"tags":[]},{"ancestorTitles":["QtQmlTool","C++ integration detection"],"fullName":"QtQmlTool C++ integration detection detects QML_ELEMENT usage in C++ Integration section","status":"passed","title":"detects QML_ELEMENT usage in C++ Integration section","duration":26.092300000000023,"failureMessages":[],"meta":{},"tags":[]},{"ancestorTitles":["QtQmlTool","File handling"],"fullName":"QtQmlTool File handling reports multiple files in directory","status":"passed","title":"reports multiple files in directory","duration":22.52030000000002,"failureMessages":[],"meta":{},"tags":[]},{"ancestorTitles":["QtQmlTool","File handling"],"fullName":"QtQmlTool File handling reports total line count","status":"passed","title":"reports total line count","duration":21.076099999999997,"failureMessages":[],"meta":{},"tags":[]},{"ancestorTitles":["QtQmlTool","File handling"],"fullName":"QtQmlTool File handling handles empty QML directory gracefully","status":"passed","title":"handles empty QML directory gracefully","duration":9.527700000000095,"failureMessages":[],"meta":{},"tags":[]},{"ancestorTitles":["QtQmlTool","File handling"],"fullName":"QtQmlTool File handling handles non-existent directory gracefully","status":"passed","title":"handles non-existent directory gracefully","duration":6.958900000000085,"failureMessages":[],"meta":{},"tags":[]},{"ancestorTitles":["QtQmlTool","File handling"],"fullName":"QtQmlTool File handling skips non-QML files","status":"passed","title":"skips non-QML files","duration":17.77080000000001,"failureMessages":[],"meta":{},"tags":[]},{"ancestorTitles":["QtQmlTool","File handling"],"fullName":"QtQmlTool File handling processes .qml files in subdirectories","status":"passed","title":"processes .qml files in subdirectories","duration":21.239299999999957,"failureMessages":[],"meta":{},"tags":[]},{"ancestorTitles":["QtQmlTool","File handling"],"fullName":"QtQmlTool File handling reports file path relative to cwd","status":"passed","title":"reports file path relative to cwd","duration":11.286299999999983,"failureMessages":[],"meta":{},"tags":[]},{"ancestorTitles":["QtQmlTool","Warning and info summary"],"fullName":"QtQmlTool Warning and info summary includes summary with warning/info counts","status":"passed","title":"includes summary with warning/info counts","duration":9.157400000000052,"failureMessages":[],"meta":{},"tags":[]},{"ancestorTitles":["QtQmlTool","Warning and info summary"],"fullName":"QtQmlTool Warning and info summary marks versioned imports with ⚠ icon","status":"passed","title":"marks versioned imports with ⚠ icon","duration":22.54430000000002,"failureMessages":[],"meta":{},"tags":[]}],"startTime":1785923676687,"endTime":1785923677091.5442,"status":"passed","message":"","name":"C:/Users/Ehua/codeyang/src/qt/tools/QtQmlTool.test.ts"},{"assertionResults":[{"ancestorTitles":["Tool Definitions","core.def.ts"],"fullName":"Tool Definitions core.def.ts should export a definitions array","status":"passed","title":"should export a definitions array","duration":136.5127,"failureMessages":[],"meta":{},"tags":[]},{"ancestorTitles":["Tool Definitions","core.def.ts"],"fullName":"Tool Definitions core.def.ts each definition should have required fields","status":"passed","title":"each definition should have required fields","duration":3.4002000000000407,"failureMessages":[],"meta":{},"tags":[]},{"ancestorTitles":["Tool Definitions","core.def.ts"],"fullName":"Tool Definitions core.def.ts each execute function should return a string","status":"passed","title":"each execute function should return a string","duration":2.52679999999998,"failureMessages":[],"meta":{},"tags":[]},{"ancestorTitles":["Tool Definitions","filesystem.def.ts"],"fullName":"Tool Definitions filesystem.def.ts should export a definitions array","status":"passed","title":"should export a definitions array","duration":200.1531,"failureMessages":[],"meta":{},"tags":[]},{"ancestorTitles":["Tool Definitions","filesystem.def.ts"],"fullName":"Tool Definitions filesystem.def.ts each definition should have required fields","status":"passed","title":"each definition should have required fields","duration":3.3070000000000164,"failureMessages":[],"meta":{},"tags":[]},{"ancestorTitles":["Tool Definitions","filesystem.def.ts"],"fullName":"Tool Definitions filesystem.def.ts each execute function should return a string","status":"passed","title":"each execute function should return a string","duration":11.416400000000067,"failureMessages":[],"meta":{},"tags":[]},{"ancestorTitles":["Tool Definitions","git.def.ts"],"fullName":"Tool Definitions git.def.ts should export a definitions array","status":"passed","title":"should export a definitions array","duration":30.40729999999985,"failureMessages":[],"meta":{},"tags":[]},{"ancestorTitles":["Tool Definitions","git.def.ts"],"fullName":"Tool Definitions git.def.ts each definition should have required fields","status":"passed","title":"each definition should have required fields","duration":4.347099999999955,"failureMessages":[],"meta":{},"tags":[]},{"ancestorTitles":["Tool Definitions","git.def.ts"],"fullName":"Tool Definitions git.def.ts each execute function should return a string","status":"passed","title":"each execute function should return a string","duration":3.940699999999879,"failureMessages":[],"meta":{},"tags":[]},{"ancestorTitles":["Tool Definitions","data.def.ts"],"fullName":"Tool Definitions data.def.ts should export a definitions array","status":"passed","title":"should export a definitions array","duration":695.6863000000001,"failureMessages":[],"meta":{},"tags":[]},{"ancestorTitles":["Tool Definitions","data.def.ts"],"fullName":"Tool Definitions data.def.ts each definition should have required fields","status":"passed","title":"each definition should have required fields","duration":7.5931000000000495,"failureMessages":[],"meta":{},"tags":[]},{"ancestorTitles":["Tool Definitions","data.def.ts"],"fullName":"Tool Definitions data.def.ts each execute function should return a string","status":"passed","title":"each execute function should return a string","duration":40.94160000000011,"failureMessages":[],"meta":{},"tags":[]},{"ancestorTitles":["Tool Definitions","network.def.ts"],"fullName":"Tool Definitions network.def.ts should export a definitions array","status":"passed","title":"should export a definitions array","duration":664.0239999999999,"failureMessages":[],"meta":{},"tags":[]},{"ancestorTitles":["Tool Definitions","network.def.ts"],"fullName":"Tool Definitions network.def.ts each definition should have required fields","status":"passed","title":"each definition should have required fields","duration":2.648699999999735,"failureMessages":[],"meta":{},"tags":[]},{"ancestorTitles":["Tool Definitions","network.def.ts"],"fullName":"Tool Definitions network.def.ts each execute function should return a string","status":"passed","title":"each execute function should return a string","duration":3.3292999999998756,"failureMessages":[],"meta":{},"tags":[]},{"ancestorTitles":["Tool Definitions","code.def.ts"],"fullName":"Tool Definitions code.def.ts should export a definitions array","status":"passed","title":"should export a definitions array","duration":1618.7946000000002,"failureMessages":[],"meta":{},"tags":[]},{"ancestorTitles":["Tool Definitions","code.def.ts"],"fullName":"Tool Definitions code.def.ts each definition should have required fields","status":"passed","title":"each definition should have required fields","duration":2.765599999999722,"failureMessages":[],"meta":{},"tags":[]},{"ancestorTitles":["Tool Definitions","code.def.ts"],"fullName":"Tool Definitions code.def.ts each execute function should return a string","status":"passed","title":"each execute function should return a string","duration":94.53300000000036,"failureMessages":[],"meta":{},"tags":[]},{"ancestorTitles":["Tool Definitions","search.def.ts"],"fullName":"Tool Definitions search.def.ts should export a definitions array","status":"passed","title":"should export a definitions array","duration":15.415600000000268,"failureMessages":[],"meta":{},"tags":[]},{"ancestorTitles":["Tool Definitions","search.def.ts"],"fullName":"Tool Definitions search.def.ts each definition should have required fields","status":"passed","title":"each definition should have required fields","duration":0.6823999999996886,"failureMessages":[],"meta":{},"tags":[]},{"ancestorTitles":["Tool Definitions","search.def.ts"],"fullName":"Tool Definitions search.def.ts each execute function should return a string","status":"passed","title":"each execute function should return a string","duration":175.7554,"failureMessages":[],"meta":{},"tags":[]},{"ancestorTitles":["Tool Definitions","search-web.def.ts"],"fullName":"Tool Definitions search-web.def.ts should export a definitions array","status":"passed","title":"should export a definitions array","duration":12.54280000000017,"failureMessages":[],"meta":{},"tags":[]},{"ancestorTitles":["Tool Definitions","search-web.def.ts"],"fullName":"Tool Definitions search-web.def.ts each definition should have required fields","status":"passed","title":"each definition should have required fields","duration":0.7502999999996973,"failureMessages":[],"meta":{},"tags":[]},{"ancestorTitles":["Tool Definitions","search-web.def.ts"],"fullName":"Tool Definitions search-web.def.ts each execute function should return a string","status":"passed","title":"each execute function should return a string","duration":0.42009999999936554,"failureMessages":[],"meta":{},"tags":[]},{"ancestorTitles":["Tool Definitions","shell.def.ts"],"fullName":"Tool Definitions shell.def.ts should export a definitions array","status":"passed","title":"should export a definitions array","duration":12.67239999999947,"failureMessages":[],"meta":{},"tags":[]},{"ancestorTitles":["Tool Definitions","shell.def.ts"],"fullName":"Tool Definitions shell.def.ts each definition should have required fields","status":"passed","title":"each definition should have required fields","duration":0.7173000000002503,"failureMessages":[],"meta":{},"tags":[]},{"ancestorTitles":["Tool Definitions","shell.def.ts"],"fullName":"Tool Definitions shell.def.ts each execute function should return a string","status":"passed","title":"each execute function should return a string","duration":0.5652000000000044,"failureMessages":[],"meta":{},"tags":[]},{"ancestorTitles":["Tool Definitions","memory.def.ts"],"fullName":"Tool Definitions memory.def.ts should export a definitions array","status":"passed","title":"should export a definitions array","duration":35.66100000000006,"failureMessages":[],"meta":{},"tags":[]},{"ancestorTitles":["Tool Definitions","memory.def.ts"],"fullName":"Tool Definitions memory.def.ts each definition should have required fields","status":"passed","title":"each definition should have required fields","duration":1.0020999999997002,"failureMessages":[],"meta":{},"tags":[]},{"ancestorTitles":["Tool Definitions","memory.def.ts"],"fullName":"Tool Definitions memory.def.ts each execute function should return a string","status":"passed","title":"each execute function should return a string","duration":401.96439999999984,"failureMessages":[],"meta":{},"tags":[]},{"ancestorTitles":["Tool Definitions","image.def.ts"],"fullName":"Tool Definitions image.def.ts should export a definitions array","status":"passed","title":"should export a definitions array","duration":6.261800000000221,"failureMessages":[],"meta":{},"tags":[]},{"ancestorTitles":["Tool Definitions","image.def.ts"],"fullName":"Tool Definitions image.def.ts each definition should have required fields","status":"passed","title":"each definition should have required fields","duration":1.064900000000307,"failureMessages":[],"meta":{},"tags":[]},{"ancestorTitles":["Tool Definitions","image.def.ts"],"fullName":"Tool Definitions image.def.ts each execute function should return a string","status":"passed","title":"each execute function should return a string","duration":3.9375,"failureMessages":[],"meta":{},"tags":[]},{"ancestorTitles":["Tool Definitions","plan.def.ts"],"fullName":"Tool Definitions plan.def.ts should export a definitions array","status":"passed","title":"should export a definitions array","duration":7.714199999999437,"failureMessages":[],"meta":{},"tags":[]},{"ancestorTitles":["Tool Definitions","plan.def.ts"],"fullName":"Tool Definitions plan.def.ts each definition should have required fields","status":"passed","title":"each definition should have required fields","duration":0.6556000000000495,"failureMessages":[],"meta":{},"tags":[]},{"ancestorTitles":["Tool Definitions","plan.def.ts"],"fullName":"Tool Definitions plan.def.ts each execute function should return a string","status":"passed","title":"each execute function should return a string","duration":0.4250000000001819,"failureMessages":[],"meta":{},"tags":[]},{"ancestorTitles":["Tool Definitions","agent.def.ts"],"fullName":"Tool Definitions agent.def.ts should export a definitions array","status":"passed","title":"should export a definitions array","duration":842.6594999999998,"failureMessages":[],"meta":{},"tags":[]},{"ancestorTitles":["Tool Definitions","agent.def.ts"],"fullName":"Tool Definitions agent.def.ts each definition should have required fields","status":"passed","title":"each definition should have required fields","duration":0.7429000000001906,"failureMessages":[],"meta":{},"tags":[]},{"ancestorTitles":["Tool Definitions","agent.def.ts"],"fullName":"Tool Definitions agent.def.ts each execute function should return a string","status":"passed","title":"each execute function should return a string","duration":1.9008000000003449,"failureMessages":[],"meta":{},"tags":[]},{"ancestorTitles":["Tool Definitions","task.def.ts"],"fullName":"Tool Definitions task.def.ts should export a definitions array","status":"passed","title":"should export a definitions array","duration":42.134000000000015,"failureMessages":[],"meta":{},"tags":[]},{"ancestorTitles":["Tool Definitions","task.def.ts"],"fullName":"Tool Definitions task.def.ts each definition should have required fields","status":"passed","title":"each definition should have required fields","duration":1.336699999999837,"failureMessages":[],"meta":{},"tags":[]},{"ancestorTitles":["Tool Definitions","task.def.ts"],"fullName":"Tool Definitions task.def.ts each execute function should return a string","status":"passed","title":"each execute function should return a string","duration":12.054799999999886,"failureMessages":[],"meta":{},"tags":[]},{"ancestorTitles":["Tool Definitions","query.def.ts"],"fullName":"Tool Definitions query.def.ts should export a definitions array","status":"passed","title":"should export a definitions array","duration":596.9780000000001,"failureMessages":[],"meta":{},"tags":[]},{"ancestorTitles":["Tool Definitions","query.def.ts"],"fullName":"Tool Definitions query.def.ts each definition should have required fields","status":"passed","title":"each definition should have required fields","duration":1.7314000000005763,"failureMessages":[],"meta":{},"tags":[]},{"ancestorTitles":["Tool Definitions","query.def.ts"],"fullName":"Tool Definitions query.def.ts each execute function should return a string","status":"passed","title":"each execute function should return a string","duration":2082.0870999999997,"failureMessages":[],"meta":{},"tags":[]},{"ancestorTitles":["Tool Definitions","github.def.ts"],"fullName":"Tool Definitions github.def.ts should export a definitions array","status":"passed","title":"should export a definitions array","duration":32.05459999999948,"failureMessages":[],"meta":{},"tags":[]},{"ancestorTitles":["Tool Definitions","github.def.ts"],"fullName":"Tool Definitions github.def.ts each definition should have required fields","status":"passed","title":"each definition should have required fields","duration":1.377599999999802,"failureMessages":[],"meta":{},"tags":[]},{"ancestorTitles":["Tool Definitions","github.def.ts"],"fullName":"Tool Definitions github.def.ts each execute function should return a string","status":"passed","title":"each execute function should return a string","duration":1.1968999999990046,"failureMessages":[],"meta":{},"tags":[]}],"startTime":1785923665219,"endTime":1785923673049.197,"status":"passed","message":"","name":"C:/Users/Ehua/codeyang/src/tools/definitions/definitions.test.ts"}]}