{"numTotalTestSuites":530,"numPassedTestSuites":519,"numFailedTestSuites":11,"numPendingTestSuites":0,"numTotalTests":1362,"numPassedTests":1350,"numFailedTests":7,"numPendingTests":5,"numTodoTests":0,"snapshot":{"added":0,"failure":false,"filesAdded":0,"filesRemoved":0,"filesRemovedList":[],"filesUnmatched":0,"filesUpdated":0,"matched":0,"total":0,"unchecked":0,"uncheckedKeysByFile":[],"unmatched":0,"updated":0,"didUpdate":false},"startTime":1785467668380,"success":false,"testResults":[{"assertionResults":[{"ancestorTitles":["CodeYangX","main.js detection"],"fullName":"CodeYangX main.js detection should check if main.js exists","status":"passed","title":"should check if main.js exists","duration":5.508799999999837,"failureMessages":[],"meta":{},"tags":[]},{"ancestorTitles":["CodeYangX","electron binary detection"],"fullName":"CodeYangX electron binary detection should handle Windows platform","status":"passed","title":"should handle Windows platform","duration":3.399199999999837,"failureMessages":[],"meta":{},"tags":[]},{"ancestorTitles":["CodeYangX","electron binary detection"],"fullName":"CodeYangX electron binary detection should handle Unix platforms","status":"passed","title":"should handle Unix platforms","duration":1.1688000000001466,"failureMessages":[],"meta":{},"tags":[]},{"ancestorTitles":["CodeYangX","spawn behavior"],"fullName":"CodeYangX spawn behavior should spawn electron process","status":"passed","title":"should spawn electron process","duration":0.6258000000000266,"failureMessages":[],"meta":{},"tags":[]},{"ancestorTitles":["CodeYangX","error handling"],"fullName":"CodeYangX error handling should handle ENOENT error","status":"passed","title":"should handle ENOENT error","duration":0.3773999999998523,"failureMessages":[],"meta":{},"tags":[]},{"ancestorTitles":["CodeYangX","error handling"],"fullName":"CodeYangX error handling should handle generic errors","status":"passed","title":"should handle generic errors","duration":0.2864999999999327,"failureMessages":[],"meta":{},"tags":[]}],"startTime":1785467698808,"endTime":1785467698820.2866,"status":"passed","message":"","name":"C:/Users/Ehua/codeyang/src/codeyangx.test.ts"},{"assertionResults":[{"ancestorTitles":["Commands - Extended Coverage","/exit and /quit"],"fullName":"Commands - Extended Coverage /exit and /quit should handle /exit command","status":"passed","title":"should handle /exit command","duration":43.32499999999891,"failureMessages":[],"meta":{},"tags":[]},{"ancestorTitles":["Commands - Extended Coverage","/exit and /quit"],"fullName":"Commands - Extended Coverage /exit and /quit should handle /quit command","status":"passed","title":"should handle /quit command","duration":25.559400000000096,"failureMessages":[],"meta":{},"tags":[]},{"ancestorTitles":["Commands - Extended Coverage","/help"],"fullName":"Commands - Extended Coverage /help should display help information","status":"passed","title":"should display help information","duration":13.951499999999214,"failureMessages":[],"meta":{},"tags":[]},{"ancestorTitles":["Commands - Extended Coverage","/model"],"fullName":"Commands - Extended Coverage /model should display current model","status":"passed","title":"should display current model","duration":2.6916000000001077,"failureMessages":[],"meta":{},"tags":[]},{"ancestorTitles":["Commands - Extended Coverage","/model"],"fullName":"Commands - Extended Coverage /model should handle model switching","status":"passed","title":"should handle model switching","duration":1.8958000000002357,"failureMessages":[],"meta":{},"tags":[]},{"ancestorTitles":["Commands - Extended Coverage","/ponytail"],"fullName":"Commands - Extended Coverage /ponytail should display ponytail status","status":"passed","title":"should display ponytail status","duration":2.423799999998664,"failureMessages":[],"meta":{},"tags":[]},{"ancestorTitles":["Commands - Extended Coverage","/ponytail"],"fullName":"Commands - Extended Coverage /ponytail should handle ponytail level change","status":"passed","title":"should handle ponytail level change","duration":2.4315000000005966,"failureMessages":[],"meta":{},"tags":[]},{"ancestorTitles":["Commands - Extended Coverage","/config"],"fullName":"Commands - Extended Coverage /config should display configuration","status":"passed","title":"should display configuration","duration":4.011000000000422,"failureMessages":[],"meta":{},"tags":[]},{"ancestorTitles":["Commands - Extended Coverage","/reload"],"fullName":"Commands - Extended Coverage /reload should reload configuration","status":"passed","title":"should reload configuration","duration":5.848100000001068,"failureMessages":[],"meta":{},"tags":[]},{"ancestorTitles":["Commands - Extended Coverage","/sessions"],"fullName":"Commands - Extended Coverage /sessions should list sessions","status":"passed","title":"should list sessions","duration":44.368900000001304,"failureMessages":[],"meta":{},"tags":[]},{"ancestorTitles":["Commands - Extended Coverage","/plan"],"fullName":"Commands - Extended Coverage /plan should show current plan","status":"passed","title":"should show current plan","duration":5077.563700000001,"failureMessages":[],"meta":{},"tags":[]},{"ancestorTitles":["Commands - Extended Coverage","/tag"],"fullName":"Commands - Extended Coverage /tag should create checkpoint","status":"passed","title":"should create checkpoint","duration":3.0583999999998923,"failureMessages":[],"meta":{},"tags":[]},{"ancestorTitles":["Commands - Extended Coverage","/ctx_viz and /context"],"fullName":"Commands - Extended Coverage /ctx_viz and /context should show context visualization with /ctx_viz","status":"passed","title":"should show context visualization with /ctx_viz","duration":21.8742000000002,"failureMessages":[],"meta":{},"tags":[]},{"ancestorTitles":["Commands - Extended Coverage","/ctx_viz and /context"],"fullName":"Commands - Extended Coverage /ctx_viz and /context should show context visualization with /context","status":"passed","title":"should show context visualization with /context","duration":2.3214000000007218,"failureMessages":[],"meta":{},"tags":[]},{"ancestorTitles":["Commands - Extended Coverage","Git commands"],"fullName":"Commands - Extended Coverage Git commands should handle /diff command","status":"passed","title":"should handle /diff command","duration":439.6095999999998,"failureMessages":[],"meta":{},"tags":[]},{"ancestorTitles":["Commands - Extended Coverage","Git commands"],"fullName":"Commands - Extended Coverage Git commands should handle /branch command","status":"passed","title":"should handle /branch command","duration":226.58990000000085,"failureMessages":[],"meta":{},"tags":[]},{"ancestorTitles":["Commands - Extended Coverage","Git commands"],"fullName":"Commands - Extended Coverage Git commands should handle /commit with message","status":"passed","title":"should handle /commit with message","duration":998.9123,"failureMessages":[],"meta":{},"tags":[]},{"ancestorTitles":["Commands - Extended Coverage","Git commands"],"fullName":"Commands - Extended Coverage Git commands should handle /commit without message","status":"passed","title":"should handle /commit without message","duration":2.617999999998574,"failureMessages":[],"meta":{},"tags":[]},{"ancestorTitles":["Commands - Extended Coverage","Command parsing"],"fullName":"Commands - Extended Coverage Command parsing should handle commands with extra whitespace","status":"passed","title":"should handle commands with extra whitespace","duration":2.149300000000949,"failureMessages":[],"meta":{},"tags":[]},{"ancestorTitles":["Commands - Extended Coverage","Command parsing"],"fullName":"Commands - Extended Coverage Command parsing should handle uppercase commands","status":"passed","title":"should handle uppercase commands","duration":2.2149000000008527,"failureMessages":[],"meta":{},"tags":[]},{"ancestorTitles":["Commands - Extended Coverage","Command parsing"],"fullName":"Commands - Extended Coverage Command parsing should handle mixed case commands","status":"passed","title":"should handle mixed case commands","duration":1.6846999999997934,"failureMessages":[],"meta":{},"tags":[]},{"ancestorTitles":["Commands - Extended Coverage","Error scenarios"],"fullName":"Commands - Extended Coverage Error scenarios should handle agent errors gracefully","status":"passed","title":"should handle agent errors gracefully","duration":2.423499999998967,"failureMessages":[],"meta":{},"tags":[]}],"startTime":1785467677880,"endTime":1785467684817.4236,"status":"passed","message":"","name":"C:/Users/Ehua/codeyang/src/commands.extended.test.ts"},{"assertionResults":[{"ancestorTitles":["Commands","/clear"],"fullName":"Commands /clear should clear agent history","status":"passed","title":"should clear agent history","duration":12.20759999999973,"failureMessages":[],"meta":{},"tags":[]},{"ancestorTitles":["Commands","/tasks"],"fullName":"Commands /tasks should show task list","status":"passed","title":"should show task list","duration":52.667599999998856,"failureMessages":[],"meta":{},"tags":[]},{"ancestorTitles":["Commands","/rewind"],"fullName":"Commands /rewind should rewind to checkpoint when available","status":"passed","title":"should rewind to checkpoint when available","duration":3.125799999999799,"failureMessages":[],"meta":{},"tags":[]},{"ancestorTitles":["Commands","/rewind"],"fullName":"Commands /rewind should handle no checkpoints","status":"passed","title":"should handle no checkpoints","duration":3.013999999999214,"failureMessages":[],"meta":{},"tags":[]},{"ancestorTitles":["Commands","/stats"],"fullName":"Commands /stats should show tool statistics","status":"passed","title":"should show tool statistics","duration":2.213099999999031,"failureMessages":[],"meta":{},"tags":[]},{"ancestorTitles":["Commands","/mcp"],"fullName":"Commands /mcp should show MCP server status","status":"passed","title":"should show MCP server status","duration":1.8536999999996624,"failureMessages":[],"meta":{},"tags":[]},{"ancestorTitles":["Commands","/tools"],"fullName":"Commands /tools should list all tools","status":"passed","title":"should list all tools","duration":5202.022199999999,"failureMessages":[],"meta":{},"tags":[]},{"ancestorTitles":["Commands","unhandled commands"],"fullName":"Commands unhandled commands should handle unknown slash commands","status":"passed","title":"should handle unknown slash commands","duration":3.2995000000009895,"failureMessages":[],"meta":{},"tags":[]},{"ancestorTitles":["Commands","unhandled commands"],"fullName":"Commands unhandled commands should return handled=false for regular text","status":"passed","title":"should return handled=false for regular text","duration":1.1689000000005763,"failureMessages":[],"meta":{},"tags":[]}],"startTime":1785467677514,"endTime":1785467682797.169,"status":"passed","message":"","name":"C:/Users/Ehua/codeyang/src/commands.test.ts"},{"assertionResults":[{"ancestorTitles":["CLI Index - Extended Coverage","API Key resolution"],"fullName":"CLI Index - Extended Coverage API Key resolution should prioritize command-line API key","status":"passed","title":"should prioritize command-line API key","duration":6.027899999999931,"failureMessages":[],"meta":{},"tags":[]},{"ancestorTitles":["CLI Index - Extended Coverage","API Key resolution"],"fullName":"CLI Index - Extended Coverage API Key resolution should fall back to CODEYANG_API_KEY","status":"passed","title":"should fall back to CODEYANG_API_KEY","duration":1.0049000000000206,"failureMessages":[],"meta":{},"tags":[]},{"ancestorTitles":["CLI Index - Extended Coverage","API Key resolution"],"fullName":"CLI Index - Extended Coverage API Key resolution should fall back to DEEPSEEK_API_KEY","status":"passed","title":"should fall back to DEEPSEEK_API_KEY","duration":0.42079999999998563,"failureMessages":[],"meta":{},"tags":[]},{"ancestorTitles":["CLI Index - Extended Coverage","Model configuration"],"fullName":"CLI Index - Extended Coverage Model configuration should use command-line model","status":"passed","title":"should use command-line model","duration":4.66050000000007,"failureMessages":[],"meta":{},"tags":[]},{"ancestorTitles":["CLI Index - Extended Coverage","Model configuration"],"fullName":"CLI Index - Extended Coverage Model configuration should fall back to environment model","status":"passed","title":"should fall back to environment model","duration":0.9213999999999487,"failureMessages":[],"meta":{},"tags":[]},{"ancestorTitles":["CLI Index - Extended Coverage","Model configuration"],"fullName":"CLI Index - Extended Coverage Model configuration should use default model","status":"passed","title":"should use default model","duration":0.5036999999999807,"failureMessages":[],"meta":{},"tags":[]},{"ancestorTitles":["CLI Index - Extended Coverage","Max tokens configuration"],"fullName":"CLI Index - Extended Coverage Max tokens configuration should parse max tokens from string","status":"passed","title":"should parse max tokens from string","duration":0.42619999999999436,"failureMessages":[],"meta":{},"tags":[]},{"ancestorTitles":["CLI Index - Extended Coverage","Max tokens configuration"],"fullName":"CLI Index - Extended Coverage Max tokens configuration should validate max tokens range","status":"passed","title":"should validate max tokens range","duration":0.6689000000000078,"failureMessages":[],"meta":{},"tags":[]},{"ancestorTitles":["CLI Index - Extended Coverage","Max tokens configuration"],"fullName":"CLI Index - Extended Coverage Max tokens configuration should handle invalid max tokens","status":"passed","title":"should handle invalid max tokens","duration":0.6651000000000522,"failureMessages":[],"meta":{},"tags":[]},{"ancestorTitles":["CLI Index - Extended Coverage","Base URL configuration"],"fullName":"CLI Index - Extended Coverage Base URL configuration should use custom base URL","status":"passed","title":"should use custom base URL","duration":0.7796999999999343,"failureMessages":[],"meta":{},"tags":[]},{"ancestorTitles":["CLI Index - Extended Coverage","Base URL configuration"],"fullName":"CLI Index - Extended Coverage Base URL configuration should validate URL format","status":"passed","title":"should validate URL format","duration":0.8167999999999438,"failureMessages":[],"meta":{},"tags":[]},{"ancestorTitles":["CLI Index - Extended Coverage","Working directory"],"fullName":"CLI Index - Extended Coverage Working directory should use current working directory","status":"passed","title":"should use current working directory","duration":1.4446000000000367,"failureMessages":[],"meta":{},"tags":[]},{"ancestorTitles":["CLI Index - Extended Coverage","Working directory"],"fullName":"CLI Index - Extended Coverage Working directory should handle custom working directory","status":"passed","title":"should handle custom working directory","duration":0.4410000000000309,"failureMessages":[],"meta":{},"tags":[]},{"ancestorTitles":["CLI Index - Extended Coverage","CLI flags"],"fullName":"CLI Index - Extended Coverage CLI flags should recognize --help flag","status":"passed","title":"should recognize --help flag","duration":1.4936999999999898,"failureMessages":[],"meta":{},"tags":[]},{"ancestorTitles":["CLI Index - Extended Coverage","CLI flags"],"fullName":"CLI Index - Extended Coverage CLI flags should recognize --version flag","status":"passed","title":"should recognize --version flag","duration":0.34780000000000655,"failureMessages":[],"meta":{},"tags":[]},{"ancestorTitles":["CLI Index - Extended Coverage","CLI flags"],"fullName":"CLI Index - Extended Coverage CLI flags should recognize --model flag","status":"passed","title":"should recognize --model flag","duration":0.387299999999982,"failureMessages":[],"meta":{},"tags":[]},{"ancestorTitles":["CLI Index - Extended Coverage","CLI flags"],"fullName":"CLI Index - Extended Coverage CLI flags should recognize --api-key flag","status":"passed","title":"should recognize --api-key flag","duration":0.26300000000003365,"failureMessages":[],"meta":{},"tags":[]},{"ancestorTitles":["CLI Index - Extended Coverage","CLI flags"],"fullName":"CLI Index - Extended Coverage CLI flags should recognize --max-tokens flag","status":"passed","title":"should recognize --max-tokens flag","duration":0.15570000000002437,"failureMessages":[],"meta":{},"tags":[]},{"ancestorTitles":["CLI Index - Extended Coverage","CLI flags"],"fullName":"CLI Index - Extended Coverage CLI flags should recognize --base-url flag","status":"passed","title":"should recognize --base-url flag","duration":0.17390000000000327,"failureMessages":[],"meta":{},"tags":[]},{"ancestorTitles":["CLI Index - Extended Coverage","Environment variable priority"],"fullName":"CLI Index - Extended Coverage Environment variable priority should respect priority order","status":"passed","title":"should respect priority order","duration":0.27309999999999945,"failureMessages":[],"meta":{},"tags":[]},{"ancestorTitles":["CLI Index - Extended Coverage","Configuration validation"],"fullName":"CLI Index - Extended Coverage Configuration validation should validate complete configuration","status":"passed","title":"should validate complete configuration","duration":1.8536000000000286,"failureMessages":[],"meta":{},"tags":[]},{"ancestorTitles":["CLI Index - Extended Coverage","Configuration validation"],"fullName":"CLI Index - Extended Coverage Configuration validation should handle missing required fields","status":"passed","title":"should handle missing required fields","duration":0.6580999999999904,"failureMessages":[],"meta":{},"tags":[]},{"ancestorTitles":["CLI Index - Extended Coverage","Error handling"],"fullName":"CLI Index - Extended Coverage Error handling should handle missing API key gracefully","status":"passed","title":"should handle missing API key gracefully","duration":0.23289999999997235,"failureMessages":[],"meta":{},"tags":[]},{"ancestorTitles":["CLI Index - Extended Coverage","Error handling"],"fullName":"CLI Index - Extended Coverage Error handling should handle invalid model name","status":"passed","title":"should handle invalid model name","duration":0.18110000000001492,"failureMessages":[],"meta":{},"tags":[]},{"ancestorTitles":["CLI Index - Extended Coverage","Error handling"],"fullName":"CLI Index - Extended Coverage Error handling should handle invalid max tokens","status":"passed","title":"should handle invalid max tokens","duration":0.3143999999999778,"failureMessages":[],"meta":{},"tags":[]}],"startTime":1785467697438,"endTime":1785467697466.3145,"status":"passed","message":"","name":"C:/Users/Ehua/codeyang/src/index.extended.test.ts"},{"assertionResults":[{"ancestorTitles":["CLI Entry Point","Argument parsing"],"fullName":"CLI Entry Point Argument parsing should parse --help flag","status":"passed","title":"should parse --help flag","duration":8.655099999999948,"failureMessages":[],"meta":{},"tags":[]},{"ancestorTitles":["CLI Entry Point","Argument parsing"],"fullName":"CLI Entry Point Argument parsing should parse --version flag","status":"passed","title":"should parse --version flag","duration":0.8448000000000775,"failureMessages":[],"meta":{},"tags":[]},{"ancestorTitles":["CLI Entry Point","Argument parsing"],"fullName":"CLI Entry Point Argument parsing should parse --model flag","status":"passed","title":"should parse --model flag","duration":0.7674999999999272,"failureMessages":[],"meta":{},"tags":[]},{"ancestorTitles":["CLI Entry Point","Argument parsing"],"fullName":"CLI Entry Point Argument parsing should parse --api-key flag","status":"passed","title":"should parse --api-key flag","duration":0.49469999999996617,"failureMessages":[],"meta":{},"tags":[]},{"ancestorTitles":["CLI Entry Point","Environment variables"],"fullName":"CLI Entry Point Environment variables should read CODEYANG_API_KEY from env","status":"passed","title":"should read CODEYANG_API_KEY from env","duration":0.5139000000000351,"failureMessages":[],"meta":{},"tags":[]},{"ancestorTitles":["CLI Entry Point","Environment variables"],"fullName":"CLI Entry Point Environment variables should read CODEYANG_MODEL from env","status":"passed","title":"should read CODEYANG_MODEL from env","duration":1.9125999999999976,"failureMessages":[],"meta":{},"tags":[]},{"ancestorTitles":["CLI Entry Point","Environment variables"],"fullName":"CLI Entry Point Environment variables should read CODEYANG_MAX_TOKENS from env","status":"passed","title":"should read CODEYANG_MAX_TOKENS from env","duration":1.4189999999999827,"failureMessages":[],"meta":{},"tags":[]},{"ancestorTitles":["CLI Entry Point","Environment variables"],"fullName":"CLI Entry Point Environment variables should read CODEYANG_BASE_URL from env","status":"passed","title":"should read CODEYANG_BASE_URL from env","duration":0.8609000000000151,"failureMessages":[],"meta":{},"tags":[]},{"ancestorTitles":["CLI Entry Point","API key validation"],"fullName":"CLI Entry Point API key validation should handle missing API key","status":"passed","title":"should handle missing API key","duration":1.1303000000000338,"failureMessages":[],"meta":{},"tags":[]},{"ancestorTitles":["CLI Entry Point","API key validation"],"fullName":"CLI Entry Point API key validation should prefer CODEYANG_API_KEY over DEEPSEEK_API_KEY","status":"passed","title":"should prefer CODEYANG_API_KEY over DEEPSEEK_API_KEY","duration":0.5611000000000104,"failureMessages":[],"meta":{},"tags":[]},{"ancestorTitles":["CLI Entry Point","API key validation"],"fullName":"CLI Entry Point API key validation should fall back to DEEPSEEK_API_KEY","status":"passed","title":"should fall back to DEEPSEEK_API_KEY","duration":0.33369999999990796,"failureMessages":[],"meta":{},"tags":[]},{"ancestorTitles":["CLI Entry Point","Configuration validation"],"fullName":"CLI Entry Point Configuration validation should validate model name format","status":"passed","title":"should validate model name format","duration":0.8723999999999705,"failureMessages":[],"meta":{},"tags":[]},{"ancestorTitles":["CLI Entry Point","Configuration validation"],"fullName":"CLI Entry Point Configuration validation should validate max tokens is a number","status":"passed","title":"should validate max tokens is a number","duration":0.41780000000005657,"failureMessages":[],"meta":{},"tags":[]},{"ancestorTitles":["CLI Entry Point","Configuration validation"],"fullName":"CLI Entry Point Configuration validation should validate base URL format","status":"passed","title":"should validate base URL format","duration":0.36410000000000764,"failureMessages":[],"meta":{},"tags":[]},{"ancestorTitles":["CLI Entry Point","Working directory"],"fullName":"CLI Entry Point Working directory should use current working directory by default","status":"passed","title":"should use current working directory by default","duration":0.5018000000000029,"failureMessages":[],"meta":{},"tags":[]},{"ancestorTitles":["CLI Entry Point","Working directory"],"fullName":"CLI Entry Point Working directory should handle custom working directory","status":"passed","title":"should handle custom working directory","duration":0.32939999999996417,"failureMessages":[],"meta":{},"tags":[]},{"ancestorTitles":["CLI Entry Point","Error handling"],"fullName":"CLI Entry Point Error handling should handle invalid arguments gracefully","status":"passed","title":"should handle invalid arguments gracefully","duration":0.23059999999998126,"failureMessages":[],"meta":{},"tags":[]},{"ancestorTitles":["CLI Entry Point","Error handling"],"fullName":"CLI Entry Point Error handling should handle empty arguments","status":"passed","title":"should handle empty arguments","duration":0.22929999999996653,"failureMessages":[],"meta":{},"tags":[]}],"startTime":1785467697610,"endTime":1785467697632.2292,"status":"passed","message":"","name":"C:/Users/Ehua/codeyang/src/index.test.ts"},{"assertionResults":[{"ancestorTitles":["Web Server","Configuration"],"fullName":"Web Server Configuration should use default port","status":"passed","title":"should use default port","duration":6.216499999999996,"failureMessages":[],"meta":{},"tags":[]},{"ancestorTitles":["Web Server","Configuration"],"fullName":"Web Server Configuration should accept custom port from environment","status":"passed","title":"should accept custom port from environment","duration":0.6913999999999305,"failureMessages":[],"meta":{},"tags":[]},{"ancestorTitles":["Web Server","Configuration"],"fullName":"Web Server Configuration should validate port number","status":"passed","title":"should validate port number","duration":0.616100000000074,"failureMessages":[],"meta":{},"tags":[]},{"ancestorTitles":["Web Server","Server initialization"],"fullName":"Web Server Server initialization should handle server startup","status":"passed","title":"should handle server startup","duration":0.4918999999999869,"failureMessages":[],"meta":{},"tags":[]},{"ancestorTitles":["Web Server","Server initialization"],"fullName":"Web Server Server initialization should handle CORS configuration","status":"passed","title":"should handle CORS configuration","duration":1.622600000000034,"failureMessages":[],"meta":{},"tags":[]},{"ancestorTitles":["Web Server","Route handling"],"fullName":"Web Server Route handling should define health check route","status":"passed","title":"should define health check route","duration":0.9027999999999565,"failureMessages":[],"meta":{},"tags":[]},{"ancestorTitles":["Web Server","Route handling"],"fullName":"Web Server Route handling should define API routes","status":"passed","title":"should define API routes","duration":0.7268000000000256,"failureMessages":[],"meta":{},"tags":[]},{"ancestorTitles":["Web Server","Error handling"],"fullName":"Web Server Error handling should handle 404 errors","status":"passed","title":"should handle 404 errors","duration":0.7712999999999965,"failureMessages":[],"meta":{},"tags":[]},{"ancestorTitles":["Web Server","Error handling"],"fullName":"Web Server Error handling should handle 500 errors","status":"passed","title":"should handle 500 errors","duration":0.393799999999942,"failureMessages":[],"meta":{},"tags":[]},{"ancestorTitles":["Web Server","Static file serving"],"fullName":"Web Server Static file serving should serve static files from public directory","status":"passed","title":"should serve static files from public directory","duration":0.5763999999999214,"failureMessages":[],"meta":{},"tags":[]},{"ancestorTitles":["Web Server","Static file serving"],"fullName":"Web Server Static file serving should handle index.html fallback","status":"passed","title":"should handle index.html fallback","duration":0.3673999999999751,"failureMessages":[],"meta":{},"tags":[]},{"ancestorTitles":["Web Server","WebSocket support"],"fullName":"Web Server WebSocket support should support WebSocket connections","status":"passed","title":"should support WebSocket connections","duration":0.23220000000003438,"failureMessages":[],"meta":{},"tags":[]},{"ancestorTitles":["Web Server","WebSocket support"],"fullName":"Web Server WebSocket support should handle WebSocket messages","status":"passed","title":"should handle WebSocket messages","duration":0.3069999999999027,"failureMessages":[],"meta":{},"tags":[]},{"ancestorTitles":["Web Server","Request validation"],"fullName":"Web Server Request validation should validate request body","status":"passed","title":"should validate request body","duration":0.415300000000002,"failureMessages":[],"meta":{},"tags":[]},{"ancestorTitles":["Web Server","Request validation"],"fullName":"Web Server Request validation should validate request headers","status":"passed","title":"should validate request headers","duration":0.20619999999996708,"failureMessages":[],"meta":{},"tags":[]},{"ancestorTitles":["Web Server","Response formatting"],"fullName":"Web Server Response formatting should format JSON responses","status":"passed","title":"should format JSON responses","duration":0.2256000000000995,"failureMessages":[],"meta":{},"tags":[]},{"ancestorTitles":["Web Server","Response formatting"],"fullName":"Web Server Response formatting should include status codes","status":"passed","title":"should include status codes","duration":0.7598000000000411,"failureMessages":[],"meta":{},"tags":[]}],"startTime":1785467700361,"endTime":1785467700378.7598,"status":"passed","message":"","name":"C:/Users/Ehua/codeyang/src/web-server.test.ts"},{"assertionResults":[{"ancestorTitles":["InProcessChannel"],"fullName":"InProcessChannel should send and receive messages","status":"passed","title":"should send and receive messages","duration":7.908600000000206,"failureMessages":[],"meta":{},"tags":[]},{"ancestorTitles":["InProcessChannel"],"fullName":"InProcessChannel should throw when sending to closed channel","status":"passed","title":"should throw when sending to closed channel","duration":2.945799999999963,"failureMessages":[],"meta":{},"tags":[]},{"ancestorTitles":["InProcessChannel"],"fullName":"InProcessChannel should report closed status","status":"passed","title":"should report closed status","duration":0.8611000000000786,"failureMessages":[],"meta":{},"tags":[]},{"ancestorTitles":["InProcessChannel"],"fullName":"InProcessChannel should handle multiple messages in order","status":"passed","title":"should handle multiple messages in order","duration":0.9582000000000335,"failureMessages":[],"meta":{},"tags":[]},{"ancestorTitles":["AgentRegistry","Registration"],"fullName":"AgentRegistry Registration should register agent and return channel","status":"passed","title":"should register agent and return channel","duration":2.2055999999997766,"failureMessages":[],"meta":{},"tags":[]},{"ancestorTitles":["AgentRegistry","Registration"],"fullName":"AgentRegistry Registration should retrieve registered agent card","status":"passed","title":"should retrieve registered agent card","duration":0.8148000000001048,"failureMessages":[],"meta":{},"tags":[]},{"ancestorTitles":["AgentRegistry","Registration"],"fullName":"AgentRegistry Registration should retrieve channel for registered agent","status":"passed","title":"should retrieve channel for registered agent","duration":0.41640000000006694,"failureMessages":[],"meta":{},"tags":[]},{"ancestorTitles":["AgentRegistry","Registration"],"fullName":"AgentRegistry Registration should return undefined for non-existent agent","status":"passed","title":"should return undefined for non-existent agent","duration":0.31260000000020227,"failureMessages":[],"meta":{},"tags":[]},{"ancestorTitles":["AgentRegistry","Registration"],"fullName":"AgentRegistry Registration should unregister agent and close channel","status":"passed","title":"should unregister agent and close channel","duration":0.47280000000000655,"failureMessages":[],"meta":{},"tags":[]},{"ancestorTitles":["AgentRegistry","Agent discovery"],"fullName":"AgentRegistry Agent discovery should find agents by capability","status":"passed","title":"should find agents by capability","duration":1.7510000000002037,"failureMessages":[],"meta":{},"tags":[]},{"ancestorTitles":["AgentRegistry","Agent discovery"],"fullName":"AgentRegistry Agent discovery should return empty array if no agents match capability","status":"passed","title":"should return empty array if no agents match capability","duration":0.5336999999999534,"failureMessages":[],"meta":{},"tags":[]},{"ancestorTitles":["AgentRegistry","Agent discovery"],"fullName":"AgentRegistry Agent discovery should find best agent for task","status":"passed","title":"should find best agent for task","duration":0.5851000000002387,"failureMessages":[],"meta":{},"tags":[]},{"ancestorTitles":["AgentRegistry","Agent discovery"],"fullName":"AgentRegistry Agent discovery should return null if no agent matches","status":"passed","title":"should return null if no agent matches","duration":0.3490999999999076,"failureMessages":[],"meta":{},"tags":[]},{"ancestorTitles":["AgentRegistry","Agent discovery"],"fullName":"AgentRegistry Agent discovery should list all agents","status":"passed","title":"should list all agents","duration":0.70279999999957,"failureMessages":[],"meta":{},"tags":[]},{"ancestorTitles":["buildA2AMessage"],"fullName":"buildA2AMessage should build message with all fields","status":"passed","title":"should build message with all fields","duration":1.1222999999999956,"failureMessages":[],"meta":{},"tags":[]},{"ancestorTitles":["buildA2AMessage"],"fullName":"buildA2AMessage should generate unique IDs","status":"passed","title":"should generate unique IDs","duration":1.1376000000000204,"failureMessages":[],"meta":{},"tags":[]},{"ancestorTitles":["A2AProtocol","Configuration"],"fullName":"A2AProtocol Configuration should use default config","status":"passed","title":"should use default config","duration":1.3945999999996275,"failureMessages":[],"meta":{},"tags":[]},{"ancestorTitles":["A2AProtocol","Configuration"],"fullName":"A2AProtocol Configuration should use custom config","status":"passed","title":"should use custom config","duration":0.6667999999999665,"failureMessages":[],"meta":{},"tags":[]},{"ancestorTitles":["A2AProtocol","Configuration"],"fullName":"A2AProtocol Configuration should expose registry","status":"passed","title":"should expose registry","duration":0.27260000000023865,"failureMessages":[],"meta":{},"tags":[]},{"ancestorTitles":["A2AProtocol","Message handling"],"fullName":"A2AProtocol Message handling should handle ping message","status":"passed","title":"should handle ping message","duration":0.6390999999998712,"failureMessages":[],"meta":{},"tags":[]},{"ancestorTitles":["A2AProtocol","Message handling"],"fullName":"A2AProtocol Message handling should throw if target agent not found","status":"passed","title":"should throw if target agent not found","duration":0.7946999999999207,"failureMessages":[],"meta":{},"tags":[]},{"ancestorTitles":["A2AProtocol","Message handling"],"fullName":"A2AProtocol Message handling should send task to registered agent","status":"passed","title":"should send task to registered agent","duration":0.8200000000001637,"failureMessages":[],"meta":{},"tags":[]},{"ancestorTitles":["A2AProtocol","Message handling"],"fullName":"A2AProtocol Message handling should timeout if agent does not respond","status":"passed","title":"should timeout if agent does not respond","duration":112.38839999999982,"failureMessages":[],"meta":{},"tags":[]},{"ancestorTitles":["A2AProtocol","Conversation tracking"],"fullName":"A2AProtocol Conversation tracking should track conversation messages when handling requests","status":"passed","title":"should track conversation messages when handling requests","duration":2.8170000000000073,"failureMessages":[],"meta":{},"tags":[]},{"ancestorTitles":["A2AProtocol","Conversation tracking"],"fullName":"A2AProtocol Conversation tracking should count active conversations","status":"passed","title":"should count active conversations","duration":0.7498000000000502,"failureMessages":[],"meta":{},"tags":[]}],"startTime":1785467692028,"endTime":1785467692175.7498,"status":"passed","message":"","name":"C:/Users/Ehua/codeyang/src/a2a/A2AProtocol.test.ts"},{"assertionResults":[{"ancestorTitles":["Agent Loop Integration","full agent loop: text → tool → result → text"],"fullName":"Agent Loop Integration full agent loop: text → tool → result → text completes a full cycle with a real Bash tool call","status":"passed","title":"completes a full cycle with a real Bash tool call","duration":28065.208599999998,"failureMessages":[],"meta":{},"tags":[]},{"ancestorTitles":["Agent Loop Integration","full agent loop: text → tool → result → text"],"fullName":"Agent Loop Integration full agent loop: text → tool → result → text completes a cycle with Write + Read tool calls","status":"passed","title":"completes a cycle with Write + Read tool calls","duration":28.112099999998463,"failureMessages":[],"meta":{},"tags":[]},{"ancestorTitles":["Agent Loop Integration","full agent loop: text → tool → result → text"],"fullName":"Agent Loop Integration full agent loop: text → tool → result → text completes a cycle with Edit tool call","status":"passed","title":"completes a cycle with Edit tool call","duration":60.438600000001315,"failureMessages":[],"meta":{},"tags":[]},{"ancestorTitles":["Agent Loop Integration","full agent loop: text → tool → result → text"],"fullName":"Agent Loop Integration full agent loop: text → tool → result → text completes a cycle with Glob + Grep tool calls","status":"passed","title":"completes a cycle with Glob + Grep tool calls","duration":188.47189999999682,"failureMessages":[],"meta":{},"tags":[]},{"ancestorTitles":["Agent Loop Integration","parallel tool calls"],"fullName":"Agent Loop Integration parallel tool calls executes multiple tools in one turn","status":"passed","title":"executes multiple tools in one turn","duration":18.10009999999602,"failureMessages":[],"meta":{},"tags":[]},{"ancestorTitles":["Agent Loop Integration","parallel tool calls"],"fullName":"Agent Loop Integration parallel tool calls handles mixed success and error in parallel batch","status":"passed","title":"handles mixed success and error in parallel batch","duration":19.752699999997276,"failureMessages":[],"meta":{},"tags":[]},{"ancestorTitles":["Agent Loop Integration","max turns enforcement"],"fullName":"Agent Loop Integration max turns enforcement stops after reaching max turns","status":"failed","title":"stops after reaching max turns","duration":30028.1584,"failureMessages":["Error: STACK_TRACE_ERROR\n    at task (file:///C:/Users/Ehua/codeyang/node_modules/@vitest/runner/dist/chunk-artifact.js:1784:27)\n    at Object.<anonymous> (file:///C:/Users/Ehua/codeyang/node_modules/@vitest/runner/dist/chunk-artifact.js:1817:16)\n    at Object.<anonymous> (file:///C:/Users/Ehua/codeyang/node_modules/@vitest/runner/dist/chunk-artifact.js:1563:28)\n    at chain (file:///C:/Users/Ehua/codeyang/node_modules/@vitest/runner/dist/chunk-artifact.js:599:14)\n    at C:/Users/Ehua/codeyang/src/agent/Agent-integration.test.ts:266:5\n    at file:///C:/Users/Ehua/codeyang/node_modules/@vitest/runner/dist/chunk-artifact.js:1889:40\n    at runWithSuite (file:///C:/Users/Ehua/codeyang/node_modules/@vitest/runner/dist/chunk-artifact.js:2258:8)\n    at Object.collect (file:///C:/Users/Ehua/codeyang/node_modules/@vitest/runner/dist/chunk-artifact.js:1889:10)\n    at Object.collect (file:///C:/Users/Ehua/codeyang/node_modules/@vitest/runner/dist/chunk-artifact.js:1893:54)\n    at processTicksAndRejections (node:internal/process/task_queues:104:5)"],"meta":{},"tags":[]},{"ancestorTitles":["Agent Loop Integration","tool error handling"],"fullName":"Agent Loop Integration tool error handling gracefully handles tool returning an error result","status":"passed","title":"gracefully handles tool returning an error result","duration":23.142299999999523,"failureMessages":[],"meta":{},"tags":[]},{"ancestorTitles":["Agent Loop Integration","tool error handling"],"fullName":"Agent Loop Integration tool error handling handles unknown tool gracefully","status":"passed","title":"handles unknown tool gracefully","duration":18.602599999998347,"failureMessages":[],"meta":{},"tags":[]},{"ancestorTitles":["Agent Loop Integration","session persistence"],"fullName":"Agent Loop Integration session persistence preserves conversation history with tool calls","status":"failed","title":"preserves conversation history with tool calls","duration":30021.895600000003,"failureMessages":["Error: STACK_TRACE_ERROR\n    at task (file:///C:/Users/Ehua/codeyang/node_modules/@vitest/runner/dist/chunk-artifact.js:1784:27)\n    at Object.<anonymous> (file:///C:/Users/Ehua/codeyang/node_modules/@vitest/runner/dist/chunk-artifact.js:1817:16)\n    at Object.<anonymous> (file:///C:/Users/Ehua/codeyang/node_modules/@vitest/runner/dist/chunk-artifact.js:1563:28)\n    at chain (file:///C:/Users/Ehua/codeyang/node_modules/@vitest/runner/dist/chunk-artifact.js:599:14)\n    at C:/Users/Ehua/codeyang/src/agent/Agent-integration.test.ts:313:5\n    at file:///C:/Users/Ehua/codeyang/node_modules/@vitest/runner/dist/chunk-artifact.js:1889:40\n    at runWithSuite (file:///C:/Users/Ehua/codeyang/node_modules/@vitest/runner/dist/chunk-artifact.js:2258:8)\n    at Object.collect (file:///C:/Users/Ehua/codeyang/node_modules/@vitest/runner/dist/chunk-artifact.js:1889:10)\n    at Object.collect (file:///C:/Users/Ehua/codeyang/node_modules/@vitest/runner/dist/chunk-artifact.js:1893:54)\n    at processTicksAndRejections (node:internal/process/task_queues:104:5)"],"meta":{},"tags":[]},{"ancestorTitles":["Agent Loop Integration","session persistence"],"fullName":"Agent Loop Integration session persistence preserves tool results in exported messages","status":"passed","title":"preserves tool results in exported messages","duration":188.4664000000048,"failureMessages":[],"meta":{},"tags":[]},{"ancestorTitles":["Agent Loop Integration","checkpoint / restore"],"fullName":"Agent Loop Integration checkpoint / restore saves and restores conversation state","status":"passed","title":"saves and restores conversation state","duration":19.152299999987008,"failureMessages":[],"meta":{},"tags":[]},{"ancestorTitles":["Agent Loop Integration","checkpoint / restore"],"fullName":"Agent Loop Integration checkpoint / restore restoreCheckpoint returns false when no checkpoints","status":"passed","title":"restoreCheckpoint returns false when no checkpoints","duration":26.924900000012713,"failureMessages":[],"meta":{},"tags":[]},{"ancestorTitles":["Agent Loop Integration","token usage tracking"],"fullName":"Agent Loop Integration token usage tracking accumulates tokens across multiple runs","status":"passed","title":"accumulates tokens across multiple runs","duration":37.66340000000491,"failureMessages":[],"meta":{},"tags":[]},{"ancestorTitles":["Agent Loop Integration","token usage tracking"],"fullName":"Agent Loop Integration token usage tracking resets token usage on agent.reset()","status":"passed","title":"resets token usage on agent.reset()","duration":25.773600000000442,"failureMessages":[],"meta":{},"tags":[]},{"ancestorTitles":["Agent Loop Integration","tool statistics tracking"],"fullName":"Agent Loop Integration tool statistics tracking tracks per-tool call counts","status":"passed","title":"tracks per-tool call counts","duration":19041.632199999993,"failureMessages":[],"meta":{},"tags":[]},{"ancestorTitles":["Agent Loop Integration","agent reset"],"fullName":"Agent Loop Integration agent reset clears all state on reset","status":"passed","title":"clears all state on reset","duration":15211.358900000007,"failureMessages":[],"meta":{},"tags":[]},{"ancestorTitles":["Agent Loop Integration","callbacks"],"fullName":"Agent Loop Integration callbacks fires onToolBatch and onToolStart with correct counts","status":"passed","title":"fires onToolBatch and onToolStart with correct counts","duration":10768.256899999993,"failureMessages":[],"meta":{},"tags":[]},{"ancestorTitles":["Agent Loop Integration","callbacks"],"fullName":"Agent Loop Integration callbacks fires onAgentDelta for streaming text","status":"passed","title":"fires onAgentDelta for streaming text","duration":3.6859000000113156,"failureMessages":[],"meta":{},"tags":[]},{"ancestorTitles":["Agent Loop Integration","realistic coding workflow"],"fullName":"Agent Loop Integration realistic coding workflow handles write → read → edit → glob → bash","status":"passed","title":"handles write → read → edit → glob → bash","duration":23343.300000000017,"failureMessages":[],"meta":{},"tags":[]}],"startTime":1785467674946,"endTime":1785467832102.3,"status":"failed","message":"","name":"C:/Users/Ehua/codeyang/src/agent/Agent-integration.test.ts"},{"assertionResults":[{"ancestorTitles":["Agent","construction"],"fullName":"Agent construction creates an Agent with apiKey set","status":"passed","title":"creates an Agent with apiKey set","duration":7.461299999999937,"failureMessages":[],"meta":{},"tags":[]},{"ancestorTitles":["Agent","reset"],"fullName":"Agent reset clears conversation state","status":"passed","title":"clears conversation state","duration":4.083100000000286,"failureMessages":[],"meta":{},"tags":[]},{"ancestorTitles":["Agent","waitingForAnswer / answerQuestion"],"fullName":"Agent waitingForAnswer / answerQuestion is not waiting for answer initially","status":"passed","title":"is not waiting for answer initially","duration":1.6639000000000124,"failureMessages":[],"meta":{},"tags":[]},{"ancestorTitles":["Agent","waitingForAnswer / answerQuestion"],"fullName":"Agent waitingForAnswer / answerQuestion can cancel a question without error","status":"passed","title":"can cancel a question without error","duration":1.1467999999999847,"failureMessages":[],"meta":{},"tags":[]},{"ancestorTitles":["Agent","setCallbacks"],"fullName":"Agent setCallbacks accepts and stores callbacks","status":"passed","title":"accepts and stores callbacks","duration":1.0883000000003449,"failureMessages":[],"meta":{},"tags":[]},{"ancestorTitles":["Agent","exportMessages"],"fullName":"Agent exportMessages returns empty array for fresh agent","status":"passed","title":"returns empty array for fresh agent","duration":1.878700000000208,"failureMessages":[],"meta":{},"tags":[]},{"ancestorTitles":["Agent","loadMessages"],"fullName":"Agent loadMessages restores user and assistant messages","status":"passed","title":"restores user and assistant messages","duration":5.158300000000054,"failureMessages":[],"meta":{},"tags":[]},{"ancestorTitles":["Agent","loadMessages"],"fullName":"Agent loadMessages restores messages with tool calls","status":"passed","title":"restores messages with tool calls","duration":2.034099999999853,"failureMessages":[],"meta":{},"tags":[]},{"ancestorTitles":["Agent","loadMessages"],"fullName":"Agent loadMessages handles messages without tool calls/result","status":"passed","title":"handles messages without tool calls/result","duration":1.5500999999999294,"failureMessages":[],"meta":{},"tags":[]},{"ancestorTitles":["Agent","run — streaming text"],"fullName":"Agent run — streaming text streams text response from LLM","status":"passed","title":"streams text response from LLM","duration":22.79340000000002,"failureMessages":[],"meta":{},"tags":[]},{"ancestorTitles":["Agent","run — streaming text"],"fullName":"Agent run — streaming text sends user message to LLM API","status":"passed","title":"sends user message to LLM API","duration":4.163700000000063,"failureMessages":[],"meta":{},"tags":[]},{"ancestorTitles":["Agent","run — streaming text"],"fullName":"Agent run — streaming text calls onUserMessage callback","status":"passed","title":"calls onUserMessage callback","duration":2.8879000000001724,"failureMessages":[],"meta":{},"tags":[]},{"ancestorTitles":["Agent","run — streaming text"],"fullName":"Agent run — streaming text calls onAgentDelta for streaming text","status":"passed","title":"calls onAgentDelta for streaming text","duration":3.5144000000000233,"failureMessages":[],"meta":{},"tags":[]},{"ancestorTitles":["Agent","run — tool calls"],"fullName":"Agent run — tool calls executes tool calls from LLM and sends results back","status":"passed","title":"executes tool calls from LLM and sends results back","duration":7.508000000000266,"failureMessages":[],"meta":{},"tags":[]},{"ancestorTitles":["Agent","run — tool calls"],"fullName":"Agent run — tool calls handles unknown tools gracefully","status":"passed","title":"handles unknown tools gracefully","duration":15.929200000000037,"failureMessages":[],"meta":{},"tags":[]},{"ancestorTitles":["Agent","run — token usage tracking"],"fullName":"Agent run — token usage tracking accumulates token usage from usage events","status":"passed","title":"accumulates token usage from usage events","duration":4.364500000000135,"failureMessages":[],"meta":{},"tags":[]},{"ancestorTitles":["Agent","run — token usage tracking"],"fullName":"Agent run — token usage tracking resets token usage on agent reset","status":"passed","title":"resets token usage on agent reset","duration":8.233799999999974,"failureMessages":[],"meta":{},"tags":[]}],"startTime":1785467693203,"endTime":1785467693301.234,"status":"passed","message":"","name":"C:/Users/Ehua/codeyang/src/agent/Agent.test.ts"},{"assertionResults":[{"ancestorTitles":["config"],"fullName":"config has a default model","status":"passed","title":"has a default model","duration":2.9796000000005733,"failureMessages":[],"meta":{},"tags":[]},{"ancestorTitles":["config"],"fullName":"config has a sensible default maxTokens","status":"passed","title":"has a sensible default maxTokens","duration":0.8224999999993088,"failureMessages":[],"meta":{},"tags":[]},{"ancestorTitles":["config"],"fullName":"config returns empty string for apiKey when no env var is set","status":"passed","title":"returns empty string for apiKey when no env var is set","duration":0.5160999999998239,"failureMessages":[],"meta":{},"tags":[]},{"ancestorTitles":["config"],"fullName":"config defaults to deepseek-chat model","status":"passed","title":"defaults to deepseek-chat model","duration":0.2775999999994383,"failureMessages":[],"meta":{},"tags":[]}],"startTime":1785467705939,"endTime":1785467705944.2776,"status":"passed","message":"","name":"C:/Users/Ehua/codeyang/src/agent/config.test.ts"},{"assertionResults":[{"ancestorTitles":["ConversationManager","history management"],"fullName":"ConversationManager history management should initialize with empty history","status":"passed","title":"should initialize with empty history","duration":6.028999999999996,"failureMessages":[],"meta":{},"tags":[]},{"ancestorTitles":["ConversationManager","history management"],"fullName":"ConversationManager history management should push messages to history","status":"passed","title":"should push messages to history","duration":1.6417999999998756,"failureMessages":[],"meta":{},"tags":[]},{"ancestorTitles":["ConversationManager","history management"],"fullName":"ConversationManager history management should push multiple messages at once","status":"passed","title":"should push multiple messages at once","duration":1.016300000000001,"failureMessages":[],"meta":{},"tags":[]},{"ancestorTitles":["ConversationManager","history management"],"fullName":"ConversationManager history management should replace entire history","status":"passed","title":"should replace entire history","duration":0.8652999999999338,"failureMessages":[],"meta":{},"tags":[]},{"ancestorTitles":["ConversationManager","history management"],"fullName":"ConversationManager history management should set history","status":"passed","title":"should set history","duration":0.41689999999994143,"failureMessages":[],"meta":{},"tags":[]},{"ancestorTitles":["ConversationManager","token usage tracking"],"fullName":"ConversationManager token usage tracking should initialize with zero tokens","status":"passed","title":"should initialize with zero tokens","duration":0.5117999999999938,"failureMessages":[],"meta":{},"tags":[]},{"ancestorTitles":["ConversationManager","token usage tracking"],"fullName":"ConversationManager token usage tracking should accumulate token usage","status":"passed","title":"should accumulate token usage","duration":0.3912000000000262,"failureMessages":[],"meta":{},"tags":[]},{"ancestorTitles":["ConversationManager","token usage tracking"],"fullName":"ConversationManager token usage tracking should reset token usage","status":"passed","title":"should reset token usage","duration":0.3929000000000542,"failureMessages":[],"meta":{},"tags":[]},{"ancestorTitles":["ConversationManager","token usage tracking"],"fullName":"ConversationManager token usage tracking should return copy of token usage (not reference)","status":"passed","title":"should return copy of token usage (not reference)","duration":0.3832999999999629,"failureMessages":[],"meta":{},"tags":[]},{"ancestorTitles":["ConversationManager","checkpoints"],"fullName":"ConversationManager checkpoints should save checkpoint","status":"passed","title":"should save checkpoint","duration":0.7603999999998905,"failureMessages":[],"meta":{},"tags":[]},{"ancestorTitles":["ConversationManager","checkpoints"],"fullName":"ConversationManager checkpoints should restore from checkpoint","status":"passed","title":"should restore from checkpoint","duration":0.5700999999999112,"failureMessages":[],"meta":{},"tags":[]},{"ancestorTitles":["ConversationManager","checkpoints"],"fullName":"ConversationManager checkpoints should limit checkpoint count","status":"passed","title":"should limit checkpoint count","duration":0.9592000000000098,"failureMessages":[],"meta":{},"tags":[]},{"ancestorTitles":["ConversationManager","checkpoints"],"fullName":"ConversationManager checkpoints should discard oldest checkpoints when limit exceeded","status":"passed","title":"should discard oldest checkpoints when limit exceeded","duration":1.3048999999998614,"failureMessages":[],"meta":{},"tags":[]},{"ancestorTitles":["ConversationManager","checkpoints"],"fullName":"ConversationManager checkpoints should return false when restoring with no checkpoints","status":"passed","title":"should return false when restoring with no checkpoints","duration":0.4998000000000502,"failureMessages":[],"meta":{},"tags":[]},{"ancestorTitles":["ConversationManager","message conversion"],"fullName":"ConversationManager message conversion should convert internal to external format","status":"passed","title":"should convert internal to external format","duration":4.506700000000137,"failureMessages":[],"meta":{},"tags":[]},{"ancestorTitles":["ConversationManager","message conversion"],"fullName":"ConversationManager message conversion should handle structured content blocks","status":"passed","title":"should handle structured content blocks","duration":0.9436999999998079,"failureMessages":[],"meta":{},"tags":[]},{"ancestorTitles":["ConversationManager","message conversion"],"fullName":"ConversationManager message conversion should load messages from external format","status":"passed","title":"should load messages from external format","duration":0.5723000000000411,"failureMessages":[],"meta":{},"tags":[]},{"ancestorTitles":["ConversationManager","anti-repetition detection"],"fullName":"ConversationManager anti-repetition detection should detect exact repetition","status":"passed","title":"should detect exact repetition","duration":0.4855000000000018,"failureMessages":[],"meta":{},"tags":[]},{"ancestorTitles":["ConversationManager","anti-repetition detection"],"fullName":"ConversationManager anti-repetition detection should detect fuzzy repetition","status":"passed","title":"should detect fuzzy repetition","duration":0.29169999999999163,"failureMessages":[],"meta":{},"tags":[]},{"ancestorTitles":["ConversationManager","anti-repetition detection"],"fullName":"ConversationManager anti-repetition detection should not flag different messages as repeats","status":"passed","title":"should not flag different messages as repeats","duration":0.24299999999993815,"failureMessages":[],"meta":{},"tags":[]},{"ancestorTitles":["ConversationManager","anti-repetition detection"],"fullName":"ConversationManager anti-repetition detection should reset repetition counter on different message","status":"passed","title":"should reset repetition counter on different message","duration":0.2438999999999396,"failureMessages":[],"meta":{},"tags":[]},{"ancestorTitles":["ConversationManager","anti-repetition detection"],"fullName":"ConversationManager anti-repetition detection should track recent assistant texts","status":"passed","title":"should track recent assistant texts","duration":1.8411000000000968,"failureMessages":[],"meta":{},"tags":[]},{"ancestorTitles":["ConversationManager","anti-repetition detection"],"fullName":"ConversationManager anti-repetition detection should limit recent texts history","status":"passed","title":"should limit recent texts history","duration":0.5447999999998956,"failureMessages":[],"meta":{},"tags":[]},{"ancestorTitles":["ConversationManager","anti-repetition detection"],"fullName":"ConversationManager anti-repetition detection should compute similarity","status":"passed","title":"should compute similarity","duration":0.7613000000001193,"failureMessages":[],"meta":{},"tags":[]},{"ancestorTitles":["ConversationManager","context summarization"],"fullName":"ConversationManager context summarization should summarize long context","status":"passed","title":"should summarize long context","duration":2.219400000000178,"failureMessages":[],"meta":{},"tags":[]},{"ancestorTitles":["ConversationManager","context summarization"],"fullName":"ConversationManager context summarization should return unchanged for short context","status":"passed","title":"should return unchanged for short context","duration":0.3526999999999134,"failureMessages":[],"meta":{},"tags":[]},{"ancestorTitles":["ConversationManager","context summarization"],"fullName":"ConversationManager context summarization should include key information in summary","status":"passed","title":"should include key information in summary","duration":1.2010999999999967,"failureMessages":[],"meta":{},"tags":[]},{"ancestorTitles":["ConversationManager","context summarization"],"fullName":"ConversationManager context summarization should estimate message tokens","status":"passed","title":"should estimate message tokens","duration":0.41449999999986176,"failureMessages":[],"meta":{},"tags":[]},{"ancestorTitles":["ConversationManager","edge cases"],"fullName":"ConversationManager edge cases should handle empty history gracefully","status":"passed","title":"should handle empty history gracefully","duration":1.7858000000001084,"failureMessages":[],"meta":{},"tags":[]},{"ancestorTitles":["ConversationManager","edge cases"],"fullName":"ConversationManager edge cases should handle restoring when no checkpoints exist","status":"passed","title":"should handle restoring when no checkpoints exist","duration":0.36410000000000764,"failureMessages":[],"meta":{},"tags":[]},{"ancestorTitles":["ConversationManager","edge cases"],"fullName":"ConversationManager edge cases should handle very long messages","status":"passed","title":"should handle very long messages","duration":1.1852000000001226,"failureMessages":[],"meta":{},"tags":[]},{"ancestorTitles":["ConversationManager","edge cases"],"fullName":"ConversationManager edge cases should handle special characters in content","status":"passed","title":"should handle special characters in content","duration":0.6024999999999636,"failureMessages":[],"meta":{},"tags":[]},{"ancestorTitles":["ConversationManager","edge cases"],"fullName":"ConversationManager edge cases should reset all state","status":"passed","title":"should reset all state","duration":0.6082999999998719,"failureMessages":[],"meta":{},"tags":[]},{"ancestorTitles":["ConversationManager","edge cases"],"fullName":"ConversationManager edge cases should clone objects deeply","status":"passed","title":"should clone objects deeply","duration":0.8289999999999509,"failureMessages":[],"meta":{},"tags":[]}],"startTime":1785467694547,"endTime":1785467694584.829,"status":"passed","message":"","name":"C:/Users/Ehua/codeyang/src/agent/ConversationManager.test.ts"},{"assertionResults":[{"ancestorTitles":["LLMClient","createLLMClient"],"fullName":"LLMClient createLLMClient should create Anthropic client by default","status":"passed","title":"should create Anthropic client by default","duration":6.930899999999838,"failureMessages":[],"meta":{},"tags":[]},{"ancestorTitles":["LLMClient","createLLMClient"],"fullName":"LLMClient createLLMClient should create OpenAI client when specified","status":"passed","title":"should create OpenAI client when specified","duration":0.7997000000000298,"failureMessages":[],"meta":{},"tags":[]},{"ancestorTitles":["LLMClient","createLLMClient"],"fullName":"LLMClient createLLMClient should create DeepSeek client when specified","status":"passed","title":"should create DeepSeek client when specified","duration":4.882599999999911,"failureMessages":[],"meta":{},"tags":[]},{"ancestorTitles":["LLMClient","createLLMClient"],"fullName":"LLMClient createLLMClient should throw error if API key is missing","status":"passed","title":"should throw error if API key is missing","duration":1.672099999999773,"failureMessages":[],"meta":{},"tags":[]},{"ancestorTitles":["LLMClient","createLLMClient"],"fullName":"LLMClient createLLMClient should respect custom base URL for OpenAI","status":"passed","title":"should respect custom base URL for OpenAI","duration":0.4998000000000502,"failureMessages":[],"meta":{},"tags":[]},{"ancestorTitles":["LLMClient","message format"],"fullName":"LLMClient message format should accept simple text messages","status":"passed","title":"should accept simple text messages","duration":1.7018000000002758,"failureMessages":[],"meta":{},"tags":[]},{"ancestorTitles":["LLMClient","message format"],"fullName":"LLMClient message format should accept structured content blocks","status":"passed","title":"should accept structured content blocks","duration":0.5916000000001986,"failureMessages":[],"meta":{},"tags":[]},{"ancestorTitles":["LLMClient","message format"],"fullName":"LLMClient message format should accept tool result blocks","status":"passed","title":"should accept tool result blocks","duration":0.8141999999998006,"failureMessages":[],"meta":{},"tags":[]},{"ancestorTitles":["LLMClient","tool schema"],"fullName":"LLMClient tool schema should accept valid tool schema","status":"passed","title":"should accept valid tool schema","duration":2.36220000000003,"failureMessages":[],"meta":{},"tags":[]},{"ancestorTitles":["LLMClient","tool schema"],"fullName":"LLMClient tool schema should support tools without required fields","status":"passed","title":"should support tools without required fields","duration":0.8704999999999927,"failureMessages":[],"meta":{},"tags":[]},{"ancestorTitles":["LLMClient","stream events"],"fullName":"LLMClient stream events should define text_delta event","status":"passed","title":"should define text_delta event","duration":0.4017999999996391,"failureMessages":[],"meta":{},"tags":[]},{"ancestorTitles":["LLMClient","stream events"],"fullName":"LLMClient stream events should define tool_call_start event","status":"passed","title":"should define tool_call_start event","duration":0.35059999999975844,"failureMessages":[],"meta":{},"tags":[]},{"ancestorTitles":["LLMClient","stream events"],"fullName":"LLMClient stream events should define tool_call_delta event","status":"passed","title":"should define tool_call_delta event","duration":0.3896999999997206,"failureMessages":[],"meta":{},"tags":[]},{"ancestorTitles":["LLMClient","stream events"],"fullName":"LLMClient stream events should define tool_call_end event","status":"passed","title":"should define tool_call_end event","duration":0.2062999999998283,"failureMessages":[],"meta":{},"tags":[]},{"ancestorTitles":["LLMClient","stream events"],"fullName":"LLMClient stream events should define usage event","status":"passed","title":"should define usage event","duration":0.2925999999997657,"failureMessages":[],"meta":{},"tags":[]},{"ancestorTitles":["LLMClient","provider detection"],"fullName":"LLMClient provider detection should detect Anthropic from model name","status":"passed","title":"should detect Anthropic from model name","duration":0.26350000000002183,"failureMessages":[],"meta":{},"tags":[]},{"ancestorTitles":["LLMClient","provider detection"],"fullName":"LLMClient provider detection should detect OpenAI from model name","status":"passed","title":"should detect OpenAI from model name","duration":0.2003999999997177,"failureMessages":[],"meta":{},"tags":[]},{"ancestorTitles":["LLMClient","provider detection"],"fullName":"LLMClient provider detection should detect DeepSeek from model name","status":"passed","title":"should detect DeepSeek from model name","duration":0.19529999999986103,"failureMessages":[],"meta":{},"tags":[]},{"ancestorTitles":["LLMClient","error handling"],"fullName":"LLMClient error handling should handle rate limit errors with retry logic","status":"passed","title":"should handle rate limit errors with retry logic","duration":15.07529999999997,"failureMessages":[],"meta":{},"tags":[]},{"ancestorTitles":["LLMClient","error handling"],"fullName":"LLMClient error handling should handle network timeouts","status":"passed","title":"should handle network timeouts","duration":14.13299999999981,"failureMessages":[],"meta":{},"tags":[]},{"ancestorTitles":["LLMClient","error handling"],"fullName":"LLMClient error handling should handle connection reset errors","status":"passed","title":"should handle connection reset errors","duration":0.5756000000001222,"failureMessages":[],"meta":{},"tags":[]},{"ancestorTitles":["LLMClient","error handling"],"fullName":"LLMClient error handling should handle upstream errors","status":"passed","title":"should handle upstream errors","duration":0.2972999999997228,"failureMessages":[],"meta":{},"tags":[]},{"ancestorTitles":["LLMClient","token estimation"],"fullName":"LLMClient token estimation should estimate tokens for simple text","status":"passed","title":"should estimate tokens for simple text","duration":1.9778000000001157,"failureMessages":[],"meta":{},"tags":[]},{"ancestorTitles":["LLMClient","token estimation"],"fullName":"LLMClient token estimation should estimate tokens for longer text","status":"passed","title":"should estimate tokens for longer text","duration":0.24990000000025248,"failureMessages":[],"meta":{},"tags":[]},{"ancestorTitles":["LLMClient","token estimation"],"fullName":"LLMClient token estimation should handle empty text","status":"passed","title":"should handle empty text","duration":0.18650000000025102,"failureMessages":[],"meta":{},"tags":[]},{"ancestorTitles":["LLMClient","retry logic"],"fullName":"LLMClient retry logic should identify retryable error patterns","status":"passed","title":"should identify retryable error patterns","duration":0.711399999999685,"failureMessages":[],"meta":{},"tags":[]},{"ancestorTitles":["LLMClient","retry logic"],"fullName":"LLMClient retry logic should not retry on non-retryable errors","status":"passed","title":"should not retry on non-retryable errors","duration":0.2992999999996755,"failureMessages":[],"meta":{},"tags":[]},{"ancestorTitles":["LLMClient","retry logic"],"fullName":"LLMClient retry logic should use exponential backoff","status":"passed","title":"should use exponential backoff","duration":1.8572999999996682,"failureMessages":[],"meta":{},"tags":[]},{"ancestorTitles":["LLMClient","retry logic"],"fullName":"LLMClient retry logic should cap delay at maximum","status":"passed","title":"should cap delay at maximum","duration":0.33019999999987704,"failureMessages":[],"meta":{},"tags":[]},{"ancestorTitles":["LLMClient","integration scenarios"],"fullName":"LLMClient integration scenarios should handle complete conversation flow","status":"passed","title":"should handle complete conversation flow","duration":0.5390000000002146,"failureMessages":[],"meta":{},"tags":[]},{"ancestorTitles":["LLMClient","integration scenarios"],"fullName":"LLMClient integration scenarios should handle error tool results","status":"passed","title":"should handle error tool results","duration":0.2197000000001026,"failureMessages":[],"meta":{},"tags":[]},{"ancestorTitles":["LLMClient","integration scenarios"],"fullName":"LLMClient integration scenarios should handle multiple tool calls in sequence","status":"passed","title":"should handle multiple tool calls in sequence","duration":0.4351000000001477,"failureMessages":[],"meta":{},"tags":[]},{"ancestorTitles":["LLMClient","edge cases"],"fullName":"LLMClient edge cases should handle empty content array","status":"passed","title":"should handle empty content array","duration":0.3526999999999134,"failureMessages":[],"meta":{},"tags":[]},{"ancestorTitles":["LLMClient","edge cases"],"fullName":"LLMClient edge cases should handle very long tool input","status":"passed","title":"should handle very long tool input","duration":0.5573999999996886,"failureMessages":[],"meta":{},"tags":[]},{"ancestorTitles":["LLMClient","edge cases"],"fullName":"LLMClient edge cases should handle special characters in tool names","status":"passed","title":"should handle special characters in tool names","duration":0.4513999999999214,"failureMessages":[],"meta":{},"tags":[]},{"ancestorTitles":["LLMClient","edge cases"],"fullName":"LLMClient edge cases should handle empty tool schema properties","status":"passed","title":"should handle empty tool schema properties","duration":0.8429000000000997,"failureMessages":[],"meta":{},"tags":[]}],"startTime":1785467693993,"endTime":1785467694061.843,"status":"passed","message":"","name":"C:/Users/Ehua/codeyang/src/agent/LLMClient.test.ts"},{"assertionResults":[{"ancestorTitles":["Bridge Module"],"fullName":"Bridge Module should export expected functions","status":"passed","title":"should export expected functions","duration":274.68399999999997,"failureMessages":[],"meta":{},"tags":[]},{"ancestorTitles":["Bridge Module"],"fullName":"Bridge Module should export expected types","status":"passed","title":"should export expected types","duration":2.1549999999999727,"failureMessages":[],"meta":{},"tags":[]}],"startTime":1785467688091,"endTime":1785467688368.155,"status":"passed","message":"","name":"C:/Users/Ehua/codeyang/src/bridge/bridge.test.ts"},{"assertionResults":[{"ancestorTitles":["WatcherSystem"],"fullName":"WatcherSystem starts inactive","status":"passed","title":"starts inactive","duration":5.009599999999864,"failureMessages":[],"meta":{},"tags":[]},{"ancestorTitles":["WatcherSystem"],"fullName":"WatcherSystem adds and removes rules","status":"passed","title":"adds and removes rules","duration":1.5308999999999742,"failureMessages":[],"meta":{},"tags":[]},{"ancestorTitles":["WatcherSystem"],"fullName":"WatcherSystem exposes active rules","status":"passed","title":"exposes active rules","duration":2.4442999999998847,"failureMessages":[],"meta":{},"tags":[]},{"ancestorTitles":["WatcherSystem"],"fullName":"WatcherSystem triggers post-tool rules","status":"passed","title":"triggers post-tool rules","duration":1.5190999999999804,"failureMessages":[],"meta":{},"tags":[]},{"ancestorTitles":["WatcherSystem"],"fullName":"WatcherSystem respects condition filter on post-tool","status":"passed","title":"respects condition filter on post-tool","duration":0.9619000000000142,"failureMessages":[],"meta":{},"tags":[]},{"ancestorTitles":["WatcherSystem"],"fullName":"WatcherSystem can start and stop","status":"passed","title":"can start and stop","duration":7.929300000000012,"failureMessages":[],"meta":{},"tags":[]},{"ancestorTitles":["WatcherSystem"],"fullName":"WatcherSystem does not double-start","status":"passed","title":"does not double-start","duration":1.4401000000000295,"failureMessages":[],"meta":{},"tags":[]},{"ancestorTitles":["VerificationPipeline"],"fullName":"VerificationPipeline returns empty results for non-TS files","status":"passed","title":"returns empty results for non-TS files","duration":14.783400000000029,"failureMessages":[],"meta":{},"tags":[]},{"ancestorTitles":["VerificationPipeline"],"fullName":"VerificationPipeline formatSummary shows all passed","status":"passed","title":"formatSummary shows all passed","duration":3.532699999999977,"failureMessages":[],"meta":{},"tags":[]},{"ancestorTitles":["VerificationPipeline"],"fullName":"VerificationPipeline formatSummary shows failed checks","status":"passed","title":"formatSummary shows failed checks","duration":1.609000000000151,"failureMessages":[],"meta":{},"tags":[]},{"ancestorTitles":["VerificationPipeline"],"fullName":"VerificationPipeline setMaxFixIterations clamps to valid range","status":"passed","title":"setMaxFixIterations clamps to valid range","duration":6.20860000000016,"failureMessages":[],"meta":{},"tags":[]},{"ancestorTitles":["VerificationPipeline"],"fullName":"VerificationPipeline runBatch returns results for TS files only","status":"passed","title":"runBatch returns results for TS files only","duration":10554.0604,"failureMessages":[],"meta":{},"tags":[]},{"ancestorTitles":["FeedbackInjector"],"fullName":"FeedbackInjector starts with no pending feedback","status":"passed","title":"starts with no pending feedback","duration":1.0019999999985885,"failureMessages":[],"meta":{},"tags":[]},{"ancestorTitles":["FeedbackInjector"],"fullName":"FeedbackInjector pushes and drains feedback","status":"passed","title":"pushes and drains feedback","duration":1.2150000000001455,"failureMessages":[],"meta":{},"tags":[]},{"ancestorTitles":["FeedbackInjector"],"fullName":"FeedbackInjector drain is idempotent (double drain yields empty)","status":"passed","title":"drain is idempotent (double drain yields empty)","duration":0.4205999999994674,"failureMessages":[],"meta":{},"tags":[]},{"ancestorTitles":["FeedbackInjector"],"fullName":"FeedbackInjector injectIntoHistory adds user message with summaries","status":"passed","title":"injectIntoHistory adds user message with summaries","duration":0.8426999999992404,"failureMessages":[],"meta":{},"tags":[]},{"ancestorTitles":["FeedbackInjector"],"fullName":"FeedbackInjector injectIntoHistory is a no-op when no pending feedback","status":"passed","title":"injectIntoHistory is a no-op when no pending feedback","duration":0.7790999999997439,"failureMessages":[],"meta":{},"tags":[]},{"ancestorTitles":["FeedbackInjector"],"fullName":"FeedbackInjector formats auto-verify summary correctly","status":"passed","title":"formats auto-verify summary correctly","duration":0.26009999999951106,"failureMessages":[],"meta":{},"tags":[]}],"startTime":1785467669786,"endTime":1785467680394.26,"status":"passed","message":"","name":"C:/Users/Ehua/codeyang/src/closed-loop/closed-loop.test.ts"},{"assertionResults":[{"ancestorTitles":["EmbeddingService"],"fullName":"EmbeddingService should create singleton instance","status":"passed","title":"should create singleton instance","duration":26.345599999999877,"failureMessages":[],"meta":{},"tags":[]},{"ancestorTitles":["EmbeddingService"],"fullName":"EmbeddingService should generate pseudo-embeddings as fallback","status":"passed","title":"should generate pseudo-embeddings as fallback","duration":162.96939999999995,"failureMessages":[],"meta":{},"tags":[]},{"ancestorTitles":["EmbeddingService"],"fullName":"EmbeddingService should cache embeddings","status":"passed","title":"should cache embeddings","duration":18.667799999999943,"failureMessages":[],"meta":{},"tags":[]},{"ancestorTitles":["EmbeddingService"],"fullName":"EmbeddingService should calculate cosine similarity correctly","status":"passed","title":"should calculate cosine similarity correctly","duration":16.099199999999882,"failureMessages":[],"meta":{},"tags":[]},{"ancestorTitles":["SemanticClassifier"],"fullName":"SemanticClassifier should initialize with type examples","status":"passed","title":"should initialize with type examples","duration":0.8504000000002634,"failureMessages":[],"meta":{},"tags":[]},{"ancestorTitles":["SemanticClassifier"],"fullName":"SemanticClassifier should classify instruction memories","status":"passed","title":"should classify instruction memories","duration":9.574300000000221,"failureMessages":[],"meta":{},"tags":[]},{"ancestorTitles":["SemanticClassifier"],"fullName":"SemanticClassifier should classify preference memories","status":"passed","title":"should classify preference memories","duration":8.844699999999648,"failureMessages":[],"meta":{},"tags":[]},{"ancestorTitles":["SemanticClassifier"],"fullName":"SemanticClassifier should classify fact memories","status":"passed","title":"should classify fact memories","duration":5.437199999999848,"failureMessages":[],"meta":{},"tags":[]},{"ancestorTitles":["SemanticClassifier"],"fullName":"SemanticClassifier should classify context memories","status":"passed","title":"should classify context memories","duration":8.21329999999989,"failureMessages":[],"meta":{},"tags":[]},{"ancestorTitles":["SemanticClassifier"],"fullName":"SemanticClassifier should handle edge cases","status":"passed","title":"should handle edge cases","duration":19.794000000000324,"failureMessages":[],"meta":{},"tags":[]},{"ancestorTitles":["SemanticClassifier"],"fullName":"SemanticClassifier should allow adding custom examples","status":"passed","title":"should allow adding custom examples","duration":6.2651999999998225,"failureMessages":[],"meta":{},"tags":[]},{"ancestorTitles":["SemanticClassifier"],"fullName":"SemanticClassifier should provide confidence scores for all types","status":"passed","title":"should provide confidence scores for all types","duration":6.278099999999995,"failureMessages":[],"meta":{},"tags":[]},{"ancestorTitles":["classifyMemorySemantic helper"],"fullName":"classifyMemorySemantic helper should classify memories using the global classifier","status":"passed","title":"should classify memories using the global classifier","duration":8.629899999999907,"failureMessages":[],"meta":{},"tags":[]},{"ancestorTitles":["Real-world classification scenarios"],"fullName":"Real-world classification scenarios should correctly classify coding standards","status":"passed","title":"should correctly classify coding standards","duration":28.03229999999985,"failureMessages":[],"meta":{},"tags":[]},{"ancestorTitles":["Real-world classification scenarios"],"fullName":"Real-world classification scenarios should correctly classify user preferences","status":"passed","title":"should correctly classify user preferences","duration":25.638800000000174,"failureMessages":[],"meta":{},"tags":[]},{"ancestorTitles":["Real-world classification scenarios"],"fullName":"Real-world classification scenarios should correctly classify technical facts","status":"passed","title":"should correctly classify technical facts","duration":30.01150000000007,"failureMessages":[],"meta":{},"tags":[]},{"ancestorTitles":["Real-world classification scenarios"],"fullName":"Real-world classification scenarios should correctly classify context information","status":"passed","title":"should correctly classify context information","duration":20.46349999999984,"failureMessages":[],"meta":{},"tags":[]}],"startTime":1785467684631,"endTime":1785467685204.4634,"status":"passed","message":"","name":"C:/Users/Ehua/codeyang/src/continual-learning/SemanticClassifier.test.ts"},{"assertionResults":[{"ancestorTitles":["E2E: Multi-turn File Workflow"],"fullName":"E2E: Multi-turn File Workflow should create, read, and edit a file across multiple turns","status":"passed","title":"should create, read, and edit a file across multiple turns","duration":62.10370000000057,"failureMessages":[],"meta":{},"tags":[]},{"ancestorTitles":["E2E: Multi-turn File Workflow"],"fullName":"E2E: Multi-turn File Workflow should search across multiple files","status":"passed","title":"should search across multiple files","duration":419.4400000000005,"failureMessages":[],"meta":{},"tags":[]},{"ancestorTitles":["E2E: Git Workflow"],"fullName":"E2E: Git Workflow should create branch, make changes, and verify commit","status":"passed","title":"should create branch, make changes, and verify commit","duration":1442.7722999999987,"failureMessages":[],"meta":{},"tags":[]},{"ancestorTitles":["E2E: Error Recovery"],"fullName":"E2E: Error Recovery should handle file not found gracefully","status":"passed","title":"should handle file not found gracefully","duration":10.534600000000864,"failureMessages":[],"meta":{},"tags":[]},{"ancestorTitles":["E2E: Error Recovery"],"fullName":"E2E: Error Recovery should recover from a failed operation and continue","status":"passed","title":"should recover from a failed operation and continue","duration":16.621800000000803,"failureMessages":[],"meta":{},"tags":[]}],"startTime":1785467680226,"endTime":1785467683416.6218,"status":"passed","message":"","name":"C:/Users/Ehua/codeyang/src/e2e/e2e.test.ts"},{"assertionResults":[{"ancestorTitles":["Gateway","Request handling"],"fullName":"Gateway Request handling should handle b
[...]
[],"meta":{},"tags":[]}],"startTime":1785467685729,"endTime":1785467686190.0195,"status":"passed","message":"","name":"C:/Users/Ehua/codeyang/src/qt/tools/QtProFileTool.test.ts"},{"assertionResults":[{"ancestorTitles":["QtQmlTool","Import detection"],"fullName":"QtQmlTool Import detection detects versioned QtQuick import as warning","status":"passed","title":"detects versioned QtQuick import as warning","duration":30.205499999999915,"failureMessages":[],"meta":{},"tags":[]},{"ancestorTitles":["QtQmlTool","Import detection"],"fullName":"QtQmlTool Import detection detects QtQuick.Controls 1.x as warning (removed in Qt6)","status":"passed","title":"detects QtQuick.Controls 1.x as warning (removed in Qt6)","duration":19.271799999999985,"failureMessages":[],"meta":{},"tags":[]},{"ancestorTitles":["QtQmlTool","Import detection"],"fullName":"QtQmlTool Import detection detects deprecated QtGraphicalEffects import","status":"passed","title":"detects deprecated QtGraphicalEffects import","duration":29.57899999999995,"failureMessages":[],"meta":{},"tags":[]},{"ancestorTitles":["QtQmlTool","Import detection"],"fullName":"QtQmlTool Import detection reports imports section in output","status":"passed","title":"reports imports section in output","duration":49.421499999999924,"failureMessages":[],"meta":{},"tags":[]},{"ancestorTitles":["QtQmlTool","Component detection"],"fullName":"QtQmlTool Component detection lists component types used in QML","status":"passed","title":"lists component types used in QML","duration":48.240800000000036,"failureMessages":[],"meta":{},"tags":[]},{"ancestorTitles":["QtQmlTool","Component detection"],"fullName":"QtQmlTool Component detection reports count for each component type","status":"passed","title":"reports count for each component type","duration":40.00569999999993,"failureMessages":[],"meta":{},"tags":[]},{"ancestorTitles":["QtQmlTool","Anti-pattern detection"],"fullName":"QtQmlTool Anti-pattern detection detects anchors + x property conflict","status":"passed","title":"detects anchors + x property conflict","duration":20.327099999999973,"failureMessages":[],"meta":{},"tags":[]},{"ancestorTitles":["QtQmlTool","Anti-pattern detection"],"fullName":"QtQmlTool Anti-pattern detection detects anchors + x property conflict on same line as y","status":"passed","title":"detects anchors + x property conflict on same line as y","duration":28.61909999999989,"failureMessages":[],"meta":{},"tags":[]},{"ancestorTitles":["QtQmlTool","Anti-pattern detection"],"fullName":"QtQmlTool Anti-pattern detection warns about missing id on top-level component","status":"passed","title":"warns about missing id on top-level component","duration":21.459699999999884,"failureMessages":[],"meta":{},"tags":[]},{"ancestorTitles":["QtQmlTool","Anti-pattern detection"],"fullName":"QtQmlTool Anti-pattern detection does not warn when id is present","status":"passed","title":"does not warn when id is present","duration":19.31970000000001,"failureMessages":[],"meta":{},"tags":[]},{"ancestorTitles":["QtQmlTool","Anti-pattern detection"],"fullName":"QtQmlTool Anti-pattern detection detects deeply nested components (>16 spaces indent)","status":"passed","title":"detects deeply nested components (>16 spaces indent)","duration":20.220299999999952,"failureMessages":[],"meta":{},"tags":[]},{"ancestorTitles":["QtQmlTool","C++ integration detection"],"fullName":"QtQmlTool C++ integration detection detects qmlRegisterType calls in C++ Integration section","status":"passed","title":"detects qmlRegisterType calls in C++ Integration section","duration":31.0154,"failureMessages":[],"meta":{},"tags":[]},{"ancestorTitles":["QtQmlTool","C++ integration detection"],"fullName":"QtQmlTool C++ integration detection detects QML_ELEMENT usage in C++ Integration section","status":"passed","title":"detects QML_ELEMENT usage in C++ Integration section","duration":38.37709999999993,"failureMessages":[],"meta":{},"tags":[]},{"ancestorTitles":["QtQmlTool","File handling"],"fullName":"QtQmlTool File handling reports multiple files in directory","status":"passed","title":"reports multiple files in directory","duration":40.20679999999993,"failureMessages":[],"meta":{},"tags":[]},{"ancestorTitles":["QtQmlTool","File handling"],"fullName":"QtQmlTool File handling reports total line count","status":"passed","title":"reports total line count","duration":58.24000000000001,"failureMessages":[],"meta":{},"tags":[]},{"ancestorTitles":["QtQmlTool","File handling"],"fullName":"QtQmlTool File handling handles empty QML directory gracefully","status":"passed","title":"handles empty QML directory gracefully","duration":10.134700000000066,"failureMessages":[],"meta":{},"tags":[]},{"ancestorTitles":["QtQmlTool","File handling"],"fullName":"QtQmlTool File handling handles non-existent directory gracefully","status":"passed","title":"handles non-existent directory gracefully","duration":30.11909999999989,"failureMessages":[],"meta":{},"tags":[]},{"ancestorTitles":["QtQmlTool","File handling"],"fullName":"QtQmlTool File handling skips non-QML files","status":"passed","title":"skips non-QML files","duration":39.970600000000104,"failureMessages":[],"meta":{},"tags":[]},{"ancestorTitles":["QtQmlTool","File handling"],"fullName":"QtQmlTool File handling processes .qml files in subdirectories","status":"passed","title":"processes .qml files in subdirectories","duration":48.59269999999992,"failureMessages":[],"meta":{},"tags":[]},{"ancestorTitles":["QtQmlTool","File handling"],"fullName":"QtQmlTool File handling reports file path relative to cwd","status":"passed","title":"reports file path relative to cwd","duration":18.804799999999886,"failureMessages":[],"meta":{},"tags":[]},{"ancestorTitles":["QtQmlTool","Warning and info summary"],"fullName":"QtQmlTool Warning and info summary includes summary with warning/info counts","status":"passed","title":"includes summary with warning/info counts","duration":37.4543000000001,"failureMessages":[],"meta":{},"tags":[]},{"ancestorTitles":["QtQmlTool","Warning and info summary"],"fullName":"QtQmlTool Warning and info summary marks versioned imports with ⚠ icon","status":"passed","title":"marks versioned imports with ⚠ icon","duration":72.13049999999998,"failureMessages":[],"meta":{},"tags":[]}],"startTime":1785467683270,"endTime":1785467684026.1306,"status":"passed","message":"","name":"C:/Users/Ehua/codeyang/src/qt/tools/QtQmlTool.test.ts"},{"assertionResults":[{"ancestorTitles":["Tool Definitions","core.def.ts"],"fullName":"Tool Definitions core.def.ts should export a definitions array","status":"passed","title":"should export a definitions array","duration":301.1915,"failureMessages":[],"meta":{},"tags":[]},{"ancestorTitles":["Tool Definitions","core.def.ts"],"fullName":"Tool Definitions core.def.ts each definition should have required fields","status":"passed","title":"each definition should have required fields","duration":4.331199999999853,"failureMessages":[],"meta":{},"tags":[]},{"ancestorTitles":["Tool Definitions","core.def.ts"],"fullName":"Tool Definitions core.def.ts each execute function should return a string","status":"passed","title":"each execute function should return a string","duration":3.6252999999999247,"failureMessages":[],"meta":{},"tags":[]},{"ancestorTitles":["Tool Definitions","filesystem.def.ts"],"fullName":"Tool Definitions filesystem.def.ts should export a definitions array","status":"passed","title":"should export a definitions array","duration":231.3333,"failureMessages":[],"meta":{},"tags":[]},{"ancestorTitles":["Tool Definitions","filesystem.def.ts"],"fullName":"Tool Definitions filesystem.def.ts each definition should have required fields","status":"passed","title":"each definition should have required fields","duration":2.287399999999934,"failureMessages":[],"meta":{},"tags":[]},{"ancestorTitles":["Tool Definitions","filesystem.def.ts"],"fullName":"Tool Definitions filesystem.def.ts each execute function should return a string","status":"passed","title":"each execute function should return a string","duration":20.017100000000028,"failureMessages":[],"meta":{},"tags":[]},{"ancestorTitles":["Tool Definitions","git.def.ts"],"fullName":"Tool Definitions git.def.ts should export a definitions array","status":"passed","title":"should export a definitions array","duration":38.99430000000007,"failureMessages":[],"meta":{},"tags":[]},{"ancestorTitles":["Tool Definitions","git.def.ts"],"fullName":"Tool Definitions git.def.ts each definition should have required fields","status":"passed","title":"each definition should have required fields","duration":5.45900000000006,"failureMessages":[],"meta":{},"tags":[]},{"ancestorTitles":["Tool Definitions","git.def.ts"],"fullName":"Tool Definitions git.def.ts each execute function should return a string","status":"passed","title":"each execute function should return a string","duration":2.7019000000000233,"failureMessages":[],"meta":{},"tags":[]},{"ancestorTitles":["Tool Definitions","data.def.ts"],"fullName":"Tool Definitions data.def.ts should export a definitions array","status":"passed","title":"should export a definitions array","duration":574.7049999999999,"failureMessages":[],"meta":{},"tags":[]},{"ancestorTitles":["Tool Definitions","data.def.ts"],"fullName":"Tool Definitions data.def.ts each definition should have required fields","status":"passed","title":"each definition should have required fields","duration":2.833499999999958,"failureMessages":[],"meta":{},"tags":[]},{"ancestorTitles":["Tool Definitions","data.def.ts"],"fullName":"Tool Definitions data.def.ts each execute function should return a string","status":"passed","title":"each execute function should return a string","duration":18.57159999999999,"failureMessages":[],"meta":{},"tags":[]},{"ancestorTitles":["Tool Definitions","network.def.ts"],"fullName":"Tool Definitions network.def.ts should export a definitions array","status":"passed","title":"should export a definitions array","duration":648.7595000000001,"failureMessages":[],"meta":{},"tags":[]},{"ancestorTitles":["Tool Definitions","network.def.ts"],"fullName":"Tool Definitions network.def.ts each definition should have required fields","status":"passed","title":"each definition should have required fields","duration":1.871599999999944,"failureMessages":[],"meta":{},"tags":[]},{"ancestorTitles":["Tool Definitions","network.def.ts"],"fullName":"Tool Definitions network.def.ts each execute function should return a string","status":"passed","title":"each execute function should return a string","duration":4.821899999999914,"failureMessages":[],"meta":{},"tags":[]},{"ancestorTitles":["Tool Definitions","code.def.ts"],"fullName":"Tool Definitions code.def.ts should export a definitions array","status":"passed","title":"should export a definitions array","duration":1850.2654000000002,"failureMessages":[],"meta":{},"tags":[]},{"ancestorTitles":["Tool Definitions","code.def.ts"],"fullName":"Tool Definitions code.def.ts each definition should have required fields","status":"passed","title":"each definition should have required fields","duration":3.189400000000205,"failureMessages":[],"meta":{},"tags":[]},{"ancestorTitles":["Tool Definitions","code.def.ts"],"fullName":"Tool Definitions code.def.ts each execute function should return a string","status":"passed","title":"each execute function should return a string","duration":99.83529999999973,"failureMessages":[],"meta":{},"tags":[]},{"ancestorTitles":["Tool Definitions","search.def.ts"],"fullName":"Tool Definitions search.def.ts should export a definitions array","status":"passed","title":"should export a definitions array","duration":18.035100000000057,"failureMessages":[],"meta":{},"tags":[]},{"ancestorTitles":["Tool Definitions","search.def.ts"],"fullName":"Tool Definitions search.def.ts each definition should have required fields","status":"passed","title":"each definition should have required fields","duration":0.8164999999999054,"failureMessages":[],"meta":{},"tags":[]},{"ancestorTitles":["Tool Definitions","search.def.ts"],"fullName":"Tool Definitions search.def.ts each execute function should return a string","status":"passed","title":"each execute function should return a string","duration":642.4438,"failureMessages":[],"meta":{},"tags":[]},{"ancestorTitles":["Tool Definitions","search-web.def.ts"],"fullName":"Tool Definitions search-web.def.ts should export a definitions array","status":"passed","title":"should export a definitions array","duration":19.941399999999703,"failureMessages":[],"meta":{},"tags":[]},{"ancestorTitles":["Tool Definitions","search-web.def.ts"],"fullName":"Tool Definitions search-web.def.ts each definition should have required fields","status":"passed","title":"each definition should have required fields","duration":0.48259999999936554,"failureMessages":[],"meta":{},"tags":[]},{"ancestorTitles":["Tool Definitions","search-web.def.ts"],"fullName":"Tool Definitions search-web.def.ts each execute function should return a string","status":"passed","title":"each execute function should return a string","duration":0.34099999999943975,"failureMessages":[],"meta":{},"tags":[]},{"ancestorTitles":["Tool Definitions","shell.def.ts"],"fullName":"Tool Definitions shell.def.ts should export a definitions array","status":"passed","title":"should export a definitions array","duration":7.08849999999984,"failureMessages":[],"meta":{},"tags":[]},{"ancestorTitles":["Tool Definitions","shell.def.ts"],"fullName":"Tool Definitions shell.def.ts each definition should have required fields","status":"passed","title":"each definition should have required fields","duration":0.5741999999991094,"failureMessages":[],"meta":{},"tags":[]},{"ancestorTitles":["Tool Definitions","shell.def.ts"],"fullName":"Tool Definitions shell.def.ts each execute function should return a string","status":"passed","title":"each execute function should return a string","duration":0.5342000000000553,"failureMessages":[],"meta":{},"tags":[]},{"ancestorTitles":["Tool Definitions","memory.def.ts"],"fullName":"Tool Definitions memory.def.ts should export a definitions array","status":"passed","title":"should export a definitions array","duration":15.66319999999996,"failureMessages":[],"meta":{},"tags":[]},{"ancestorTitles":["Tool Definitions","memory.def.ts"],"fullName":"Tool Definitions memory.def.ts each definition should have required fields","status":"passed","title":"each definition should have required fields","duration":1.2107999999998356,"failureMessages":[],"meta":{},"tags":[]},{"ancestorTitles":["Tool Definitions","memory.def.ts"],"fullName":"Tool Definitions memory.def.ts each execute function should return a string","status":"passed","title":"each execute function should return a string","duration":70.01749999999993,"failureMessages":[],"meta":{},"tags":[]},{"ancestorTitles":["Tool Definitions","image.def.ts"],"fullName":"Tool Definitions image.def.ts should export a definitions array","status":"passed","title":"should export a definitions array","duration":3.5087000000003172,"failureMessages":[],"meta":{},"tags":[]},{"ancestorTitles":["Tool Definitions","image.def.ts"],"fullName":"Tool Definitions image.def.ts each definition should have required fields","status":"passed","title":"each definition should have required fields","duration":1.2192000000004555,"failureMessages":[],"meta":{},"tags":[]},{"ancestorTitles":["Tool Definitions","image.def.ts"],"fullName":"Tool Definitions image.def.ts each execute function should return a string","status":"passed","title":"each execute function should return a string","duration":7.094000000000051,"failureMessages":[],"meta":{},"tags":[]},{"ancestorTitles":["Tool Definitions","plan.def.ts"],"fullName":"Tool Definitions plan.def.ts should export a definitions array","status":"passed","title":"should export a definitions array","duration":5.2862999999997555,"failureMessages":[],"meta":{},"tags":[]},{"ancestorTitles":["Tool Definitions","plan.def.ts"],"fullName":"Tool Definitions plan.def.ts each definition should have required fields","status":"passed","title":"each definition should have required fields","duration":1.23700000000008,"failureMessages":[],"meta":{},"tags":[]},{"ancestorTitles":["Tool Definitions","plan.def.ts"],"fullName":"Tool Definitions plan.def.ts each execute function should return a string","status":"passed","title":"each execute function should return a string","duration":0.793999999999869,"failureMessages":[],"meta":{},"tags":[]},{"ancestorTitles":["Tool Definitions","agent.def.ts"],"fullName":"Tool Definitions agent.def.ts should export a definitions array","status":"passed","title":"should export a definitions array","duration":1174.4868000000006,"failureMessages":[],"meta":{},"tags":[]},{"ancestorTitles":["Tool Definitions","agent.def.ts"],"fullName":"Tool Definitions agent.def.ts each definition should have required fields","status":"passed","title":"each definition should have required fields","duration":0.8949000000002343,"failureMessages":[],"meta":{},"tags":[]},{"ancestorTitles":["Tool Definitions","agent.def.ts"],"fullName":"Tool Definitions agent.def.ts each execute function should return a string","status":"passed","title":"each execute function should return a string","duration":3.115000000000691,"failureMessages":[],"meta":{},"tags":[]},{"ancestorTitles":["Tool Definitions","task.def.ts"],"fullName":"Tool Definitions task.def.ts should export a definitions array","status":"passed","title":"should export a definitions array","duration":24.74699999999939,"failureMessages":[],"meta":{},"tags":[]},{"ancestorTitles":["Tool Definitions","task.def.ts"],"fullName":"Tool Definitions task.def.ts each definition should have required fields","status":"passed","title":"each definition should have required fields","duration":1.5411000000003696,"failureMessages":[],"meta":{},"tags":[]},{"ancestorTitles":["Tool Definitions","task.def.ts"],"fullName":"Tool Definitions task.def.ts each execute function should return a string","status":"passed","title":"each execute function should return a string","duration":17.11779999999999,"failureMessages":[],"meta":{},"tags":[]},{"ancestorTitles":["Tool Definitions","query.def.ts"],"fullName":"Tool Definitions query.def.ts should export a definitions array","status":"passed","title":"should export a definitions array","duration":1111.3631999999998,"failureMessages":[],"meta":{},"tags":[]},{"ancestorTitles":["Tool Definitions","query.def.ts"],"fullName":"Tool Definitions query.def.ts each definition should have required fields","status":"passed","title":"each definition should have required fields","duration":5.149199999999837,"failureMessages":[],"meta":{},"tags":[]},{"ancestorTitles":["Tool Definitions","query.def.ts"],"fullName":"Tool Definitions query.def.ts each execute function should return a string","status":"passed","title":"each execute function should return a string","duration":2181.6973000000007,"failureMessages":[],"meta":{},"tags":[]},{"ancestorTitles":["Tool Definitions","github.def.ts"],"fullName":"Tool Definitions github.def.ts should export a definitions array","status":"passed","title":"should export a definitions array","duration":26.89350000000013,"failureMessages":[],"meta":{},"tags":[]},{"ancestorTitles":["Tool Definitions","github.def.ts"],"fullName":"Tool Definitions github.def.ts each definition should have required fields","status":"passed","title":"each definition should have required fields","duration":1.0969000000004598,"failureMessages":[],"meta":{},"tags":[]},{"ancestorTitles":["Tool Definitions","github.def.ts"],"fullName":"Tool Definitions github.def.ts each execute function should return a string","status":"passed","title":"each execute function should return a string","duration":0.7006000000001222,"failureMessages":[],"meta":{},"tags":[]}],"startTime":1785467669268,"endTime":1785467678435.7007,"status":"passed","message":"","name":"C:/Users/Ehua/codeyang/src/tools/definitions/definitions.test.ts"}]}