{"G:\\codeyang\\src\\agent\\Agent.ts": {"path":"G:\\codeyang\\src\\agent\\Agent.ts","all":false,"statementMap":{"16":{"start":{"line":17,"column":0},"end":{"line":17,"column":37}},"17":{"start":{"line":18,"column":0},"end":{"line":18,"column":67}},"19":{"start":{"line":20,"column":0},"end":{"line":20,"column":82}},"20":{"start":{"line":21,"column":0},"end":{"line":21,"column":44}},"22":{"start":{"line":23,"column":0},"end":{"line":23,"column":70}},"24":{"start":{"line":25,"column":0},"end":{"line":25,"column":79}},"25":{"start":{"line":26,"column":0},"end":{"line":26,"column":77}},"26":{"start":{"line":27,"column":0},"end":{"line":27,"column":48}},"27":{"start":{"line":28,"column":0},"end":{"line":28,"column":58}},"28":{"start":{"line":29,"column":0},"end":{"line":29,"column":87}},"29":{"start":{"line":30,"column":0},"end":{"line":30,"column":73}},"30":{"start":{"line":31,"column":0},"end":{"line":31,"column":45}},"31":{"start":{"line":32,"column":0},"end":{"line":32,"column":94}},"32":{"start":{"line":33,"column":0},"end":{"line":33,"column":46}},"33":{"start":{"line":34,"column":0},"end":{"line":34,"column":60}},"34":{"start":{"line":35,"column":0},"end":{"line":35,"column":63}},"35":{"start":{"line":36,"column":0},"end":{"line":36,"column":59}},"36":{"start":{"line":37,"column":0},"end":{"line":37,"column":73}},"37":{"start":{"line":38,"column":0},"end":{"line":38,"column":58}},"38":{"start":{"line":39,"column":0},"end":{"line":39,"column":72}},"44":{"start":{"line":45,"column":0},"end":{"line":45,"column":105}},"45":{"start":{"line":46,"column":0},"end":{"line":46,"column":34}},"68":{"start":{"line":69,"column":0},"end":{"line":69,"column":20}},"70":{"start":{"line":71,"column":0},"end":{"line":71,"column":28}},"71":{"start":{"line":72,"column":0},"end":{"line":72,"column":35}},"72":{"start":{"line":73,"column":0},"end":{"line":73,"column":29}},"75":{"start":{"line":76,"column":0},"end":{"line":76,"column":57}},"78":{"start":{"line":79,"column":0},"end":{"line":79,"column":42}},"79":{"start":{"line":80,"column":0},"end":{"line":80,"column":42}},"80":{"start":{"line":81,"column":0},"end":{"line":81,"column":37}},"81":{"start":{"line":82,"column":0},"end":{"line":82,"column":51}},"84":{"start":{"line":85,"column":0},"end":{"line":85,"column":67}},"85":{"start":{"line":86,"column":0},"end":{"line":86,"column":52}},"86":{"start":{"line":87,"column":0},"end":{"line":87,"column":47}},"89":{"start":{"line":90,"column":0},"end":{"line":90,"column":43}},"90":{"start":{"line":91,"column":0},"end":{"line":91,"column":41}},"93":{"start":{"line":94,"column":0},"end":{"line":94,"column":27}},"94":{"start":{"line":95,"column":0},"end":{"line":95,"column":41}},"97":{"start":{"line":98,"column":0},"end":{"line":98,"column":35}},"100":{"start":{"line":101,"column":0},"end":{"line":101,"column":35}},"103":{"start":{"line":104,"column":0},"end":{"line":104,"column":25}},"104":{"start":{"line":105,"column":0},"end":{"line":105,"column":30}},"105":{"start":{"line":106,"column":0},"end":{"line":106,"column":55}},"106":{"start":{"line":107,"column":0},"end":{"line":107,"column":27}},"108":{"start":{"line":109,"column":0},"end":{"line":109,"column":46}},"109":{"start":{"line":110,"column":0},"end":{"line":110,"column":82}},"110":{"start":{"line":111,"column":0},"end":{"line":111,"column":65}},"111":{"start":{"line":112,"column":0},"end":{"line":112,"column":47}},"112":{"start":{"line":113,"column":0},"end":{"line":113,"column":47}},"113":{"start":{"line":114,"column":0},"end":{"line":114,"column":47}},"114":{"start":{"line":115,"column":0},"end":{"line":115,"column":64}},"115":{"start":{"line":116,"column":0},"end":{"line":116,"column":45}},"117":{"start":{"line":118,"column":0},"end":{"line":118,"column":101}},"118":{"start":{"line":119,"column":0},"end":{"line":119,"column":68}},"119":{"start":{"line":120,"column":0},"end":{"line":120,"column":43}},"120":{"start":{"line":121,"column":0},"end":{"line":121,"column":57}},"123":{"start":{"line":124,"column":0},"end":{"line":124,"column":39}},"124":{"start":{"line":125,"column":0},"end":{"line":125,"column":61}},"125":{"start":{"line":126,"column":0},"end":{"line":126,"column":49}},"126":{"start":{"line":127,"column":0},"end":{"line":127,"column":76}},"127":{"start":{"line":128,"column":0},"end":{"line":128,"column":77}},"128":{"start":{"line":129,"column":0},"end":{"line":129,"column":81}},"129":{"start":{"line":130,"column":0},"end":{"line":130,"column":68}},"130":{"start":{"line":131,"column":0},"end":{"line":131,"column":77}},"131":{"start":{"line":132,"column":0},"end":{"line":132,"column":74}},"132":{"start":{"line":133,"column":0},"end":{"line":133,"column":7}},"133":{"start":{"line":134,"column":0},"end":{"line":134,"column":50}},"134":{"start":{"line":135,"column":0},"end":{"line":135,"column":26}},"135":{"start":{"line":136,"column":0},"end":{"line":136,"column":29}},"136":{"start":{"line":137,"column":0},"end":{"line":137,"column":34}},"137":{"start":{"line":138,"column":0},"end":{"line":138,"column":7}},"138":{"start":{"line":139,"column":0},"end":{"line":139,"column":55}},"139":{"start":{"line":140,"column":0},"end":{"line":140,"column":27}},"140":{"start":{"line":141,"column":0},"end":{"line":141,"column":29}},"141":{"start":{"line":142,"column":0},"end":{"line":142,"column":34}},"142":{"start":{"line":143,"column":0},"end":{"line":143,"column":7}},"143":{"start":{"line":144,"column":0},"end":{"line":144,"column":41}},"145":{"start":{"line":146,"column":0},"end":{"line":146,"column":63}},"146":{"start":{"line":147,"column":0},"end":{"line":147,"column":79}},"147":{"start":{"line":148,"column":0},"end":{"line":148,"column":3}},"151":{"start":{"line":152,"column":0},"end":{"line":152,"column":51}},"152":{"start":{"line":153,"column":0},"end":{"line":153,"column":27}},"153":{"start":{"line":154,"column":0},"end":{"line":154,"column":3}},"154":{"start":{"line":155,"column":0},"end":{"line":155,"column":72}},"155":{"start":{"line":156,"column":0},"end":{"line":156,"column":41}},"156":{"start":{"line":157,"column":0},"end":{"line":157,"column":3}},"158":{"start":{"line":159,"column":0},"end":{"line":159,"column":34}},"159":{"start":{"line":160,"column":0},"end":{"line":160,"column":46}},"160":{"start":{"line":161,"column":0},"end":{"line":161,"column":3}},"162":{"start":{"line":163,"column":0},"end":{"line":163,"column":29}},"163":{"start":{"line":164,"column":0},"end":{"line":164,"column":23}},"164":{"start":{"line":165,"column":0},"end":{"line":165,"column":3}},"165":{"start":{"line":166,"column":0},"end":{"line":166,"column":41}},"166":{"start":{"line":167,"column":0},"end":{"line":167,"column":32}},"167":{"start":{"line":168,"column":0},"end":{"line":168,"column":3}},"168":{"start":{"line":169,"column":0},"end":{"line":169,"column":25}},"169":{"start":{"line":170,"column":0},"end":{"line":170,"column":24}},"170":{"start":{"line":171,"column":0},"end":{"line":171,"column":3}},"173":{"start":{"line":174,"column":0},"end":{"line":174,"column":23}},"174":{"start":{"line":175,"column":0},"end":{"line":175,"column":23}},"175":{"start":{"line":176,"column":0},"end":{"line":176,"column":3}},"176":{"start":{"line":177,"column":0},"end":{"line":177,"column":53}},"177":{"start":{"line":178,"column":0},"end":{"line":178,"column":38}},"178":{"start":{"line":179,"column":0},"end":{"line":179,"column":3}},"179":{"start":{"line":180,"column":0},"end":{"line":180,"column":25}},"180":{"start":{"line":181,"column":0},"end":{"line":181,"column":24}},"181":{"start":{"line":182,"column":0},"end":{"line":182,"column":3}},"182":{"start":{"line":183,"column":0},"end":{"line":183,"column":31}},"183":{"start":{"line":184,"column":0},"end":{"line":184,"column":31}},"184":{"start":{"line":185,"column":0},"end":{"line":185,"column":3}},"186":{"start":{"line":187,"column":0},"end":{"line":187,"column":47}},"187":{"start":{"line":188,"column":0},"end":{"line":188,"column":61}},"188":{"start":{"line":189,"column":0},"end":{"line":189,"column":44}},"189":{"start":{"line":190,"column":0},"end":{"line":190,"column":21}},"190":{"start":{"line":191,"column":0},"end":{"line":191,"column":22}},"191":{"start":{"line":192,"column":0},"end":{"line":192,"column":9}},"192":{"start":{"line":193,"column":0},"end":{"line":193,"column":71}},"195":{"start":{"line":196,"column":0},"end":{"line":196,"column":55}},"196":{"start":{"line":197,"column":0},"end":{"line":197,"column":50}},"197":{"start":{"line":198,"column":0},"end":{"line":198,"column":50}},"198":{"start":{"line":199,"column":0},"end":{"line":199,"column":83}},"199":{"start":{"line":200,"column":0},"end":{"line":200,"column":7}},"200":{"start":{"line":201,"column":0},"end":{"line":201,"column":19}},"201":{"start":{"line":202,"column":0},"end":{"line":202,"column":97}},"202":{"start":{"line":203,"column":0},"end":{"line":203,"column":5}},"203":{"start":{"line":204,"column":0},"end":{"line":204,"column":12}},"204":{"start":{"line":205,"column":0},"end":{"line":205,"column":16}},"205":{"start":{"line":206,"column":0},"end":{"line":206,"column":41}},"206":{"start":{"line":207,"column":0},"end":{"line":207,"column":36}},"207":{"start":{"line":208,"column":0},"end":{"line":208,"column":64}},"208":{"start":{"line":209,"column":0},"end":{"line":209,"column":8}},"209":{"start":{"line":210,"column":0},"end":{"line":210,"column":71}},"210":{"start":{"line":211,"column":0},"end":{"line":211,"column":21}},"211":{"start":{"line":212,"column":0},"end":{"line":212,"column":23}},"212":{"start":{"line":213,"column":0},"end":{"line":213,"column":35}},"213":{"start":{"line":214,"column":0},"end":{"line":214,"column":33}},"214":{"start":{"line":215,"column":0},"end":{"line":215,"column":31}},"215":{"start":{"line":216,"column":0},"end":{"line":216,"column":33}},"216":{"start":{"line":217,"column":0},"end":{"line":217,"column":10}},"217":{"start":{"line":218,"column":0},"end":{"line":218,"column":66}},"218":{"start":{"line":219,"column":0},"end":{"line":219,"column":6}},"219":{"start":{"line":220,"column":0},"end":{"line":220,"column":3}},"221":{"start":{"line":222,"column":0},"end":{"line":222,"column":50}},"222":{"start":{"line":223,"column":0},"end":{"line":223,"column":59}},"223":{"start":{"line":224,"column":0},"end":{"line":224,"column":68}},"224":{"start":{"line":225,"column":0},"end":{"line":225,"column":28}},"225":{"start":{"line":226,"column":0},"end":{"line":226,"column":69}},"226":{"start":{"line":227,"column":0},"end":{"line":227,"column":54}},"227":{"start":{"line":228,"column":0},"end":{"line":228,"column":12}},"229":{"start":{"line":230,"column":0},"end":{"line":230,"column":43}},"230":{"start":{"line":231,"column":0},"end":{"line":231,"column":82}},"231":{"start":{"line":232,"column":0},"end":{"line":232,"column":18}},"232":{"start":{"line":233,"column":0},"end":{"line":233,"column":90}},"233":{"start":{"line":234,"column":0},"end":{"line":234,"column":21}},"234":{"start":{"line":235,"column":0},"end":{"line":235,"column":36}},"235":{"start":{"line":236,"column":0},"end":{"line":236,"column":60}},"236":{"start":{"line":237,"column":0},"end":{"line":237,"column":23}},"237":{"start":{"line":238,"column":0},"end":{"line":238,"column":10}},"239":{"start":{"line":240,"column":0},"end":{"line":240,"column":12}},"240":{"start":{"line":241,"column":0},"end":{"line":241,"column":67}},"241":{"start":{"line":242,"column":0},"end":{"line":242,"column":44}},"242":{"start":{"line":243,"column":0},"end":{"line":243,"column":52}},"243":{"start":{"line":244,"column":0},"end":{"line":244,"column":18}},"244":{"start":{"line":245,"column":0},"end":{"line":245,"column":42}},"245":{"start":{"line":246,"column":0},"end":{"line":246,"column":46}},"246":{"start":{"line":247,"column":0},"end":{"line":247,"column":28}},"247":{"start":{"line":248,"column":0},"end":{"line":248,"column":44}},"248":{"start":{"line":249,"column":0},"end":{"line":249,"column":8}},"249":{"start":{"line":250,"column":0},"end":{"line":250,"column":16}},"250":{"start":{"line":251,"column":0},"end":{"line":251,"column":40}},"251":{"start":{"line":252,"column":0},"end":{"line":252,"column":58}},"252":{"start":{"line":253,"column":0},"end":{"line":253,"column":54}},"253":{"start":{"line":254,"column":0},"end":{"line":254,"column":8}},"254":{"start":{"line":255,"column":0},"end":{"line":255,"column":18}},"255":{"start":{"line":256,"column":0},"end":{"line":256,"column":22}},"256":{"start":{"line":257,"column":0},"end":{"line":257,"column":40}},"257":{"start":{"line":258,"column":0},"end":{"line":258,"column":108}},"258":{"start":{"line":259,"column":0},"end":{"line":259,"column":8}},"259":{"start":{"line":260,"column":0},"end":{"line":260,"column":6}},"260":{"start":{"line":261,"column":0},"end":{"line":261,"column":3}},"262":{"start":{"line":263,"column":0},"end":{"line":263,"column":37}},"263":{"start":{"line":264,"column":0},"end":{"line":264,"column":19}},"264":{"start":{"line":265,"column":0},"end":{"line":265,"column":3}},"265":{"start":{"line":266,"column":0},"end":{"line":266,"column":28}},"266":{"start":{"line":267,"column":0},"end":{"line":267,"column":36}},"267":{"start":{"line":268,"column":0},"end":{"line":268,"column":3}},"268":{"start":{"line":269,"column":0},"end":{"line":269,"column":66}},"269":{"start":{"line":270,"column":0},"end":{"line":270,"column":45}},"270":{"start":{"line":271,"column":0},"end":{"line":271,"column":3}},"272":{"start":{"line":273,"column":0},"end":{"line":273,"column":28}},"273":{"start":{"line":274,"column":0},"end":{"line":274,"column":46}},"274":{"start":{"line":275,"column":0},"end":{"line":275,"column":61}},"275":{"start":{"line":276,"column":0},"end":{"line":276,"column":3}},"277":{"start":{"line":278,"column":0},"end":{"line":278,"column":32}},"278":{"start":{"line":279,"column":0},"end":{"line":279,"column":64}},"279":{"start":{"line":280,"column":0},"end":{"line":280,"column":34}},"280":{"start":{"line":281,"column":0},"end":{"line":281,"column":58}},"281":{"start":{"line":282,"column":0},"end":{"line":282,"column":16}},"282":{"start":{"line":283,"column":0},"end":{"line":283,"column":3}},"284":{"start":{"line":285,"column":0},"end":{"line":285,"column":33}},"285":{"start":{"line":286,"column":0},"end":{"line":286,"column":57}},"286":{"start":{"line":287,"column":0},"end":{"line":287,"column":3}},"288":{"start":{"line":289,"column":0},"end":{"line":289,"column":11}},"289":{"start":{"line":290,"column":0},"end":{"line":290,"column":40}},"290":{"start":{"line":291,"column":0},"end":{"line":291,"column":40}},"291":{"start":{"line":292,"column":0},"end":{"line":292,"column":33}},"292":{"start":{"line":293,"column":0},"end":{"line":293,"column":68}},"293":{"start":{"line":294,"column":0},"end":{"line":294,"column":38}},"294":{"start":{"line":295,"column":0},"end":{"line":295,"column":3}},"296":{"start":{"line":297,"column":0},"end":{"line":297,"column":34}},"297":{"start":{"line":298,"column":0},"end":{"line":298,"column":45}},"298":{"start":{"line":299,"column":0},"end":{"line":299,"column":3}},"300":{"start":{"line":301,"column":0},"end":{"line":301,"column":20}},"301":{"start":{"line":302,"column":0},"end":{"line":302,"column":39}},"302":{"start":{"line":303,"column":0},"end":{"line":303,"column":3}},"304":{"start":{"line":305,"column":0},"end":{"line":305,"column":24}},"305":{"start":{"line":306,"column":0},"end":{"line":306,"column":59}},"306":{"start":{"line":307,"column":0},"end":{"line":307,"column":3}},"311":{"start":{"line":312,"column":0},"end":{"line":312,"column":18}},"312":{"start":{"line":313,"column":0},"end":{"line":313,"column":31}},"313":{"start":{"line":314,"column":0},"end":{"line":314,"column":35}},"314":{"start":{"line":315,"column":0},"end":{"line":315,"column":34}},"315":{"start":{"line":316,"column":0},"end":{"line":316,"column":54}},"316":{"start":{"line":317,"column":0},"end":{"line":317,"column":5}},"317":{"start":{"line":318,"column":0},"end":{"line":318,"column":3}},"319":{"start":{"line":320,"column":0},"end":{"line":320,"column":29}},"320":{"start":{"line":321,"column":0},"end":{"line":321,"column":41}},"321":{"start":{"line":322,"column":0},"end":{"line":322,"column":3}},"323":{"start":{"line":324,"column":0},"end":{"line":324,"column":35}},"324":{"start":{"line":325,"column":0},"end":{"line":325,"column":50}},"325":{"start":{"line":326,"column":0},"end":{"line":326,"column":3}},"329":{"start":{"line":330,"column":0},"end":{"line":330,"column":68}},"330":{"start":{"line":331,"column":0},"end":{"line":331,"column":56}},"331":{"start":{"line":332,"column":0},"end":{"line":332,"column":3}},"333":{"start":{"line":334,"column":0},"end":{"line":334,"column":91}},"334":{"start":{"line":335,"column":0},"end":{"line":335,"column":44}},"335":{"start":{"line":336,"column":0},"end":{"line":336,"column":3}},"339":{"start":{"line":340,"column":0},"end":{"line":340,"column":44}},"341":{"start":{"line":342,"column":0},"end":{"line":342,"column":55}},"342":{"start":{"line":343,"column":0},"end":{"line":343,"column":20}},"343":{"start":{"line":344,"column":0},"end":{"line":344,"column":29}},"344":{"start":{"line":345,"column":0},"end":{"line":345,"column":48}},"345":{"start":{"line":346,"column":0},"end":{"line":346,"column":38}},"346":{"start":{"line":347,"column":0},"end":{"line":347,"column":7}},"347":{"start":{"line":348,"column":0},"end":{"line":348,"column":70}},"348":{"start":{"line":349,"column":0},"end":{"line":349,"column":35}},"349":{"start":{"line":350,"column":0},"end":{"line":350,"column":93}},"350":{"start":{"line":351,"column":0},"end":{"line":351,"column":5}},"353":{"start":{"line":354,"column":0},"end":{"line":354,"column":50}},"354":{"start":{"line":355,"column":0},"end":{"line":355,"column":32}},"355":{"start":{"line":356,"column":0},"end":{"line":356,"column":20}},"356":{"start":{"line":357,"column":0},"end":{"line":357,"column":33}},"357":{"start":{"line":358,"column":0},"end":{"line":358,"column":7}},"358":{"start":{"line":359,"column":0},"end":{"line":359,"column":40}},"360":{"start":{"line":361,"column":0},"end":{"line":361,"column":49}},"361":{"start":{"line":362,"column":0},"end":{"line":362,"column":70}},"363":{"start":{"line":364,"column":0},"end":{"line":364,"column":117}},"364":{"start":{"line":365,"column":0},"end":{"line":365,"column":29}},"365":{"start":{"line":366,"column":0},"end":{"line":366,"column":112}},"366":{"start":{"line":367,"column":0},"end":{"line":367,"column":15}},"367":{"start":{"line":368,"column":0},"end":{"line":368,"column":54}},"368":{"start":{"line":369,"column":0},"end":{"line":369,"column":37}},"370":{"start":{"line":371,"column":0},"end":{"line":371,"column":20}},"371":{"start":{"line":372,"column":0},"end":{"line":372,"column":28}},"372":{"start":{"line":373,"column":0},"end":{"line":373,"column":29}},"373":{"start":{"line":374,"column":0},"end":{"line":374,"column":26}},"374":{"start":{"line":375,"column":0},"end":{"line":375,"column":34}},"375":{"start":{"line":376,"column":0},"end":{"line":376,"column":25}},"376":{"start":{"line":377,"column":0},"end":{"line":377,"column":43}},"377":{"start":{"line":378,"column":0},"end":{"line":378,"column":7}},"380":{"start":{"line":381,"column":0},"end":{"line":381,"column":66}},"381":{"start":{"line":382,"column":0},"end":{"line":382,"column":34}},"382":{"start":{"line":383,"column":0},"end":{"line":383,"column":26}},"383":{"start":{"line":384,"column":0},"end":{"line":384,"column":35}},"384":{"start":{"line":385,"column":0},"end":{"line":385,"column":5}},"387":{"start":{"line":388,"column":0},"end":{"line":388,"column":36}},"388":{"start":{"line":389,"column":0},"end":{"line":389,"column":70}},"389":{"start":{"line":390,"column":0},"end":{"line":390,"column":17}},"390":{"start":{"line":391,"column":0},"end":{"line":391,"column":20}},"391":{"start":{"line":392,"column":0},"end":{"line":392,"column":21}},"392":{"start":{"line":393,"column":0},"end":{"line":393,"column":25}},"393":{"start":{"line":394,"column":0},"end":{"line":394,"column":8}},"394":{"start":{"line":395,"column":0},"end":{"line":395,"column":39}},"395":{"start":{"line":396,"column":0},"end":{"line":396,"column":28}},"396":{"start":{"line":397,"column":0},"end":{"line":397,"column":40}},"397":{"start":{"line":398,"column":0},"end":{"line":398,"column":116}},"398":{"start":{"line":399,"column":0},"end":{"line":399,"column":7}},"399":{"start":{"line":400,"column":0},"end":{"line":400,"column":5}},"401":{"start":{"line":402,"column":0},"end":{"line":402,"column":32}},"402":{"start":{"line":403,"column":0},"end":{"line":403,"column":19}},"403":{"start":{"line":404,"column":0},"end":{"line":404,"column":117}},"404":{"start":{"line":405,"column":0},"end":{"line":405,"column":8}},"405":{"start":{"line":406,"column":0},"end":{"line":406,"column":85}},"406":{"start":{"line":407,"column":0},"end":{"line":407,"column":5}},"409":{"start":{"line":410,"column":0},"end":{"line":410,"column":51}},"410":{"start":{"line":411,"column":0},"end":{"line":411,"column":98}},"411":{"start":{"line":412,"column":0},"end":{"line":412,"column":111}},"412":{"start":{"line":413,"column":0},"end":{"line":413,"column":70}},"413":{"start":{"line":414,"column":0},"end":{"line":414,"column":68}},"414":{"start":{"line":415,"column":0},"end":{"line":415,"column":32}},"415":{"start":{"line":416,"column":0},"end":{"line":416,"column":29}},"416":{"start":{"line":417,"column":0},"end":{"line":417,"column":143}},"417":{"start":{"line":418,"column":0},"end":{"line":418,"column":16}},"418":{"start":{"line":419,"column":0},"end":{"line":419,"column":10}},"419":{"start":{"line":420,"column":0},"end":{"line":420,"column":7}},"420":{"start":{"line":421,"column":0},"end":{"line":421,"column":5}},"423":{"start":{"line":424,"column":0},"end":{"line":424,"column":68}},"424":{"start":{"line":425,"column":0},"end":{"line":425,"column":81}},"425":{"start":{"line":426,"column":0},"end":{"line":426,"column":104}},"426":{"start":{"line":427,"column":0},"end":{"line":427,"column":42}},"427":{"start":{"line":428,"column":0},"end":{"line":428,"column":28}},"428":{"start":{"line":429,"column":0},"end":{"line":429,"column":30}},"429":{"start":{"line":430,"column":0},"end":{"line":430,"column":13}},"430":{"start":{"line":431,"column":0},"end":{"line":431,"column":35}},"431":{"start":{"line":432,"column":0},"end":{"line":432,"column":46}},"432":{"start":{"line":433,"column":0},"end":{"line":433,"column":13}},"433":{"start":{"line":434,"column":0},"end":{"line":434,"column":39}},"434":{"start":{"line":435,"column":0},"end":{"line":435,"column":104}},"435":{"start":{"line":436,"column":0},"end":{"line":436,"column":64}},"436":{"start":{"line":437,"column":0},"end":{"line":437,"column":13}},"437":{"start":{"line":438,"column":0},"end":{"line":438,"column":13}},"438":{"start":{"line":439,"column":0},"end":{"line":439,"column":90}},"439":{"start":{"line":440,"column":0},"end":{"line":440,"column":21}},"440":{"start":{"line":441,"column":0},"end":{"line":441,"column":61}},"441":{"start":{"line":442,"column":0},"end":{"line":442,"column":90}},"442":{"start":{"line":443,"column":0},"end":{"line":443,"column":43}},"443":{"start":{"line":444,"column":0},"end":{"line":444,"column":7}},"444":{"start":{"line":445,"column":0},"end":{"line":445,"column":5}},"446":{"start":{"line":447,"column":0},"end":{"line":447,"column":61}},"449":{"start":{"line":450,"column":0},"end":{"line":450,"column":37}},"451":{"start":{"line":452,"column":0},"end":{"line":452,"column":49}},"452":{"start":{"line":453,"column":0},"end":{"line":453,"column":72}},"453":{"start":{"line":454,"column":0},"end":{"line":454,"column":107}},"456":{"start":{"line":457,"column":0},"end":{"line":457,"column":67}},"458":{"start":{"line":459,"column":0},"end":{"line":459,"column":81}},"461":{"start":{"line":462,"column":0},"end":{"line":462,"column":103}},"462":{"start":{"line":463,"column":0},"end":{"line":463,"column":39}},"463":{"start":{"line":464,"column":0},"end":{"line":464,"column":47}},"465":{"start":{"line":466,"column":0},"end":{"line":466,"column":91}},"466":{"start":{"line":467,"column":0},"end":{"line":467,"column":33}},"467":{"start":{"line":468,"column":0},"end":{"line":468,"column":25}},"468":{"start":{"line":469,"column":0},"end":{"line":469,"column":45}},"469":{"start":{"line":470,"column":0},"end":{"line":470,"column":109}},"470":{"start":{"line":471,"column":0},"end":{"line":471,"column":106}},"472":{"start":{"line":473,"column":0},"end":{"line":473,"column":49}},"473":{"start":{"line":474,"column":0},"end":{"line":474,"column":62}},"474":{"start":{"line":475,"column":0},"end":{"line":475,"column":38}},"475":{"start":{"line":476,"column":0},"end":{"line":476,"column":46}},"476":{"start":{"line":477,"column":0},"end":{"line":477,"column":35}},"477":{"start":{"line":478,"column":0},"end":{"line":478,"column":39}},"478":{"start":{"line":479,"column":0},"end":{"line":479,"column":27}},"479":{"start":{"line":480,"column":0},"end":{"line":480,"column":39}},"480":{"start":{"line":481,"column":0},"end":{"line":481,"column":21}},"481":{"start":{"line":482,"column":0},"end":{"line":482,"column":66}},"482":{"start":{"line":483,"column":0},"end":{"line":483,"column":56}},"483":{"start":{"line":484,"column":0},"end":{"line":484,"column":47}},"484":{"start":{"line":485,"column":0},"end":{"line":485,"column":64}},"485":{"start":{"line":486,"column":0},"end":{"line":486,"column":62}},"486":{"start":{"line":487,"column":0},"end":{"line":487,"column":43}},"487":{"start":{"line":488,"column":0},"end":{"line":488,"column":47}},"488":{"start":{"line":489,"column":0},"end":{"line":489,"column":31}},"489":{"start":{"line":490,"column":0},"end":{"line":490,"column":23}},"490":{"start":{"line":491,"column":0},"end":{"line":491,"column":64}},"491":{"start":{"line":492,"column":0},"end":{"line":492,"column":75}},"492":{"start":{"line":493,"column":0},"end":{"line":493,"column":70}},"493":{"start":{"line":494,"column":0},"end":{"line":494,"column":62}},"494":{"start":{"line":495,"column":0},"end":{"line":495,"column":75}},"495":{"start":{"line":496,"column":0},"end":{"line":496,"column":32}},"496":{"start":{"line":497,"column":0},"end":{"line":497,"column":27}},"497":{"start":{"line":498,"column":0},"end":{"line":498,"column":45}},"498":{"start":{"line":499,"column":0},"end":{"line":499,"column":40}},"499":{"start":{"line":500,"column":0},"end":{"line":500,"column":44}},"500":{"start":{"line":501,"column":0},"end":{"line":501,"column":64}},"501":{"start":{"line":502,"column":0},"end":{"line":502,"column":27}},"502":{"start":{"line":503,"column":0},"end":{"line":503,"column":37}},"503":{"start":{"line":504,"column":0},"end":{"line":504,"column":93}},"504":{"start":{"line":505,"column":0},"end":{"line":505,"column":111}},"505":{"start":{"line":506,"column":0},"end":{"line":506,"column":23}},"506":{"start":{"line":507,"column":0},"end":{"line":507,"column":21}},"507":{"start":{"line":508,"column":0},"end":{"line":508,"column":54}},"508":{"start":{"line":509,"column":0},"end":{"line":509,"column":94}},"509":{"start":{"line":510,"column":0},"end":{"line":510,"column":106}},"510":{"start":{"line":511,"column":0},"end":{"line":511,"column":21}},"511":{"start":{"line":512,"column":0},"end":{"line":512,"column":19}},"512":{"start":{"line":513,"column":0},"end":{"line":513,"column":17}},"513":{"start":{"line":514,"column":0},"end":{"line":514,"column":88}},"514":{"start":{"line":515,"column":0},"end":{"line":515,"column":16}},"516":{"start":{"line":517,"column":0},"end":{"line":517,"column":72}},"517":{"start":{"line":518,"column":0},"end":{"line":518,"column":27}},"518":{"start":{"line":519,"column":0},"end":{"line":519,"column":23}},"519":{"start":{"line":520,"column":0},"end":{"line":520,"column":27}},"520":{"start":{"line":521,"column":0},"end":{"line":521,"column":32}},"521":{"start":{"line":522,"column":0},"end":{"line":522,"column":137}},"522":{"start":{"line":523,"column":0},"end":{"line":523,"column":24}},"523":{"start":{"line":524,"column":0},"end":{"line":524,"column":22}},"524":{"start":{"line":525,"column":0},"end":{"line":525,"column":36}},"525":{"start":{"line":526,"column":0},"end":{"line":526,"column":18}},"526":{"start":{"line":527,"column":0},"end":{"line":527,"column":17}},"528":{"start":{"line":529,"column":0},"end":{"line":529,"column":69}},"529":{"start":{"line":530,"column":0},"end":{"line":530,"column":14}},"530":{"start":{"line":531,"column":0},"end":{"line":531,"column":37}},"531":{"start":{"line":532,"column":0},"end":{"line":532,"column":28}},"532":{"start":{"line":533,"column":0},"end":{"line":533,"column":45}},"533":{"start":{"line":534,"column":0},"end":{"line":534,"column":12}},"534":{"start":{"line":535,"column":0},"end":{"line":535,"column":11}},"536":{"start":{"line":537,"column":0},"end":{"line":537,"column":93}},"537":{"start":{"line":538,"column":0},"end":{"line":538,"column":30}},"538":{"start":{"line":539,"column":0},"end":{"line":539,"column":9}},"540":{"start":{"line":541,"column":0},"end":{"line":541,"column":60}},"544":{"start":{"line":545,"column":0},"end":{"line":545,"column":59}},"546":{"start":{"line":547,"column":0},"end":{"line":547,"column":86}},"547":{"start":{"line":548,"column":0},"end":{"line":548,"column":35}},"548":{"start":{"line":549,"column":0},"end":{"line":549,"column":95}},"549":{"start":{"line":550,"column":0},"end":{"line":550,"column":7}},"550":{"start":{"line":551,"column":0},"end":{"line":551,"column":70}},"553":{"start":{"line":554,"column":0},"end":{"line":554,"column":26}},"554":{"start":{"line":555,"column":0},"end":{"line":555,"column":66}},"555":{"start":{"line":556,"column":0},"end":{"line":556,"column":63}},"556":{"start":{"line":557,"column":0},"end":{"line":557,"column":85}},"557":{"start":{"line":558,"column":0},"end":{"line":558,"column":65}},"559":{"start":{"line":560,"column":0},"end":{"line":560,"column":34}},"560":{"start":{"line":561,"column":0},"end":{"line":561,"column":78}},"561":{"start":{"line":562,"column":0},"end":{"line":562,"column":61}},"562":{"start":{"line":563,"column":0},"end":{"line":563,"column":56}},"563":{"start":{"line":564,"column":0},"end":{"line":564,"column":16}},"564":{"start":{"line":565,"column":0},"end":{"line":565,"column":9}},"566":{"start":{"line":567,"column":0},"end":{"line":567,"column":87}},"567":{"start":{"line":568,"column":0},"end":{"line":568,"column":80}},"568":{"start":{"line":569,"column":0},"end":{"line":569,"column":61}},"569":{"start":{"line":570,"column":0},"end":{"line":570,"column":56}},"570":{"start":{"line":571,"column":0},"end":{"line":571,"column":16}},"571":{"start":{"line":572,"column":0},"end":{"line":572,"column":9}},"573":{"start":{"line":574,"column":0},"end":{"line":574,"column":65}},"574":{"start":{"line":575,"column":0},"end":{"line":575,"column":61}},"575":{"start":{"line":576,"column":0},"end":{"line":576,"column":7}},"577":{"start":{"line":578,"column":0},"end":{"line":578,"column":35}},"578":{"start":{"line":579,"column":0},"end":{"line":579,"column":54}},"579":{"start":{"line":580,"column":0},"end":{"line":580,"column":14}},"580":{"start":{"line":581,"column":0},"end":{"line":581,"column":7}},"583":{"start":{"line":584,"column":0},"end":{"line":584,"column":75}},"584":{"start":{"line":585,"column":0},"end":{"line":585,"column":49}},"585":{"start":{"line":586,"column":0},"end":{"line":586,"column":22}},"586":{"start":{"line":587,"column":0},"end":{"line":587,"column":30}},"587":{"start":{"line":588,"column":0},"end":{"line":588,"column":31}},"588":{"start":{"line":589,"column":0},"end":{"line":589,"column":28}},"589":{"start":{"line":590,"column":0},"end":{"line":590,"column":36}},"590":{"start":{"line":591,"column":0},"end":{"line":591,"column":27}},"591":{"start":{"line":592,"column":0},"end":{"line":592,"column":15}},"592":{"start":{"line":593,"column":0},"end":{"line":593,"column":9}},"594":{"start":{"line":595,"column":0},"end":{"line":595,"column":100}},"595":{"start":{"line":596,"column":0},"end":{"line":596,"column":18}},"596":{"start":{"line":597,"column":0},"end":{"line":597,"column":15}},"597":{"start":{"line":598,"column":0},"end":{"line":598,"column":17}},"598":{"start":{"line":599,"column":0},"end":{"line":599,"column":16}},"599":{"start":{"line":600,"column":0},"end":{"line":600,"column":20}},"600":{"start":{"line":601,"column":0},"end":{"line":601,"column":65}},"601":{"start":{"line":602,"column":0},"end":{"line":602,"column":8}},"602":{"start":{"line":603,"column":0},"end":{"line":603,"column":34}},"604":{"start":{"line":605,"column":0},"end":{"line":605,"column":80}},"605":{"start":{"line":606,"column":0},"end":{"line":606,"column":28}},"606":{"start":{"line":607,"column":0},"end":{"line":607,"column":51}},"607":{"start":{"line":608,"column":0},"end":{"line":608,"column":27}},"608":{"start":{"line":609,"column":0},"end":{"line":609,"column":29}},"609":{"start":{"line":610,"column":0},"end":{"line":610,"column":10}},"610":{"start":{"line":611,"column":0},"end":{"line":611,"column":66}},"613":{"start":{"line":614,"column":0},"end":{"line":614,"column":52}},"616":{"start":{"line":617,"column":0},"end":{"line":617,"column":25}},"617":{"start":{"line":618,"column":0},"end":{"line":618,"column":37}},"618":{"start":{"line":619,"column":0},"end":{"line":619,"column":38}},"619":{"start":{"line":620,"column":0},"end":{"line":620,"column":84}},"620":{"start":{"line":621,"column":0},"end":{"line":621,"column":30}},"621":{"start":{"line":622,"column":0},"end":{"line":622,"column":59}},"622":{"start":{"line":623,"column":0},"end":{"line":623,"column":13}},"623":{"start":{"line":624,"column":0},"end":{"line":624,"column":9}},"624":{"start":{"line":625,"column":0},"end":{"line":625,"column":7}},"627":{"start":{"line":628,"column":0},"end":{"line":628,"column":77}},"628":{"start":{"line":629,"column":0},"end":{"line":629,"column":42}},"629":{"start":{"line":630,"column":0},"end":{"line":630,"column":7}},"632":{"start":{"line":633,"column":0},"end":{"line":633,"column":26}},"633":{"start":{"line":634,"column":0},"end":{"line":634,"column":65}},"634":{"start":{"line":635,"column":0},"end":{"line":635,"column":23}},"635":{"start":{"line":636,"column":0},"end":{"line":636,"column":62}},"636":{"start":{"line":637,"column":0},"end":{"line":637,"column":39}},"637":{"start":{"line":638,"column":0},"end":{"line":638,"column":33}},"638":{"start":{"line":639,"column":0},"end":{"line":639,"column":38}},"639":{"start":{"line":640,"column":0},"end":{"line":640,"column":63}},"640":{"start":{"line":641,"column":0},"end":{"line":641,"column":11}},"641":{"start":{"line":642,"column":0},"end":{"line":642,"column":9}},"642":{"start":{"line":643,"column":0},"end":{"line":643,"column":7}},"645":{"start":{"line":646,"column":0},"end":{"line":646,"column":82}},"648":{"start":{"line":649,"column":0},"end":{"line":649,"column":34}},"649":{"start":{"line":650,"column":0},"end":{"line":650,"column":44}},"650":{"start":{"line":651,"column":0},"end":{"line":651,"column":38}},"651":{"start":{"line":652,"column":0},"end":{"line":652,"column":26}},"652":{"start":{"line":653,"column":0},"end":{"line":653,"column":29}},"653":{"start":{"line":654,"column":0},"end":{"line":654,"column":42}},"654":{"start":{"line":655,"column":0},"end":{"line":655,"column":95}},"655":{"start":{"line":656,"column":0},"end":{"line":656,"column":13}},"656":{"start":{"line":657,"column":0},"end":{"line":657,"column":12}},"657":{"start":{"line":658,"column":0},"end":{"line":658,"column":25}},"658":{"start":{"line":659,"column":0},"end":{"line":659,"column":111}},"659":{"start":{"line":660,"column":0},"end":{"line":660,"column":12}},"660":{"start":{"line":661,"column":0},"end":{"line":661,"column":7}},"662":{"start":{"line":663,"column":0},"end":{"line":663,"column":52}},"663":{"start":{"line":664,"column":0},"end":{"line":664,"column":5}},"665":{"start":{"line":666,"column":0},"end":{"line":666,"column":25}},"667":{"start":{"line":668,"column":0},"end":{"line":668,"column":30}},"668":{"start":{"line":669,"column":0},"end":{"line":669,"column":48}},"669":{"start":{"line":670,"column":0},"end":{"line":670,"column":31}},"670":{"start":{"line":671,"column":0},"end":{"line":671,"column":5}},"671":{"start":{"line":672,"column":0},"end":{"line":672,"column":3}},"675":{"start":{"line":676,"column":0},"end":{"line":676,"column":35}},"676":{"start":{"line":677,"column":0},"end":{"line":677,"column":27}},"677":{"start":{"line":678,"column":0},"end":{"line":678,"column":83}},"678":{"start":{"line":679,"column":0},"end":{"line":679,"column":11}},"679":{"start":{"line":680,"column":0},"end":{"line":680,"column":31}},"680":{"start":{"line":681,"column":0},"end":{"line":681,"column":21}},"681":{"start":{"line":682,"column":0},"end":{"line":682,"column":21}},"682":{"start":{"line":683,"column":0},"end":{"line":683,"column":41}},"683":{"start":{"line":684,"column":0},"end":{"line":684,"column":39}},"684":{"start":{"line":685,"column":0},"end":{"line":685,"column":29}},"685":{"start":{"line":686,"column":0},"end":{"line":686,"column":58}},"686":{"start":{"line":687,"column":0},"end":{"line":687,"column":25}},"687":{"start":{"line":688,"column":0},"end":{"line":688,"column":12}},"688":{"start":{"line":689,"column":0},"end":{"line":689,"column":9}},"689":{"start":{"line":690,"column":0},"end":{"line":690,"column":5}},"690":{"start":{"line":691,"column":0},"end":{"line":691,"column":3}},"692":{"start":{"line":693,"column":0},"end":{"line":693,"column":30}},"693":{"start":{"line":694,"column":0},"end":{"line":694,"column":83}},"694":{"start":{"line":695,"column":0},"end":{"line":695,"column":27}},"695":{"start":{"line":696,"column":0},"end":{"line":696,"column":20}},"696":{"start":{"line":697,"column":0},"end":{"line":697,"column":65}},"698":{"start":{"line":699,"column":0},"end":{"line":699,"column":34}},"699":{"start":{"line":700,"column":0},"end":{"line":700,"column":14}},"700":{"start":{"line":701,"column":0},"end":{"line":701,"column":15}},"701":{"start":{"line":702,"column":0},"end":{"line":702,"column":116}},"702":{"start":{"line":703,"column":0},"end":{"line":703,"column":7}},"703":{"start":{"line":704,"column":0},"end":{"line":704,"column":75}},"705":{"start":{"line":706,"column":0},"end":{"line":706,"column":42}},"707":{"start":{"line":708,"column":0},"end":{"line":708,"column":48}},"708":{"start":{"line":709,"column":0},"end":{"line":709,"column":22}},"709":{"start":{"line":710,"column":0},"end":{"line":710,"column":38}},"710":{"start":{"line":711,"column":0},"end":{"line":711,"column":36}},"711":{"start":{"line":712,"column":0},"end":{"line":712,"column":81}},"712":{"start":{"line":713,"column":0},"end":{"line":713,"column":38}},"713":{"start":{"line":714,"column":0},"end":{"line":714,"column":16}},"714":{"start":{"line":715,"column":0},"end":{"line":715,"column":67}},"715":{"start":{"line":716,"column":0},"end":{"line":716,"column":38}},"716":{"start":{"line":717,"column":0},"end":{"line":717,"column":9}},"717":{"start":{"line":718,"column":0},"end":{"line":718,"column":9}},"718":{"start":{"line":719,"column":0},"end":{"line":719,"column":6}},"720":{"start":{"line":721,"column":0},"end":{"line":721,"column":55}},"721":{"start":{"line":722,"column":0},"end":{"line":722,"column":72}},"723":{"start":{"line":724,"column":0},"end":{"line":724,"column":117}},"725":{"start":{"line":726,"column":0},"end":{"line":726,"column":28}},"726":{"start":{"line":727,"column":0},"end":{"line":727,"column":67}},"727":{"start":{"line":728,"column":0},"end":{"line":728,"column":58}},"728":{"start":{"line":729,"column":0},"end":{"line":729,"column":60}},"729":{"start":{"line":730,"column":0},"end":{"line":730,"column":12}},"730":{"start":{"line":731,"column":0},"end":{"line":731,"column":106}},"731":{"start":{"line":732,"column":0},"end":{"line":732,"column":5}},"732":{"start":{"line":733,"column":0},"end":{"line":733,"column":3}},"734":{"start":{"line":735,"column":0},"end":{"line":735,"column":69}},"735":{"start":{"line":736,"column":0},"end":{"line":736,"column":95}},"736":{"start":{"line":737,"column":0},"end":{"line":737,"column":103}},"737":{"start":{"line":738,"column":0},"end":{"line":738,"column":21}},"738":{"start":{"line":739,"column":0},"end":{"line":739,"column":25}},"739":{"start":{"line":740,"column":0},"end":{"line":740,"column":36}},"740":{"start":{"line":741,"column":0},"end":{"line":741,"column":11}},"741":{"start":{"line":742,"column":0},"end":{"line":742,"column":92}},"742":{"start":{"line":743,"column":0},"end":{"line":743,"column":11}},"743":{"start":{"line":744,"column":0},"end":{"line":744,"column":47}},"744":{"start":{"line":745,"column":0},"end":{"line":745,"column":11}},"745":{"start":{"line":746,"column":0},"end":{"line":746,"column":42}},"746":{"start":{"line":747,"column":0},"end":{"line":747,"column":104}},"747":{"start":{"line":748,"column":0},"end":{"line":748,"column":16}},"748":{"start":{"line":749,"column":0},"end":{"line":749,"column":11}},"749":{"start":{"line":750,"column":0},"end":{"line":750,"column":49}},"750":{"start":{"line":751,"column":0},"end":{"line":751,"column":107}},"751":{"start":{"line":752,"column":0},"end":{"line":752,"column":16}},"752":{"start":{"line":753,"column":0},"end":{"line":753,"column":11}},"753":{"start":{"line":754,"column":0},"end":{"line":754,"column":77}},"754":{"start":{"line":755,"column":0},"end":{"line":755,"column":7}},"755":{"start":{"line":756,"column":0},"end":{"line":756,"column":24}},"756":{"start":{"line":757,"column":0},"end":{"line":757,"column":20}},"757":{"start":{"line":758,"column":0},"end":{"line":758,"column":58}},"758":{"start":{"line":759,"column":0},"end":{"line":759,"column":71}},"759":{"start":{"line":760,"column":0},"end":{"line":760,"column":5}},"760":{"start":{"line":761,"column":0},"end":{"line":761,"column":3}},"762":{"start":{"line":763,"column":0},"end":{"line":763,"column":32}},"763":{"start":{"line":764,"column":0},"end":{"line":764,"column":26}},"764":{"start":{"line":765,"column":0},"end":{"line":765,"column":83}},"765":{"start":{"line":766,"column":0},"end":{"line":766,"column":30}},"766":{"start":{"line":767,"column":0},"end":{"line":767,"column":27}},"767":{"start":{"line":768,"column":0},"end":{"line":768,"column":20}},"768":{"start":{"line":769,"column":0},"end":{"line":769,"column":74}},"770":{"start":{"line":771,"column":0},"end":{"line":771,"column":69}},"771":{"start":{"line":772,"column":0},"end":{"line":772,"column":18}},"772":{"start":{"line":773,"column":0},"end":{"line":773,"column":19}},"773":{"start":{"line":774,"column":0},"end":{"line":774,"column":23}},"774":{"start":{"line":775,"column":0},"end":{"line":775,"column":20}},"775":{"start":{"line":776,"column":0},"end":{"line":776,"column":16}},"776":{"start":{"line":777,"column":0},"end":{"line":777,"column":18}},"777":{"start":{"line":778,"column":0},"end":{"line":778,"column":6}},"779":{"start":{"line":780,"column":0},"end":{"line":780,"column":67}},"780":{"start":{"line":781,"column":0},"end":{"line":781,"column":79}},"781":{"start":{"line":782,"column":0},"end":{"line":782,"column":30}},"782":{"start":{"line":783,"column":0},"end":{"line":783,"column":24}},"783":{"start":{"line":784,"column":0},"end":{"line":784,"column":78}},"784":{"start":{"line":785,"column":0},"end":{"line":785,"column":14}},"785":{"start":{"line":786,"column":0},"end":{"line":786,"column":8}},"786":{"start":{"line":787,"column":0},"end":{"line":787,"column":41}},"787":{"start":{"line":788,"column":0},"end":{"line":788,"column":119}},"788":{"start":{"line":789,"column":0},"end":{"line":789,"column":5}},"789":{"start":{"line":790,"column":0},"end":{"line":790,"column":3}},"794":{"start":{"line":795,"column":0},"end":{"line":795,"column":33}},"795":{"start":{"line":796,"column":0},"end":{"line":796,"column":59}},"797":{"start":{"line":798,"column":0},"end":{"line":798,"column":27}},"798":{"start":{"line":799,"column":0},"end":{"line":799,"column":30}},"799":{"start":{"line":800,"column":0},"end":{"line":800,"column":56}},"800":{"start":{"line":801,"column":0},"end":{"line":801,"column":72}},"801":{"start":{"line":802,"column":0},"end":{"line":802,"column":32}},"802":{"start":{"line":803,"column":0},"end":{"line":803,"column":46}},"803":{"start":{"line":804,"column":0},"end":{"line":804,"column":31}},"804":{"start":{"line":805,"column":0},"end":{"line":805,"column":33}},"805":{"start":{"line":806,"column":0},"end":{"line":806,"column":14}},"806":{"start":{"line":807,"column":0},"end":{"line":807,"column":81}},"807":{"start":{"line":808,"column":0},"end":{"line":808,"column":16}},"808":{"start":{"line":809,"column":0},"end":{"line":809,"column":84}},"809":{"start":{"line":810,"column":0},"end":{"line":810,"column":9}},"810":{"start":{"line":811,"column":0},"end":{"line":811,"column":42}},"811":{"start":{"line":812,"column":0},"end":{"line":812,"column":51}},"812":{"start":{"line":813,"column":0},"end":{"line":813,"column":70}},"813":{"start":{"line":814,"column":0},"end":{"line":814,"column":26}},"814":{"start":{"line":815,"column":0},"end":{"line":815,"column":41}},"815":{"start":{"line":816,"column":0},"end":{"line":816,"column":88}},"816":{"start":{"line":817,"column":0},"end":{"line":817,"column":11}},"817":{"start":{"line":818,"column":0},"end":{"line":818,"column":9}},"818":{"start":{"line":819,"column":0},"end":{"line":819,"column":84}},"819":{"start":{"line":820,"column":0},"end":{"line":820,"column":7}},"820":{"start":{"line":821,"column":0},"end":{"line":821,"column":5}},"821":{"start":{"line":822,"column":0},"end":{"line":822,"column":3}},"824":{"start":{"line":825,"column":0},"end":{"line":825,"column":31}},"825":{"start":{"line":826,"column":0},"end":{"line":826,"column":61}},"826":{"start":{"line":827,"column":0},"end":{"line":827,"column":42}},"827":{"start":{"line":828,"column":0},"end":{"line":828,"column":76}},"828":{"start":{"line":829,"column":0},"end":{"line":829,"column":7}},"830":{"start":{"line":831,"column":0},"end":{"line":831,"column":78}},"832":{"start":{"line":833,"column":0},"end":{"line":833,"column":30}},"833":{"start":{"line":834,"column":0},"end":{"line":834,"column":88}},"834":{"start":{"line":835,"column":0},"end":{"line":835,"column":27}},"835":{"start":{"line":836,"column":0},"end":{"line":836,"column":18}},"837":{"start":{"line":838,"column":0},"end":{"line":838,"column":33}},"838":{"start":{"line":839,"column":0},"end":{"line":839,"column":96}},"839":{"start":{"line":840,"column":0},"end":{"line":840,"column":92}},"841":{"start":{"line":842,"column":0},"end":{"line":842,"column":36}},"842":{"start":{"line":843,"column":0},"end":{"line":843,"column":70}},"843":{"start":{"line":844,"column":0},"end":{"line":844,"column":22}},"844":{"start":{"line":845,"column":0},"end":{"line":845,"column":30}},"845":{"start":{"line":846,"column":0},"end":{"line":846,"column":47}},"846":{"start":{"line":847,"column":0},"end":{"line":847,"column":28}},"847":{"start":{"line":848,"column":0},"end":{"line":848,"column":39}},"848":{"start":{"line":849,"column":0},"end":{"line":849,"column":12}},"850":{"start":{"line":851,"column":0},"end":{"line":851,"column":14}},"851":{"start":{"line":852,"column":0},"end":{"line":852,"column":21}},"852":{"start":{"line":853,"column":0},"end":{"line":853,"column":27}},"853":{"start":{"line":854,"column":0},"end":{"line":854,"column":86}},"854":{"start":{"line":855,"column":0},"end":{"line":855,"column":96}},"855":{"start":{"line":856,"column":0},"end":{"line":856,"column":8}},"856":{"start":{"line":857,"column":0},"end":{"line":857,"column":7}},"857":{"start":{"line":858,"column":0},"end":{"line":858,"column":3}},"858":{"start":{"line":859,"column":0},"end":{"line":859,"column":1}}},"s":{"16":1,"17":1,"19":1,"20":1,"22":1,"24":1,"25":1,"26":1,"27":1,"28":1,"29":1,"30":1,"31":1,"32":1,"33":1,"34":1,"35":1,"36":1,"37":1,"38":1,"44":1,"45":1,"68":1,"70":1,"71":1,"72":1,"75":1,"78":1,"79":1,"80":1,"81":1,"84":1,"85":1,"86":1,"89":1,"90":1,"93":1,"94":1,"97":1,"100":1,"103":1,"104":1,"105":1,"106":1,"108":1,"109":50,"110":50,"111":50,"112":50,"113":50,"114":50,"115":50,"117":50,"118":50,"119":50,"120":50,"123":50,"124":50,"125":50,"126":50,"127":50,"128":50,"129":50,"130":50,"131":50,"132":50,"133":50,"134":50,"135":50,"136":50,"137":50,"138":50,"139":50,"140":50,"141":50,"142":50,"143":50,"145":50,"146":50,"147":50,"151":1,"152":1,"153":1,"154":1,"155":1,"156":1,"158":1,"159":0,"160":0,"162":1,"163":1,"164":1,"165":1,"166":1,"167":1,"168":1,"169":1,"170":1,"173":1,"174":1,"175":1,"176":1,"177":1,"178":1,"179":1,"180":1,"181":1,"182":1,"183":1,"184":1,"186":1,"187":1,"188":1,"189":1,"190":1,"191":1,"192":1,"195":1,"196":1,"197":1,"198":1,"199":1,"200":1,"201":0,"202":0,"203":1,"204":1,"205":1,"206":1,"207":1,"208":1,"209":1,"210":2,"211":2,"212":2,"213":2,"214":2,"215":2,"216":1,"217":1,"218":1,"219":1,"221":1,"222":1,"223":1,"224":1,"225":1,"226":0,"227":1,"229":1,"230":1,"231":1,"232":1,"233":0,"234":0,"235":0,"236":0,"237":1,"239":1,"240":1,"241":1,"242":1,"243":1,"244":1,"245":1,"246":1,"247":1,"248":1,"249":1,"250":1,"251":1,"252":1,"253":1,"254":1,"255":1,"256":1,"257":1,"258":1,"259":1,"260":1,"262":1,"263":9,"264":9,"265":1,"266":1,"267":1,"268":1,"269":4,"270":4,"272":1,"273":1,"274":1,"275":1,"277":1,"278":2,"279":2,"280":1,"281":1,"282":2,"284":1,"285":2,"286":2,"288":1,"289":7,"290":7,"291":7,"292":7,"293":7,"294":7,"296":1,"297":1,"298":1,"300":1,"301":1,"302":1,"304":1,"305":1,"306":1,"311":1,"312":1,"313":0,"314":0,"315":0,"316":0,"317":1,"319":1,"320":2,"321":2,"323":1,"324":3,"325":3,"329":1,"330":2,"331":2,"333":1,"334":1,"335":1,"339":1,"341":41,"342":41,"343":41,"344":41,"345":41,"346":41,"347":41,"348":41,"349":1,"350":1,"353":40,"354":40,"355":40,"356":40,"357":40,"358":40,"360":40,"361":40,"363":41,"364":41,"365":2,"366":38,"367":41,"368":41,"370":41,"371":41,"372":41,"373":41,"374":41,"375":41,"376":41,"377":41,"380":41,"381":41,"382":0,"383":0,"384":0,"387":41,"388":0,"389":0,"390":0,"391":0,"392":0,"393":0,"394":0,"395":0,"396":0,"397":0,"398":0,"399":0,"401":41,"402":0,"403":0,"404":0,"405":0,"406":0,"409":41,"410":0,"411":0,"412":0,"413":0,"414":0,"415":0,"416":0,"417":0,"418":0,"419":0,"420":0,"423":41,"424":1,"425":1,"426":1,"427":1,"428":1,"429":1,"430":1,"431":1,"432":1,"433":1,"434":2,"435":2,"436":1,"437":1,"438":1,"439":1,"440":1,"441":1,"442":1,"443":1,"444":1,"446":40,"449":40,"451":41,"452":49,"453":49,"456":49,"458":49,"461":49,"462":49,"463":49,"465":49,"466":49,"467":49,"468":49,"469":49,"470":49,"472":49,"473":49,"474":49,"475":49,"476":49,"477":49,"478":49,"479":49,"480":49,"481":62,"482":29,"483":29,"484":62,"485":10,"486":10,"487":10,"488":10,"489":10,"490":33,"491":10,"492":10,"493":20,"494":10,"495":10,"496":10,"497":10,"498":10,"499":10,"500":10,"501":10,"502":10,"503":1,"504":1,"505":1,"506":10,"507":13,"508":3,"509":3,"510":3,"511":3,"512":62,"513":46,"514":49,"516":49,"517":49,"518":49,"519":0,"520":0,"521":0,"522":0,"523":0,"524":49,"525":49,"526":49,"528":49,"529":49,"530":49,"531":49,"532":49,"533":49,"534":49,"536":49,"537":46,"538":49,"540":46,"544":46,"546":49,"547":49,"548":10,"549":10,"550":46,"553":49,"554":26,"555":26,"556":26,"557":26,"559":26,"560":0,"561":0,"562":0,"563":0,"564":0,"566":26,"567":1,"568":1,"569":1,"570":1,"571":1,"573":25,"574":25,"575":25,"577":49,"578":36,"579":36,"580":36,"583":49,"584":49,"585":49,"586":49,"587":49,"588":49,"589":49,"590":49,"591":49,"592":49,"594":49,"595":49,"596":49,"597":49,"598":49,"599":49,"600":49,"601":49,"602":9,"604":9,"605":10,"606":10,"607":10,"608":10,"609":9,"610":9,"613":9,"616":49,"617":1,"618":1,"619":1,"620":1,"621":1,"622":1,"623":1,"624":1,"627":49,"628":0,"629":0,"632":49,"633":0,"634":0,"635":0,"636":0,"637":0,"638":0,"639":0,"640":0,"641":0,"642":0,"645":9,"648":9,"649":49,"650":0,"651":0,"652":0,"653":0,"654":0,"655":0,"656":0,"657":0,"658":0,"659":0,"660":0,"662":9,"663":9,"665":46,"667":41,"668":36,"669":36,"670":36,"671":41,"675":1,"676":1,"677":1,"678":1,"679":1,"680":0,"681":0,"682":0,"683":0,"684":0,"685":0,"686":0,"687":0,"688":0,"689":0,"690":1,"692":1,"693":9,"694":9,"695":9,"696":9,"698":1,"699":1,"700":1,"701":1,"702":1,"703":1,"705":1,"707":1,"708":1,"709":1,"710":1,"711":0,"712":0,"713":1,"714":1,"715":1,"716":1,"717":1,"718":1,"720":1,"721":1,"723":1,"725":3,"726":0,"727":0,"728":0,"729":3,"730":1,"731":1,"732":9,"734":1,"735":0,"736":0,"737":0,"738":0,"739":0,"740":0,"741":0,"742":0,"743":0,"744":0,"745":0,"746":0,"747":0,"748":0,"749":0,"750":0,"751":0,"752":0,"753":0,"754":0,"755":0,"756":0,"757":0,"758":0,"759":0,"760":0,"762":1,"763":9,"764":9,"765":9,"766":9,"767":9,"768":9,"770":0,"771":0,"772":0,"773":0,"774":0,"775":0,"776":0,"777":0,"779":9,"780":0,"781":0,"782":0,"783":0,"784":0,"785":0,"786":0,"787":0,"788":0,"789":9,"794":1,"795":4,"797":4,"798":7,"799":4,"800":1,"801":1,"802":1,"803":1,"804":1,"805":1,"806":1,"807":4,"808":3,"809":3,"810":7,"811":3,"812":3,"813":3,"814":1,"815":1,"816":1,"817":1,"818":3,"819":3,"820":7,"821":4,"824":1,"825":8,"826":9,"827":4,"828":4,"830":5,"832":5,"833":5,"834":5,"835":5,"837":5,"838":5,"839":5,"841":5,"842":5,"843":5,"844":1,"845":1,"846":1,"847":1,"848":5,"850":5,"851":5,"852":5,"853":9,"854":9,"855":9,"856":8,"857":8,"858":1},"branchMap":{"0":{"type":"branch","line":109,"loc":{"start":{"line":109,"column":2},"end":{"line":148,"column":3}},"locations":[{"start":{"line":109,"column":2},"end":{"line":148,"column":3}}]},"1":{"type":"branch","line":116,"loc":{"start":{"line":116,"column":29},"end":{"line":116,"column":45}},"locations":[{"start":{"line":116,"column":29},"end":{"line":116,"column":45}}]},"2":{"type":"branch","line":118,"loc":{"start":{"line":118,"column":46},"end":{"line":118,"column":99}},"locations":[{"start":{"line":118,"column":46},"end":{"line":118,"column":99}}]},"3":{"type":"branch","line":152,"loc":{"start":{"line":152,"column":2},"end":{"line":154,"column":3}},"locations":[{"start":{"line":152,"column":2},"end":{"line":154,"column":3}}]},"4":{"type":"branch","line":155,"loc":{"start":{"line":155,"column":2},"end":{"line":157,"column":3}},"locations":[{"start":{"line":155,"column":2},"end":{"line":157,"column":3}}]},"5":{"type":"branch","line":163,"loc":{"start":{"line":163,"column":2},"end":{"line":165,"column":3}},"locations":[{"start":{"line":163,"column":2},"end":{"line":165,"column":3}}]},"6":{"type":"branch","line":166,"loc":{"start":{"line":166,"column":2},"end":{"line":168,"column":3}},"locations":[{"start":{"line":166,"column":2},"end":{"line":168,"column":3}}]},"7":{"type":"branch","line":169,"loc":{"start":{"line":169,"column":2},"end":{"line":171,"column":3}},"locations":[{"start":{"line":169,"column":2},"end":{"line":171,"column":3}}]},"8":{"type":"branch","line":174,"loc":{"start":{"line":174,"column":2},"end":{"line":176,"column":3}},"locations":[{"start":{"line":174,"column":2},"end":{"line":176,"column":3}}]},"9":{"type":"branch","line":177,"loc":{"start":{"line":177,"column":2},"end":{"line":179,"column":3}},"locations":[{"start":{"line":177,"column":2},"end":{"line":179,"column":3}}]},"10":{"type":"branch","line":180,"loc":{"start":{"line":180,"column":2},"end":{"line":182,"column":3}},"locations":[{"start":{"line":180,"column":2},"end":{"line":182,"column":3}}]},"11":{"type":"branch","line":183,"loc":{"start":{"line":183,"column":2},"end":{"line":185,"column":3}},"locations":[{"start":{"line":183,"column":2},"end":{"line":185,"column":3}}]},"12":{"type":"branch","line":187,"loc":{"start":{"line":187,"column":2},"end":{"line":220,"column":3}},"locations":[{"start":{"line":187,"column":2},"end":{"line":220,"column":3}}]},"13":{"type":"branch","line":201,"loc":{"start":{"line":201,"column":4},"end":{"line":203,"column":5}},"locations":[{"start":{"line":201,"column":4},"end":{"line":203,"column":5}}]},"14":{"type":"branch","line":199,"loc":{"start":{"line":199,"column":53},"end":{"line":199,"column":80}},"locations":[{"start":{"line":199,"column":53},"end":{"line":199,"column":80}}]},"15":{"type":"branch","line":210,"loc":{"start":{"line":210,"column":62},"end":{"line":217,"column":8}},"locations":[{"start":{"line":210,"column":62},"end":{"line":217,"column":8}}]},"16":{"type":"branch","line":222,"loc":{"start":{"line":222,"column":2},"end":{"line":261,"column":3}},"locations":[{"start":{"line":222,"column":2},"end":{"line":261,"column":3}}]},"17":{"type":"branch","line":226,"loc":{"start":{"line":226,"column":28},"end":{"line":226,"column":69}},"locations":[{"start":{"line":226,"column":28},"end":{"line":226,"column":69}}]},"18":{"type":"branch","line":226,"loc":{"start":{"line":226,"column":68},"end":{"line":227,"column":54}},"locations":[{"start":{"line":226,"column":68},"end":{"line":227,"column":54}}]},"19":{"type":"branch","line":241,"loc":{"start":{"line":241,"column":25},"end":{"line":241,"column":67}},"locations":[{"start":{"line":241,"column":25},"end":{"line":241,"column":67}}]},"20":{"type":"branch","line":243,"loc":{"start":{"line":243,"column":24},"end":{"line":243,"column":52}},"locations":[{"start":{"line":243,"column":24},"end":{"line":243,"column":52}}]},"21":{"type":"branch","line":263,"loc":{"start":{"line":263,"column":2},"end":{"line":265,"column":3}},"locations":[{"start":{"line":263,"column":2},"end":{"line":265,"column":3}}]},"22":{"type":"branch","line":266,"loc":{"start":{"line":266,"column":2},"end":{"line":268,"column":3}},"locations":[{"start":{"line":266,"column":2},"end":{"line":268,"column":3}}]},"23":{"type":"branch","line":269,"loc":{"start":{"line":269,"column":2},"end":{"line":271,"column":3}},"locations":[{"start":{"line":269,"column":2},"end":{"line":271,"column":3}}]},"24":{"type":"branch","line":273,"loc":{"start":{"line":273,"column":2},"end":{"line":276,"column":3}},"locations":[{"start":{"line":273,"column":2},"end":{"line":276,"column":3}}]},"25":{"type":"branch","line":278,"loc":{"start":{"line":278,"column":2},"end":{"line":283,"column":3}},"locations":[{"start":{"line":278,"column":2},"end":{"line":283,"column":3}}]},"26":{"type":"branch","line":280,"loc":{"start":{"line":280,"column":21},"end":{"line":282,"column":16}},"locations":[{"start":{"line":280,"column":21},"end":{"line":282,"column":16}}]},"27":{"type":"branch","line":285,"loc":{"start":{"line":285,"column":2},"end":{"line":287,"column":3}},"locations":[{"start":{"line":285,"column":2},"end":{"line":287,"column":3}}]},"28":{"type":"branch","line":289,"loc":{"start":{"line":289,"column":2},"end":{"line":295,"column":3}},"locations":[{"start":{"line":289,"column":2},"end":{"line":295,"column":3}}]},"29":{"type":"branch","line":297,"loc":{"start":{"line":297,"column":2},"end":{"line":299,"column":3}},"locations":[{"start":{"line":297,"column":2},"end":{"line":299,"column":3}}]},"30":{"type":"branch","line":301,"loc":{"start":{"line":301,"column":2},"end":{"line":303,"column":3}},"locations":[{"start":{"line":301,"column":2},"end":{"line":303,"column":3}}]},"31":{"type":"branch","line":305,"loc":{"start":{"line":305,"column":2},"end":{"line":307,"column":3}},"locations":[{"start":{"line":305,"column":2},"end":{"line":307,"column":3}}]},"32":{"type":"branch","line":306,"loc":{"start":{"line":306,"column":30},"end":{"line":306,"column":59}},"locations":[{"start":{"line":306,"column":30},"end":{"line":306,"column":59}}]},"33":{"type":"branch","line":312,"loc":{"start":{"line":312,"column":2},"end":{"line":318,"column":3}},"locations":[{"start":{"line":312,"column":2},"end":{"line":318,"column":3}}]},"34":{"type":"branch","line":313,"loc":{"start":{"line":313,"column":30},"end":{"line":317,"column":5}},"locations":[{"start":{"line":313,"column":30},"end":{"line":317,"column":5}}]},"35":{"type":"branch","line":320,"loc":{"start":{"line":320,"column":2},"end":{"line":322,"column":3}},"locations":[{"start":{"line":320,"column":2},"end":{"line":322,"column":3}}]},"36":{"type":"branch","line":324,"loc":{"start":{"line":324,"column":2},"end":{"line":326,"column":3}},"locations":[{"start":{"line":324,"column":2},"end":{"line":326,"column":3}}]},"37":{"type":"branch","line":330,"loc":{"start":{"line":330,"column":2},"end":{"line":332,"column":3}},"locations":[{"start":{"line":330,"column":2},"end":{"line":332,"column":3}}]},"38":{"type":"branch","line":334,"loc":{"start":{"line":334,"column":2},"end":{"line":336,"column":3}},"locations":[{"start":{"line":334,"column":2},"end":{"line":336,"column":3}}]},"39":{"type":"branch","line":340,"loc":{"start":{"line":340,"column":2},"end":{"line":672,"column":3}},"locations":[{"start":{"line":340,"column":2},"end":{"line":672,"column":3}}]},"40":{"type":"branch","line":349,"loc":{"start":{"line":349,"column":34},"end":{"line":351,"column":5}},"locations":[{"start":{"line":349,"column":34},"end":{"line":351,"column":5}}]},"41":{"type":"branch","line":350,"loc":{"start":{"line":350,"column":51},"end":{"line":350,"column":89}},"locations":[{"start":{"line":350,"column":51},"end":{"line":350,"column":89}}]},"42":{"type":"branch","line":351,"loc":{"start":{"line":351,"column":4},"end":{"line":364,"column":95}},"locations":[{"start":{"line":351,"column":4},"end":{"line":364,"column":95}}]},"43":{"type":"branch","line":364,"loc":{"start":{"line":364,"column":38},"end":{"line":364,"column":95}},"locations":[{"start":{"line":364,"column":38},"end":{"line":364,"column":95}}]},"44":{"type":"branch","line":364,"loc":{"start":{"line":364,"column":90},"end":{"line":364,"column":117}},"locations":[{"start":{"line":364,"column":90},"end":{"line":364,"column":117}}]},"45":{"type":"branch","line":365,"loc":{"start":{"line":365,"column":20},"end":{"line":366,"column":112}},"locations":[{"start":{"line":365,"column":20},"end":{"line":366,"column":112}}]},"46":{"type":"branch","line":366,"loc":{"start":{"line":366,"column":23},"end":{"line":367,"column":15}},"locations":[{"start":{"line":366,"column":23},"end":{"line":367,"column":15}}]},"47":{"type":"branch","line":369,"loc":{"start":{"line":369,"column":13},"end":{"line":369,"column":37}},"locations":[{"start":{"line":369,"column":13},"end":{"line":369,"column":37}}]},"48":{"type":"branch","line":377,"loc":{"start":{"line":377,"column":19},"end":{"line":377,"column":43}},"locations":[{"start":{"line":377,"column":19},"end":{"line":377,"column":43}}]},"49":{"type":"branch","line":382,"loc":{"start":{"line":382,"column":33},"end":{"line":385,"column":5}},"locations":[{"start":{"line":382,"column":33},"end":{"line":385,"column":5}}]},"50":{"type":"branch","line":385,"loc":{"start":{"line":385,"column":4},"end":{"line":388,"column":35}},"locations":[{"start":{"line":385,"column":4},"end":{"line":388,"column":35}}]},"51":{"type":"branch","line":388,"loc":{"start":{"line":388,"column":35},"end":{"line":400,"column":5}},"locations":[{"start":{"line":388,"column":35},"end":{"line":400,"column":5}}]},"52":{"type":"branch","line":400,"loc":{"start":{"line":400,"column":4},"end":{"line":402,"column":31}},"locations":[{"start":{"line":400,"column":4},"end":{"line":402,"column":31}}]},"53":{"type":"branch","line":402,"loc":{"start":{"line":402,"column":31},"end":{"line":407,"column":5}},"locations":[{"start":{"line":402,"column":31},"end":{"line":407,"column":5}}]},"54":{"type":"branch","line":407,"loc":{"start":{"line":407,"column":4},"end":{"line":410,"column":50}},"locations":[{"start":{"line":407,"column":4},"end":{"line":410,"column":50}}]},"55":{"type":"branch","line":410,"loc":{"start":{"line":410,"column":50},"end":{"line":421,"column":5}},"locations":[{"start":{"line":410,"column":50},"end":{"line":421,"column":5}}]},"56":{"type":"branch","line":421,"loc":{"start":{"line":421,"column":4},"end":{"line":424,"column":34}},"locations":[{"start":{"line":421,"column":4},"end":{"line":424,"column":34}}]},"57":{"type":"branch","line":424,"loc":{"start":{"line":424,"column":23},"end":{"line":424,"column":67}},"locations":[{"start":{"line":424,"column":23},"end":{"line":424,"column":67}}]},"58":{"type":"branch","line":424,"loc":{"start":{"line":424,"column":67},"end":{"line":445,"column":5}},"locations":[{"start":{"line":424,"column":67},"end":{"line":445,"column":5}}]},"59":{"type":"branch","line":425,"loc":{"start":{"line":425,"column":15},"end":{"line":425,"column":81}},"locations":[{"start":{"line":425,"column":15},"end":{"line":425,"column":81}}]},"60":{"type":"branch","line":445,"loc":{"start":{"line":445,"column":4},"end":{"line":452,"column":48}},"locations":[{"start":{"line":445,"column":4},"end":{"line":452,"column":48}}]},"61":{"type":"branch","line":452,"loc":{"start":{"line":452,"column":48},"end":{"line":668,"column":29}},"locations":[{"start":{"line":452,"column":48},"end":{"line":668,"column":29}}]},"62":{"type":"branch","line":452,"loc":{"start":{"line":452,"column":48},"end":{"line":664,"column":5}},"locations":[{"start":{"line":452,"column":48},"end":{"line":664,"column":5}}]},"63":{"type":"branch","line":454,"loc":{"start":{"line":454,"column":33},"end":{"line":454,"column":107}},"locations":[{"start":{"line":454,"column":33},"end":{"line":454,"column":107}}]},"64":{"type":"branch","line":539,"loc":{"start":{"line":539,"column":7},"end":{"line":547,"column":42}},"locations":[{"start":{"line":539,"column":7},"end":{"line":547,"column":42}}]},"65":{"type":"branch","line":547,"loc":{"start":{"line":547,"column":25},"end":{"line":547,"column":86}},"locations":[{"start":{"line":547,"column":25},"end":{"line":547,"column":86}}]},"66":{"type":"branch","line":547,"loc":{"start":{"line":547,"column":84},"end":{"line":548,"column":34}},"locations":[{"start":{"line":547,"column":84},"end":{"line":548,"column":34}}]},"67":{"type":"branch","line":548,"loc":{"start":{"line":548,"column":34},"end":{"line":550,"column":7}},"locations":[{"start":{"line":548,"column":34},"end":{"line":550,"column":7}}]},"68":{"type":"branch","line":550,"loc":{"start":{"line":550,"column":6},"end":{"line":554,"column":25}},"locations":[{"start":{"line":550,"column":6},"end":{"line":554,"column":25}}]},"69":{"type":"branch","line":554,"loc":{"start":{"line":554,"column":25},"end":{"line":576,"column":7}},"locations":[{"start":{"line":554,"column":25},"end":{"line":576,"column":7}}]},"70":{"type":"branch","line":560,"loc":{"start":{"line":560,"column":33},"end":{"line":565,"column":9}},"locations":[{"start":{"line":560,"column":33},"end":{"line":565,"column":9}}]},"71":{"type":"branch","line":567,"loc":{"start":{"line":567,"column":86},"end":{"line":572,"column":9}},"locations":[{"start":{"line":567,"column":86},"end":{"line":572,"column":9}}]},"72":{"type":"branch","line":568,"loc":{"start":{"line":568,"column":19},"end":{"line":568,"column":80}},"locations":[{"start":{"line":568,"column":19},"end":{"line":568,"column":80}}]},"73":{"type":"branch","line":572,"loc":{"start":{"line":572,"column":8},"end":{"line":576,"column":7}},"locations":[{"start":{"line":572,"column":8},"end":{"line":576,"column":7}}]},"74":{"type":"branch","line":576,"loc":{"start":{"line":576,"column":6},"end":{"line":578,"column":34}},"locations":[{"start":{"line":576,"column":6},"end":{"line":578,"column":34}}]},"75":{"type":"branch","line":578,"loc":{"start":{"line":578,"column":34},"end":{"line":581,"column":7}},"locations":[{"start":{"line":578,"column":34},"end":{"line":581,"column":7}}]},"76":{"type":"branch","line":581,"loc":{"start":{"line":581,"column":6},"end":{"line":584,"column":53}},"locations":[{"start":{"line":581,"column":6},"end":{"line":584,"column":53}}]},"77":{"type":"branch","line":584,"loc":{"start":{"line":584,"column":34},"end":{"line":584,"column":75}},"locations":[{"start":{"line":584,"column":34},"end":{"line":584,"column":75}}]},"78":{"type":"branch","line":602,"loc":{"start":{"line":602,"column":6},"end":{"line":617,"column":24}},"locations":[{"start":{"line":602,"column":6},"end":{"line":617,"column":24}}]},"79":{"type":"branch","line":617,"loc":{"start":{"line":617,"column":24},"end":{"line":625,"column":7}},"locations":[{"start":{"line":617,"column":24},"end":{"line":625,"column":7}}]},"80":{"type":"branch","line":620,"loc":{"start":{"line":620,"column":68},"end":{"line":620,"column":82}},"locations":[{"start":{"line":620,"column":68},"end":{"line":620,"column":82}}]},"81":{"type":"branch","line":625,"loc":{"start":{"line":625,"column":6},"end":{"line":628,"column":76}},"locations":[{"start":{"line":625,"column":6},"end":{"line":628,"column":76}}]},"82":{"type":"branch","line":625,"loc":{"start":{"line":625,"column":6},"end":{"line":628,"column":38}},"locations":[{"start":{"line":625,"column":6},"end":{"line":628,"column":38}}]},"83":{"type":"branch","line":628,"loc":{"start":{"line":628,"column":27},"end":{"line":628,"column":76}},"locations":[{"start":{"line":628,"column":27},"end":{"line":628,"column":76}}]},"84":{"type":"branch","line":628,"loc":{"start":{"line":628,"column":76},"end":{"line":630,"column":7}},"locations":[{"start":{"line":628,"column":76},"end":{"line":630,"column":7}}]},"85":{"type":"branch","line":630,"loc":{"start":{"line":630,"column":6},"end":{"line":633,"column":25}},"locations":[{"start":{"line":630,"column":6},"end":{"line":633,"column":25}}]},"86":{"type":"branch","line":633,"loc":{"start":{"line":633,"column":25},"end":{"line":643,"column":7}},"locations":[{"start":{"line":633,"column":25},"end":{"line":643,"column":7}}]},"87":{"type":"branch","line":643,"loc":{"start":{"line":643,"column":6},"end":{"line":650,"column":43}},"locations":[{"start":{"line":643,"column":6},"end":{"line":650,"column":43}}]},"88":{"type":"branch","line":650,"loc":{"start":{"line":650,"column":43},"end":{"line":661,"column":7}},"locations":[{"start":{"line":650,"column":43},"end":{"line":661,"column":7}}]},"89":{"type":"branch","line":661,"loc":{"start":{"line":661,"column":6},"end":{"line":664,"column":5}},"locations":[{"start":{"line":661,"column":6},"end":{"line":664,"column":5}}]},"90":{"type":"branch","line":664,"loc":{"start":{"line":664,"column":4},"end":{"line":668,"column":29}},"locations":[{"start":{"line":664,"column":4},"end":{"line":668,"column":29}}]},"91":{"type":"branch","line":668,"loc":{"start":{"line":668,"column":29},"end":{"line":671,"column":5}},"locations":[{"start":{"line":668,"column":29},"end":{"line":671,"column":5}}]},"92":{"type":"branch","line":434,"loc":{"start":{"line":434,"column":28},"end":{"line":437,"column":11}},"locations":[{"start":{"line":434,"column":28},"end":{"line":437,"column":11}}]},"93":{"type":"branch","line":435,"loc":{"start":{"line":435,"column":49},"end":{"line":435,"column":101}},"locations":[{"start":{"line":435,"column":49},"end":{"line":435,"column":101}}]},"94":{"type":"branch","line":435,"loc":{"start":{"line":435,"column":95},"end":{"line":435,"column":104}},"locations":[{"start":{"line":435,"column":95},"end":{"line":435,"column":104}}]},"95":{"type":"branch","line":462,"loc":{"start":{"line":462,"column":86},"end":{"line":539,"column":7}},"locations":[{"start":{"line":462,"column":86},"end":{"line":539,"column":7}}]},"96":{"type":"branch","line":537,"loc":{"start":{"line":537,"column":31},"end":{"line":537,"column":93}},"locations":[{"start":{"line":537,"column":31},"end":{"line":537,"column":93}}]},"97":{"type":"branch","line":537,"loc":{"start":{"line":537,"column":91},"end":{"line":538,"column":30}},"locations":[{"start":{"line":537,"column":91},"end":{"line":538,"column":30}}]},"98":{"type":"branch","line":466,"loc":{"start":{"line":466,"column":78},"end":{"line":535,"column":9}},"locations":[{"start":{"line":466,"column":78},"end":{"line":535,"column":9}}]},"99":{"type":"branch","line":468,"loc":{"start":{"line":468,"column":12},"end":{"line":530,"column":14}},"locations":[{"start":{"line":468,"column":12},"end":{"line":530,"column":14}}]},"100":{"type":"branch","line":473,"loc":{"start":{"line":473,"column":36},"end":{"line":515,"column":16}},"locations":[{"start":{"line":473,"column":36},"end":{"line":515,"column":16}}]},"101":{"type":"branch","line":481,"loc":{"start":{"line":481,"column":20},"end":{"line":513,"column":17}},"locations":[{"start":{"line":481,"column":20},"end":{"line":513,"column":17}}]},"102":{"type":"branch","line":482,"loc":{"start":{"line":482,"column":37},"end":{"line":482,"column":65}},"locations":[{"start":{"line":482,"column":37},"end":{"line":482,"column":65}}]},"103":{"type":"branch","line":482,"loc":{"start":{"line":482,"column":65},"end":{"line":485,"column":29}},"locations":[{"start":{"line":482,"column":65},"end":{"line":485,"column":29}}]},"104":{"type":"branch","line":483,"loc":{"start":{"line":483,"column":29},"end":{"line":483,"column":56}},"locations":[{"start":{"line":483,"column":29},"end":{"line":483,"column":56}}]},"105":{"type":"branch","line":485,"loc":{"start":{"line":485,"column":18},"end":{"line":512,"column":19}},"locations":[{"start":{"line":485,"column":18},"end":{"line":512,"column":19}}]},"106":{"type":"branch","line":485,"loc":{"start":{"line":485,"column":63},"end":{"line":491,"column":29}},"locations":[{"start":{"line":485,"column":63},"end":{"line":491,"column":29}}]},"107":{"type":"branch","line":491,"loc":{"start":{"line":491,"column":18},"end":{"line":512,"column":19}},"locations":[{"start":{"line":491,"column":18},"end":{"line":512,"column":19}}]},"108":{"type":"branch","line":491,"loc":{"start":{"line":491,"column":63},"end":{"line":512,"column":19}},"locations":[{"start":{"line":491,"column":63},"end":{"line":512,"column":19}}]},"109":{"type":"branch","line":491,"loc":{"start":{"line":491,"column":63},"end":{"line":494,"column":29}},"locations":[{"start":{"line":491,"column":63},"end":{"line":494,"column":29}}]},"110":{"type":"branch","line":493,"loc":{"start":{"line":493,"column":51},"end":{"line":493,"column":70}},"locations":[{"start":{"line":493,"column":51},"end":{"line":493,"column":70}}]},"111":{"type":"branch","line":494,"loc":{"start":{"line":494,"column":18},"end":{"line":512,"column":19}},"locations":[{"start":{"line":494,"column":18},"end":{"line":512,"column":19}}]},"112":{"type":"branch","line":494,"loc":{"start":{"line":494,"column":61},"end":{"line":508,"column":29}},"locations":[{"start":{"line":494,"column":61},"end":{"line":508,"column":29}}]},"113":{"type":"branch","line":501,"loc":{"start":{"line":501,"column":50},"end":{"line":501,"column":62}},"locations":[{"start":{"line":501,"column":50},"end":{"line":501,"column":62}}]},"114":{"type":"branch","line":503,"loc":{"start":{"line":503,"column":22},"end":{"line":506,"column":23}},"locations":[{"start":{"line":503,"column":22},"end":{"line":506,"column":23}}]},"115":{"type":"branch","line":505,"loc":{"start":{"line":505,"column":56},"end":{"line":505,"column":111}},"locations":[{"start":{"line":505,"column":56},"end":{"line":505,"column":111}}]},"116":{"type":"branch","line":508,"loc":{"start":{"line":508,"column":18},"end":{"line":512,"column":19}},"locations":[{"start":{"line":508,"column":18},"end":{"line":512,"column":19}}]},"117":{"type":"branch","line":509,"loc":{"start":{"line":509,"column":46},"end":{"line":509,"column":93}},"locations":[{"start":{"line":509,"column":46},"end":{"line":509,"column":93}}]},"118":{"type":"branch","line":510,"loc":{"start":{"line":510,"column":63},"end":{"line":510,"column":81}},"locations":[{"start":{"line":510,"column":63},"end":{"line":510,"column":81}}]},"119":{"type":"branch","line":510,"loc":{"start":{"line":510,"column":87},"end":{"line":510,"column":104}},"locations":[{"start":{"line":510,"column":87},"end":{"line":510,"column":104}}]},"120":{"type":"branch","line":513,"loc":{"start":{"line":513,"column":16},"end":{"line":514,"column":88}},"locations":[{"start":{"line":513,"column":16},"end":{"line":514,"column":88}}]},"121":{"type":"branch","line":517,"loc":{"start":{"line":517,"column":56},"end":{"line":527,"column":15}},"locations":[{"start":{"line":517,"column":56},"end":{"line":527,"column":15}}]},"122":{"type":"branch","line":605,"loc":{"start":{"line":605,"column":67},"end":{"line":610,"column":8}},"locations":[{"start":{"line":605,"column":67},"end":{"line":610,"column":8}}]},"123":{"type":"branch","line":607,"loc":{"start":{"line":607,"column":36},"end":{"line":607,"column":51}},"locations":[{"start":{"line":607,"column":36},"end":{"line":607,"column":51}}]},"124":{"type":"branch","line":676,"loc":{"start":{"line":676,"column":10},"end":{"line":691,"column":3}},"locations":[{"start":{"line":676,"column":10},"end":{"line":691,"column":3}}]},"125":{"type":"branch","line":680,"loc":{"start":{"line":680,"column":30},"end":{"line":690,"column":5}},"locations":[{"start":{"line":680,"column":30},"end":{"line":690,"column":5}}]},"126":{"type":"branch","line":693,"loc":{"start":{"line":693,"column":2},"end":{"line":733,"column":3}},"locations":[{"start":{"line":693,"column":2},"end":{"line":733,"column":3}}]},"127":{"type":"branch","line":697,"loc":{"start":{"line":697,"column":16},"end":{"line":697,"column":58}},"locations":[{"start":{"line":697,"column":16},"end":{"line":697,"column":58}}]},"128":{"type":"branch","line":697,"loc":{"start":{"line":697,"column":58},"end":{"line":697,"column":65}},"locations":[{"start":{"line":697,"column":58},"end":{"line":697,"column":65}}]},"129":{"type":"branch","line":697,"loc":{"start":{"line":697,"column":58},"end":{"line":732,"column":5}},"locations":[{"start":{"line":697,"column":58},"end":{"line":732,"column":5}}]},"130":{"type":"branch","line":697,"loc":{"start":{"line":697,"column":58},"end":{"line":706,"column":42}},"locations":[{"start":{"line":697,"column":58},"end":{"line":706,"column":42}}]},"131":{"type":"branch","line":706,"loc":{"start":{"line":706,"column":35},"end":{"line":706,"column":42}},"locations":[{"start":{"line":706,"column":35},"end":{"line":706,"column":42}}]},"132":{"type":"branch","line":706,"loc":{"start":{"line":706,"column":35},"end":{"line":726,"column":27}},"locations":[{"start":{"line":706,"column":35},"end":{"line":726,"column":27}}]},"133":{"type":"branch","line":726,"loc":{"start":{"line":726,"column":27},"end":{"line":730,"column":11}},"locations":[{"start":{"line":726,"column":27},"end":{"line":730,"column":11}}]},"134":{"type":"branch","line":730,"loc":{"start":{"line":730,"column":4},"end":{"line":732,"column":5}},"locations":[{"start":{"line":730,"column":4},"end":{"line":732,"column":5}}]},"135":{"type":"branch","line":701,"loc":{"start":{"line":701,"column":8},"end":{"line":702,"column":116}},"locations":[{"start":{"line":701,"column":8},"end":{"line":702,"column":116}}]},"136":{"type":"branch","line":702,"loc":{"start":{"line":702,"column":23},"end":{"line":702,"column":57}},"locations":[{"start":{"line":702,"column":23},"end":{"line":702,"column":57}}]},"137":{"type":"branch","line":704,"loc":{"start":{"line":704,"column":11},"end":{"line":704,"column":73}},"locations":[{"start":{"line":704,"column":11},"end":{"line":704,"column":73}}]},"138":{"type":"branch","line":710,"loc":{"start":{"line":710,"column":23},"end":{"line":718,"column":7}},"locations":[{"start":{"line":710,"column":23},"end":{"line":718,"column":7}}]},"139":{"type":"branch","line":711,"loc":{"start":{"line":711,"column":35},"end":{"line":714,"column":15}},"locations":[{"start":{"line":711,"column":35},"end":{"line":714,"column":15}}]},"140":{"type":"branch","line":721,"loc":{"start":{"line":721,"column":37},"end":{"line":721,"column":53}},"locations":[{"start":{"line":721,"column":37},"end":{"line":721,"column":53}}]},"141":{"type":"branch","line":731,"loc":{"start":{"line":731,"column":60},"end":{"line":731,"column":73}},"locations":[{"start":{"line":731,"column":60},"end":{"line":731,"column":73}}]},"142":{"type":"branch","line":763,"loc":{"start":{"line":763,"column":2},"end":{"line":790,"column":3}},"locations":[{"start":{"line":763,"column":2},"end":{"line":790,"column":3}}]},"143":{"type":"branch","line":769,"loc":{"start":{"line":769,"column":9},"end":{"line":769,"column":67}},"locations":[{"start":{"line":769,"column":9},"end":{"line":769,"column":67}}]},"144":{"type":"branch","line":769,"loc":{"start":{"line":769,"column":67},"end":{"line":780,"column":66}},"locations":[{"start":{"line":769,"column":67},"end":{"line":780,"column":66}}]},"145":{"type":"branch","line":780,"loc":{"start":{"line":780,"column":66},"end":{"line":789,"column":5}},"locations":[{"start":{"line":780,"column":66},"end":{"line":789,"column":5}}]},"146":{"type":"branch","line":795,"loc":{"start":{"line":795,"column":2},"end":{"line":822,"column":3}},"locations":[{"start":{"line":795,"column":2},"end":{"line":822,"column":3}}]},"147":{"type":"branch","line":798,"loc":{"start":{"line":798,"column":26},"end":{"line":821,"column":5}},"locations":[{"start":{"line":798,"column":26},"end":{"line":821,"column":5}}]},"148":{"type":"branch","line":799,"loc":{"start":{"line":799,"column":29},"end":{"line":811,"column":17}},"locations":[{"start":{"line":799,"column":29},"end":{"line":811,"column":17}}]},"149":{"type":"branch","line":800,"loc":{"start":{"line":800,"column":14},"end":{"line":800,"column":55}},"locations":[{"start":{"line":800,"column":14},"end":{"line":800,"column":55}}]},"150":{"type":"branch","line":800,"loc":{"start":{"line":800,"column":55},"end":{"line":808,"column":15}},"locations":[{"start":{"line":800,"column":55},"end":{"line":808,"column":15}}]},"151":{"type":"branch","line":808,"loc":{"start":{"line":808,"column":8},"end":{"line":810,"column":9}},"locations":[{"start":{"line":808,"column":8},"end":{"line":810,"column":9}}]},"152":{"type":"branch","line":811,"loc":{"start":{"line":811,"column":6},"end":{"line":820,"column":7}},"locations":[{"start":{"line":811,"column":6},"end":{"line":820,"column":7}}]},"153":{"type":"branch","line":813,"loc":{"start":{"line":813,"column":23},"end":{"line":813,"column":70}},"locations":[{"start":{"line":813,"column":23},"end":{"line":813,"column":70}}]},"154":{"type":"branch","line":814,"loc":{"start":{"line":814,"column":25},"end":{"line":818,"column":9}},"locations":[{"start":{"line":814,"column":25},"end":{"line":818,"column":9}}]},"155":{"type":"branch","line":801,"loc":{"start":{"line":801,"column":62},"end":{"line":806,"column":12}},"locations":[{"start":{"line":801,"column":62},"end":{"line":806,"column":12}}]},"156":{"type":"branch","line":803,"loc":{"start":{"line":803,"column":28},"end":{"line":803,"column":46}},"locations":[{"start":{"line":803,"column":28},"end":{"line":803,"column":46}}]},"157":{"type":"branch","line":825,"loc":{"start":{"line":825,"column":2},"end":{"line":858,"column":3}},"locations":[{"start":{"line":825,"column":2},"end":{"line":858,"column":3}}]},"158":{"type":"branch","line":826,"loc":{"start":{"line":826,"column":53},"end":{"line":857,"column":5}},"locations":[{"start":{"line":826,"column":53},"end":{"line":857,"column":5}}]},"159":{"type":"branch","line":827,"loc":{"start":{"line":827,"column":41},"end":{"line":829,"column":7}},"locations":[{"start":{"line":827,"column":41},"end":{"line":829,"column":7}}]},"160":{"type":"branch","line":829,"loc":{"start":{"line":829,"column":6},"end":{"line":854,"column":46}},"locations":[{"start":{"line":829,"column":6},"end":{"line":854,"column":46}}]},"161":{"type":"branch","line":854,"loc":{"start":{"line":854,"column":41},"end":{"line":854,"column":76}},"locations":[{"start":{"line":854,"column":41},"end":{"line":854,"column":76}}]},"162":{"type":"branch","line":854,"loc":{"start":{"line":854,"column":46},"end":{"line":854,"column":86}},"locations":[{"start":{"line":854,"column":46},"end":{"line":854,"column":86}}]},"163":{"type":"branch","line":855,"loc":{"start":{"line":855,"column":46},"end":{"line":855,"column":86}},"locations":[{"start":{"line":855,"column":46},"end":{"line":855,"column":86}}]},"164":{"type":"branch","line":855,"loc":{"start":{"line":855,"column":51},"end":{"line":855,"column":96}},"locations":[{"start":{"line":855,"column":51},"end":{"line":855,"column":96}}]},"165":{"type":"branch","line":834,"loc":{"start":{"line":834,"column":16},"end":{"line":834,"column":87}},"locations":[{"start":{"line":834,"column":16},"end":{"line":834,"column":87}}]},"166":{"type":"branch","line":835,"loc":{"start":{"line":835,"column":13},"end":{"line":835,"column":26}},"locations":[{"start":{"line":835,"column":13},"end":{"line":835,"column":26}}]},"167":{"type":"branch","line":839,"loc":{"start":{"line":839,"column":16},"end":{"line":839,"column":95}},"locations":[{"start":{"line":839,"column":16},"end":{"line":839,"column":95}}]},"168":{"type":"branch","line":840,"loc":{"start":{"line":840,"column":13},"end":{"line":840,"column":90}},"locations":[{"start":{"line":840,"column":13},"end":{"line":840,"column":90}}]},"169":{"type":"branch","line":843,"loc":{"start":{"line":843,"column":16},"end":{"line":843,"column":69}},"locations":[{"start":{"line":843,"column":16},"end":{"line":843,"column":69}}]},"170":{"type":"branch","line":844,"loc":{"start":{"line":844,"column":13},"end":{"line":849,"column":10}},"locations":[{"start":{"line":844,"column":13},"end":{"line":849,"column":10}}]}},"b":{"0":[50],"1":[0],"2":[35],"3":[1],"4":[1],"5":[1],"6":[1],"7":[1],"8":[1],"9":[1],"10":[1],"11":[1],"12":[1],"13":[0],"14":[1],"15":[2],"16":[1],"17":[0],"18":[0],"19":[0],"20":[0],"21":[9],"22":[1],"23":[4],"24":[1],"25":[2],"26":[1],"27":[2],"28":[7],"29":[1],"30":[1],"31":[1],"32":[0],"33":[1],"34":[0],"35":[2],"36":[3],"37":[2],"38":[1],"39":[41],"40":[1],"41":[0],"42":[40],"43":[39],"44":[39],"45":[2],"46":[38],"47":[1],"48":[40],"49":[0],"50":[40],"51":[0],"52":[40],"53":[0],"54":[40],"55":[0],"56":[40],"57":[31],"58":[1],"59":[0],"60":[40],"61":[43],"62":[49],"63":[0],"64":[46],"65":[26],"66":[46],"67":[10],"68":[46],"69":[26],"70":[0],"71":[1],"72":[0],"73":[25],"74":[45],"75":[36],"76":[9],"77":[0],"78":[9],"79":[1],"80":[0],"81":[19],"82":[9],"83":[6],"84":[0],"85":[9],"86":[0],"87":[9],"88":[0],"89":[9],"90":[46],"91":[36],"92":[2],"93":[1],"94":[1],"95":[49],"96":[3],"97":[46],"98":[49],"99":[49],"100":[49],"101":[62],"102":[29],"103":[29],"104":[2],"105":[33],"106":[10],"107":[23],"108":[20],"109":[10],"110":[0],"111":[13],"112":[10],"113":[0],"114":[1],"115":[0],"116":[3],"117":[0],"118":[0],"119":[0],"120":[46],"121":[49],"122":[10],"123":[0],"124":[1],"125":[0],"126":[9],"127":[7],"128":[8],"129":[3],"130":[1],"131":[0],"132":[1],"133":[0],"134":[1],"135":[1],"136":[0],"137":[1],"138":[1],"139":[0],"140":[1],"141":[1],"142":[9],"143":[0],"144":[0],"145":[0],"146":[4],"147":[7],"148":[4],"149":[1],"150":[1],"151":[3],"152":[3],"153":[2],"154":[1],"155":[1],"156":[0],"157":[8],"158":[9],"159":[4],"160":[5],"161":[1],"162":[4],"163":[1],"164":[4],"165":[5],"166":[3],"167":[5],"168":[1],"169":[5],"170":[1]},"fnMap":{"0":{"name":"Agent","decl":{"start":{"line":109,"column":2},"end":{"line":148,"column":3}},"loc":{"start":{"line":109,"column":2},"end":{"line":148,"column":3}},"line":109},"1":{"name":"setWatcher","decl":{"start":{"line":152,"column":2},"end":{"line":154,"column":3}},"loc":{"start":{"line":152,"column":2},"end":{"line":154,"column":3}},"line":152},"2":{"name":"setVerificationPipeline","decl":{"start":{"line":155,"column":2},"end":{"line":157,"column":3}},"loc":{"start":{"line":155,"column":2},"end":{"line":157,"column":3}},"line":155},"3":{"name":"get pendingFeedback","decl":{"start":{"line":159,"column":2},"end":{"line":161,"column":3}},"loc":{"start":{"line":159,"column":2},"end":{"line":161,"column":3}},"line":159},"4":{"name":"getLLMClient","decl":{"start":{"line":163,"column":2},"end":{"line":165,"column":3}},"loc":{"start":{"line":163,"column":2},"end":{"line":165,"column":3}},"line":163},"5":{"name":"getReflexionEngine","decl":{"start":{"line":166,"column":2},"end":{"line":168,"column":3}},"loc":{"start":{"line":166,"column":2},"end":{"line":168,"column":3}},"line":166},"6":{"name":"getPlanner","decl":{"start":{"line":169,"column":2},"end":{"line":171,"column":3}},"loc":{"start":{"line":169,"column":2},"end":{"line":171,"column":3}},"line":169},"7":{"name":"getTracer","decl":{"start":{"line":174,"column":2},"end":{"line":176,"column":3}},"loc":{"start":{"line":174,"column":2},"end":{"line":176,"column":3}},"line":174},"8":{"name":"getCircuitBreakerManager","decl":{"start":{"line":177,"column":2},"end":{"line":179,"column":3}},"loc":{"start":{"line":177,"column":2},"end":{"line":179,"column":3}},"line":177},"9":{"name":"getGateway","decl":{"start":{"line":180,"column":2},"end":{"line":182,"column":3}},"loc":{"start":{"line":180,"column":2},"end":{"line":182,"column":3}},"line":180},"10":{"name":"getCurrentTraceId","decl":{"start":{"line":183,"column":2},"end":{"line":185,"column":3}},"loc":{"start":{"line":183,"column":2},"end":{"line":185,"column":3}},"line":183},"11":{"name":"getHarnessStatus","decl":{"start":{"line":187,"column":2},"end":{"line":220,"column":3}},"loc":{"start":{"line":187,"column":2},"end":{"line":220,"column":3}},"line":187},"12":{"name":"getClosedLoopStatus","decl":{"start":{"line":222,"column":2},"end":{"line":261,"column":3}},"loc":{"start":{"line":222,"column":2},"end":{"line":261,"column":3}},"line":222},"13":{"name":"setCallbacks","decl":{"start":{"line":263,"column":2},"end":{"line":265,"column":3}},"loc":{"start":{"line":263,"column":2},"end":{"line":265,"column":3}},"line":263},"14":{"name":"get apiKeySet","decl":{"start":{"line":266,"column":2},"end":{"line":268,"column":3}},"loc":{"start":{"line":266,"column":2},"end":{"line":268,"column":3}},"line":266},"15":{"name":"getTokenUsage","decl":{"start":{"line":269,"column":2},"end":{"line":271,"column":3}},"loc":{"start":{"line":269,"column":2},"end":{"line":271,"column":3}},"line":269},"16":{"name":"saveCheckpoint","decl":{"start":{"line":273,"column":2},"end":{"line":276,"column":3}},"loc":{"start":{"line":273,"column":2},"end":{"line":276,"column":3}},"line":273},"17":{"name":"restoreCheckpoint","decl":{"start":{"line":278,"column":2},"end":{"line":283,"column":3}},"loc":{"start":{"line":278,"column":2},"end":{"line":283,"column":3}},"line":278},"18":{"name":"get checkpointCount","decl":{"start":{"line":285,"column":2},"end":{"line":287,"column":3}},"loc":{"start":{"line":285,"column":2},"end":{"line":287,"column":3}},"line":285},"19":{"name":"reset","decl":{"start":{"line":289,"column":2},"end":{"line":295,"column":3}},"loc":{"start":{"line":289,"column":2},"end":{"line":295,"column":3}},"line":289},"20":{"name":"answerQuestion","decl":{"start":{"line":297,"column":2},"end":{"line":299,"column":3}},"loc":{"start":{"line":297,"column":2},"end":{"line":299,"column":3}},"line":297},"21":{"name":"cancelQuestion","decl":{"start":{"line":301,"column":2},"end":{"line":303,"column":3}},"loc":{"start":{"line":301,"column":2},"end":{"line":303,"column":3}},"line":301},"22":{"name":"cancelRunningTools","decl":{"start":{"line":305,"column":2},"end":{"line":307,"column":3}},"loc":{"start":{"line":305,"column":2},"end":{"line":307,"column":3}},"line":305},"23":{"name":"stopThinking","decl":{"start":{"line":312,"column":2},"end":{"line":318,"column":3}},"loc":{"start":{"line":312,"column":2},"end":{"line":318,"column":3}},"line":312},"24":{"name":"get isThinking","decl":{"start":{"line":320,"column":2},"end":{"line":322,"column":3}},"loc":{"start":{"line":320,"column":2},"end":{"line":322,"column":3}},"line":320},"25":{"name":"get waitingForAnswer","decl":{"start":{"line":324,"column":2},"end":{"line":326,"column":3}},"loc":{"start":{"line":324,"column":2},"end":{"line":326,"column":3}},"line":324},"26":{"name":"recordToolCall","decl":{"start":{"line":330,"column":2},"end":{"line":332,"column":3}},"loc":{"start":{"line":330,"column":2},"end":{"line":332,"column":3}},"line":330},"27":{"name":"getToolStats","decl":{"start":{"line":334,"column":2},"end":{"line":336,"column":3}},"loc":{"start":{"line":334,"column":2},"end":{"line":336,"column":3}},"line":334},"28":{"name":"run","decl":{"start":{"line":340,"column":2},"end":{"line":672,"column":3}},"loc":{"start":{"line":340,"column":2},"end":{"line":672,"column":3}},"line":340},"29":{"name":"consumeStream","decl":{"start":{"line":473,"column":36},"end":{"line":515,"column":16}},"loc":{"start":{"line":473,"column":36},"end":{"line":515,"column":16}},"line":473},"30":{"name":"pushCancelledToolResults","decl":{"start":{"line":676,"column":10},"end":{"line":691,"column":3}},"loc":{"start":{"line":676,"column":10},"end":{"line":691,"column":3}},"line":676},"31":{"name":"runAutoVerify","decl":{"start":{"line":693,"column":2},"end":{"line":733,"column":3}},"loc":{"start":{"line":693,"column":2},"end":{"line":733,"column":3}},"line":693},"32":{"name":"runReflexion","decl":{"start":{"line":735,"column":2},"end":{"line":761,"column":3}},"loc":{"start":{"line":735,"column":2},"end":{"line":761,"column":3}},"line":735},"33":{"name":"runSelfCritique","decl":{"start":{"line":763,"column":2},"end":{"line":790,"column":3}},"loc":{"start":{"line":763,"column":2},"end":{"line":790,"column":3}},"line":763},"34":{"name":"loadMessages","decl":{"start":{"line":795,"column":2},"end":{"line":822,"column":3}},"loc":{"start":{"line":795,"column":2},"end":{"line":822,"column":3}},"line":795},"35":{"name":"exportMessages","decl":{"start":{"line":825,"column":2},"end":{"line":858,"column":3}},"loc":{"start":{"line":825,"column":2},"end":{"line":858,"column":3}},"line":825}},"f":{"0":50,"1":1,"2":1,"3":0,"4":1,"5":1,"6":1,"7":1,"8":1,"9":1,"10":1,"11":1,"12":1,"13":9,"14":1,"15":4,"16":1,"17":2,"18":2,"19":7,"20":1,"21":1,"22":1,"23":1,"24":2,"25":3,"26":2,"27":1,"28":41,"29":49,"30":1,"31":9,"32":0,"33":9,"34":4,"35":8}}
}
